Workload is generated
All browsers are created 
0 min, 0 second
No workload for second 0
0 min, 1 second
0 min, 2 second
User 50: milli: 895 url: "app2.yoville.com"
0 min, 3 second
User 96: milli: 705 url: "video-stats.video.google.com"
User 92: milli: 869 url: "digg.com"
0 min, 4 second
User 90: milli: 34 url: "a367.yahoofs.com"
User 50: milli: 446 url: "womenofyoutube.mevio.com"
User 92: milli: 939 url: "animecrazy.net"
0 min, 5 second
User 74: milli: 41 url: "video-stats.video.google.com"
User 92: milli: 258 url: "beliefnet.com"
User 96: milli: 342 url: "bs.serving-sys.com"
User 50: milli: 658 url: "tianya.cn"
0 min, 6 second
User 72: milli: 371 url: "video-stats.video.google.com"
User 90: milli: 477 url: "espn.go.com"
0 min, 7 second
User 96: milli: 5 url: "uncrate.com"
User 50: milli: 83 url: "130.webim0316.webim.myspace.com"
User 36: milli: 263 url: "photos-c.ak.fbcdn.net"
User 92: milli: 743 url: "kvraudio.com"
User 90: milli: 946 url: "facebook.com"
0 min, 8 second
User 90: milli: 69 url: "nba.com"
User 67: milli: 133 url: "server.as5000.com"
User 96: milli: 193 url: "arienh4.net.nyud.net"
User 72: milli: 336 url: "womenofyoutube.mevio.com"
User 92: milli: 467 url: "myyearbook.com"
User 36: milli: 922 url: "fe.brandreachsys.com"
User 74: milli: 995 url: "youtube.com"
0 min, 9 second
User 19: milli: 201 url: "photo.media.daum.net"
User 96: milli: 257 url: "forms.aweber.com"
User 50: milli: 582 url: "youtube.com"
User 92: milli: 771 url: "music.indiana.edu"
User 67: milli: 893 url: "imdb.com"
User 36: milli: 945 url: "d.tradex.openx.com"
0 min, 10 second
User 96: milli: 146 url: "arienh4.net.nyud.net"
User 90: milli: 329 url: "hcr.com"
User 92: milli: 466 url: "kvraudio.com"
User 36: milli: 525 url: "video-stats.video.google.com"
User 72: milli: 543 url: "rts.pgmediaserve.com"
User 19: milli: 801 url: "womenofyoutube.mevio.com"
User 29: milli: 961 url: "digg.com"
0 min, 11 second
User 19: milli: 231 url: "ad.insightexpressai.com"
User 56: milli: 337 url: "polls.polldaddy.com"
User 96: milli: 385 url: "naffy.avatar.yuku.com"
User 92: milli: 682 url: "youtube.com"
User 72: milli: 693 url: "openxxx.viragemedia.com"
User 90: milli: 869 url: "video-stats.video.google.com"
User 36: milli: 903 url: "informatics.indiana.edu"
0 min, 12 second
User 92: milli: 33 url: "kvraudio.com"
User 29: milli: 81 url: "view.atdmt.com"
User 36: milli: 133 url: "hcr.com"
User 96: milli: 710 url: "ads.brazzers.com"
User 72: milli: 726 url: "facebook.com"
User 1: milli: 915 url: "target.com"
0 min, 13 second
User 10: milli: 108 url: "ads.pubmatic.com"
User 1: milli: 130 url: "ad.doubleclick.net"
User 36: milli: 252 url: "s.xvideos.com"
User 19: milli: 392 url: "photo.media.daum.net"
User 50: milli: 403 url: "assoc-amazon.com"
User 92: milli: 616 url: "stumbleupon.com"
0 min, 14 second
User 1: milli: 225 url: "stanford.edu"
User 92: milli: 296 url: "94.103.92.145"
User 56: milli: 339 url: "pandora.com"
User 10: milli: 384 url: "womenofyoutube.mevio.com"
User 19: milli: 601 url: "nba.com"
User 29: milli: 844 url: "youtube.com"
User 0: milli: 933 url: "images.search.yahoo.com"
0 min, 15 second
User 29: milli: 191 url: "wowarmory.com"
User 74: milli: 296 url: "womenofyoutube.mevio.com"
User 56: milli: 492 url: "jiayuan.com"
User 10: milli: 522 url: "d.tradex.openx.com"
User 90: milli: 756 url: "imeem.com"
0 min, 16 second
User 13: milli: 127 url: "xjjh.com"
User 92: milli: 178 url: "odditycentral.com"
User 1: milli: 232 url: "stanford.edu"
User 36: milli: 542 url: "d.tradex.openx.com"
User 10: milli: 563 url: "webmail.aol.com"
0 min, 17 second
User 72: milli: 9 url: "bbs.20jh.net"
User 13: milli: 117 url: "washingtontimes.com"
User 88: milli: 172 url: "xjjh.com"
User 1: milli: 396 url: "mchoralhealth.org"
User 95: milli: 676 url: "studentdoctor.net"
User 36: milli: 930 url: "youtube.com"
0 min, 18 second
User 13: milli: 101 url: "d.tradex.openx.com"
User 67: milli: 169 url: "google.com"
User 95: milli: 227 url: "www418.megavideo.com"
User 10: milli: 742 url: "d.tradex.openx.com"
User 19: milli: 817 url: "atoz.ebsco.com"
User 36: milli: 988 url: "ad.sharethis.com"
0 min, 19 second
User 0: milli: 79 url: "weather.com"
User 13: milli: 94 url: "bs.serving-sys.com"
User 95: milli: 239 url: "worldlingo.com"
User 67: milli: 469 url: "target.com"
User 50: milli: 594 url: "video-stats.video.google.com"
User 64: milli: 626 url: "target.com"
User 56: milli: 683 url: "m1.2mdn.net"
User 10: milli: 814 url: "d.tradex.openx.com"
0 min, 20 second
User 64: milli: 389 url: "imeem.com"
User 13: milli: 502 url: "orkut.com"
User 1: milli: 559 url: "weather.com"
User 63: milli: 819 url: "espn-www.baynote.net"
User 88: milli: 838 url: "ads.brazzers.com"
User 56: milli: 938 url: "images.jiayuan.com"
User 10: milli: 985 url: "bs.serving-sys.com"
0 min, 21 second
User 10: milli: 137 url: "apps.facebook.com"
User 13: milli: 391 url: "adx.g.doubleclick.net"
User 92: milli: 421 url: "friends.myspace.com"
User 56: milli: 430 url: "t.mookie1.com"
User 0: milli: 434 url: "profootballtalk.nbcsports.com"
User 95: milli: 534 url: "img.vast.com"
User 64: milli: 558 url: "images.vodone.com"
User 1: milli: 916 url: "search.yahoo.com"
0 min, 22 second
User 64: milli: 19 url: "bs.serving-sys.com"
User 2: milli: 394 url: "d.tradex.openx.com"
User 13: milli: 749 url: "d.tradex.openx.com"
User 0: milli: 787 url: "sidereel.com"
User 95: milli: 958 url: "a367.yahoofs.com"
User 63: milli: 978 url: "ad.yieldmanager.com"
0 min, 23 second
User 96: milli: 128 url: "videogamesblogger.com"
User 13: milli: 215 url: "bid.openx.net"
User 10: milli: 534 url: "d.tradex.openx.com"
User 55: milli: 580 url: "video.od.visiblemeasures.com"
User 1: milli: 636 url: "youtube.com"
User 19: milli: 643 url: "tw.linkspot.search.yahoo.com"
User 92: milli: 884 url: "womenofyoutube.mevio.com"
0 min, 24 second
User 55: milli: 0 url: "sesamestats.com"
User 55 caused an error: ConnectionClosed

   0: failure::backtrace::internal::InternalBacktrace::new
             at /home/jethros/.cargo/registry/src/github.com-1ecc6299db9ec823/failure-0.1.8/src/backtrace/internal.rs:46
   1: failure::backtrace::Backtrace::new
             at /home/jethros/.cargo/registry/src/github.com-1ecc6299db9ec823/failure-0.1.8/src/backtrace/mod.rs:121
   2: <failure::error::error_impl::ErrorImpl as core::convert::From<F>>::from
             at /home/jethros/.cargo/registry/src/github.com-1ecc6299db9ec823/failure-0.1.8/src/error/error_impl.rs:19
   3: <failure::error::Error as core::convert::From<F>>::from
             at /home/jethros/.cargo/registry/src/github.com-1ecc6299db9ec823/failure-0.1.8/src/error/mod.rs:36
   4: <T as core::convert::Into<U>>::into
             at /home/jethros/.rustup/toolchains/nightly-2020-05-01-x86_64-unknown-linux-gnu/lib/rustlib/src/rust/src/libcore/convert/mod.rs:559
   5: headless_chrome::browser::transport::waiting_call_registry::WaitingCallRegistry::cancel_outstanding_method_calls
             at /home/jethros/.cargo/git/checkouts/rust-headless-chrome-64aacc558fc60af2/68c5a96/src/browser/transport/waiting_call_registry.rs:74
   6: headless_chrome::browser::transport::Transport::handle_incoming_messages::{{closure}}
             at /home/jethros/.cargo/git/checkouts/rust-headless-chrome-64aacc558fc60af2/68c5a96/src/browser/transport/mod.rs:343
   7: std::sys_common::backtrace::__rust_begin_short_backtrace
             at /home/jethros/.rustup/toolchains/nightly-2020-05-01-x86_64-unknown-linux-gnu/lib/rustlib/src/rust/src/libstd/sys_common/backtrace.rs:130
   8: std::thread::Builder::spawn_unchecked::{{closure}}::{{closure}}
             at /home/jethros/.rustup/toolchains/nightly-2020-05-01-x86_64-unknown-linux-gnu/lib/rustlib/src/rust/src/libstd/thread/mod.rs:475
   9: <std::panic::AssertUnwindSafe<F> as core::ops::function::FnOnce<()>>::call_once
             at /home/jethros/.rustup/toolchains/nightly-2020-05-01-x86_64-unknown-linux-gnu/lib/rustlib/src/rust/src/libstd/panic.rs:318
  10: std::panicking::try::do_call
             at /home/jethros/.rustup/toolchains/nightly-2020-05-01-x86_64-unknown-linux-gnu/lib/rustlib/src/rust/src/libstd/panicking.rs:297
  11: __rust_try
  12: std::panicking::try
             at /home/jethros/.rustup/toolchains/nightly-2020-05-01-x86_64-unknown-linux-gnu/lib/rustlib/src/rust/src/libstd/panicking.rs:274
  13: std::panic::catch_unwind
             at /home/jethros/.rustup/toolchains/nightly-2020-05-01-x86_64-unknown-linux-gnu/lib/rustlib/src/rust/src/libstd/panic.rs:394
  14: std::thread::Builder::spawn_unchecked::{{closure}}
             at /home/jethros/.rustup/toolchains/nightly-2020-05-01-x86_64-unknown-linux-gnu/lib/rustlib/src/rust/src/libstd/thread/mod.rs:474
  15: core::ops::function::FnOnce::call_once{{vtable.shim}}
             at /home/jethros/.rustup/toolchains/nightly-2020-05-01-x86_64-unknown-linux-gnu/lib/rustlib/src/rust/src/libcore/ops/function.rs:232
  16: <alloc::boxed::Box<F> as core::ops::function::FnOnce<A>>::call_once
             at /rustc/7ced01a730e8fc1bae2f8d4369c26812c0484da4/src/liballoc/boxed.rs:1034
      <alloc::boxed::Box<F> as core::ops::function::FnOnce<A>>::call_once
             at /rustc/7ced01a730e8fc1bae2f8d4369c26812c0484da4/src/liballoc/boxed.rs:1034
      std::sys::unix::thread::Thread::new::thread_start
             at /rustc/7ced01a730e8fc1bae2f8d4369c26812c0484da4/src/libstd/sys/unix/thread.rs:87
  17: start_thread
  18: __clone

User 88: milli: 146 url: "google.com"
User 43: milli: 181 url: "arienh4.net.nyud.net"
User 19: milli: 338 url: "google.com"
User 2: milli: 340 url: "d.tradex.openx.com"
User 13: milli: 598 url: "arienh4.net.nyud.net"
User 63: milli: 667 url: "yahoo.com"
User 80: milli: 741 url: "pn2.adserver.yahoo.com"
User 10: milli: 810 url: "ad.doubleclick.net"
0 min, 25 second
User 67: milli: 196 url: "ads.brazzers.com"
User 2: milli: 245 url: "mitbbs.com"
User 13: milli: 295 url: "promo.awempire.com"
User 1: milli: 359 url: "brightfutures.org"
User 90: milli: 361 url: "pubads.g.doubleclick.net"
User 72: milli: 468 url: "promo.awempire.com"
User 19: milli: 510 url: "169.webim0444.webim.myspace.com"
User 86: milli: 632 url: "cyimg.cyworld.com"
User 80: milli: 893 url: "amch.questionmarket.com"
User 64: milli: 905 url: "video-stats.video.google.com"
User 95: milli: 984 url: "worldlingo.com"
0 min, 26 second
User 19: milli: 91 url: "cdn.eyewonder.com"
User 96: milli: 184 url: "burstbeacon.com"
User 55: milli: 316 url: "slate.com"
User 67: milli: 381 url: "russianamerica.com"
User 50: milli: 420 url: "youtube.com"
User 2: milli: 584 url: "google.com"
User 13: milli: 861 url: "facebook.com"
User 95: milli: 862 url: "kbb.com"
User 10: milli: 874 url: "d.tradex.openx.com"
0 min, 27 second
User 19: milli: 66 url: "ad.yieldmanager.com"
User 67: milli: 302 url: "rockyou.com"
User 55: milli: 311 url: "blog.sina.com.cn"
User 43: milli: 323 url: "sesamestats.com"
User 86: milli: 339 url: "xp.trafficmp.com"
User 88: milli: 394 url: "cgi.4chan.org"
User 13: milli: 503 url: "secure-us.imrworldwide.com"
User 1: milli: 524 url: "core.insightexpressai.com"
User 2: milli: 556 url: "hcr.com"
User 16: milli: 725 url: "facebook.com"
User 63: milli: 863 url: "studentdoctor.net"
0 min, 28 second
User 55: milli: 126 url: "indystar.com"
User 76: milli: 151 url: "brightcove.vo.llnwd.net"
User 80: milli: 201 url: "video-stats.video.google.com"
User 16: milli: 312 url: "chacha.com"
User 72: milli: 347 url: "talenthunter.com"
User 88: milli: 456 url: "bbs.20jh.net"
User 63: milli: 594 url: "womenofyoutube.mevio.com"
User 19: milli: 741 url: "lakeland.k12.in.us"
User 2: milli: 997 url: "ad.globalinteractive.com"
0 min, 29 second
User 55: milli: 22 url: "youtube.com"
User 80: milli: 90 url: "tpc.googlesyndication.com"
User 19: milli: 103 url: "nytimes.com"
User 64: milli: 104 url: "imeem.com"
User 63: milli: 156 url: "sports.espn.go.com"
User 2: milli: 281 url: "d.tradex.openx.com"
User 67: milli: 381 url: "translation2.paralink.com"
User 11: milli: 824 url: "fe.brandreachsys.com"
0 min, 30 second
User 2: milli: 35 url: "arienh4.net.nyud.net"
User 80: milli: 64 url: "ads.brazzers.com"
User 86: milli: 195 url: "womenofyoutube.mevio.com"
User 63: milli: 498 url: "facebook.com"
User 92: milli: 556 url: "waterjet.net"
User 67: milli: 601 url: "video-stats.video.google.com"
User 16: milli: 646 url: "alpha.brand.sogou.com"
User 11: milli: 777 url: "a367.yahoofs.com"
0 min, 31 second
User 51: milli: 278 url: "mail.google.com"
User 63: milli: 395 url: "ads.studentdoctor.net"
User 2: milli: 525 url: "d.tradex.openx.com"
User 64: milli: 643 url: "twitter.com"
User 92: milli: 748 url: "google.com"
User 36: milli: 883 url: "d.tradex.openx.com"
0 min, 32 second
User 55: milli: 404 url: "womenofyoutube.mevio.com"
User 1: milli: 796 url: "s.xvideos.com"
User 32: milli: 845 url: "nba.com"
User 0: milli: 960 url: "static.addtoany.com"
User 16: milli: 962 url: "uesp.net"
User 2: milli: 976 url: "twosamplelogo.org"
User 67: milli: 977 url: "cnettv.cnet.com"
0 min, 33 second
User 67: milli: 90 url: "aan.amazon.com"
User 80: milli: 114 url: "adszooks.com"
User 2: milli: 204 url: "malware-url.com"
User 55: milli: 465 url: "ads.veldev.net"
User 32: milli: 592 url: "a367.yahoofs.com"
User 76: milli: 746 url: "southparkstudios.com"
User 36: milli: 848 url: "d.tradex.openx.com"
User 86: milli: 862 url: "br.fling.com"
User 11: milli: 937 url: "store.babeland.com"
0 min, 34 second
User 76: milli: 4 url: "washingtontimes.com"
User 55: milli: 301 url: "secure-us.imrworldwide.com"
User 86: milli: 312 url: "facebook.com"
User 67: milli: 416 url: "womenofyoutube.mevio.com"
User 64: milli: 432 url: "video-stats.video.google.com"
User 73: milli: 587 url: "video-stats.video.google.com"
User 36: milli: 666 url: "dataandsearch.org"
User 92: milli: 975 url: "music.indiana.edu"
User 32: milli: 981 url: "livejasmin.com"
0 min, 35 second
User 51: milli: 63 url: "womenofyoutube.mevio.com"
User 80: milli: 163 url: "afe.specificclick.net"
User 16: milli: 163 url: "aol.com"
User 32: milli: 423 url: "msn13.nasads.com"
User 87: milli: 598 url: "target.com"
User 86: milli: 980 url: "arienh4.net.nyud.net"
0 min, 36 second
User 72: milli: 61 url: "xvideos.com"
User 67: milli: 125 url: "core.insightexpressai.com"
User 32: milli: 306 url: "video-stats.video.google.com"
User 12: milli: 508 url: "bing.com"
User 87: milli: 578 url: "mail.google.com"
User 63: milli: 637 url: "count36.51yes.com"
User 51: milli: 758 url: "video.od.visiblemeasures.com"
User 76: milli: 808 url: "talenthunter.com"
User 90: milli: 851 url: "facebook.com"
User 73: milli: 992 url: "aim.com"
0 min, 37 second
User 50: milli: 43 url: "cdn.eyewonder.com"
User 73: milli: 204 url: "g2.ykimg.com"
User 76: milli: 305 url: "ib.adnxs.com"
User 51: milli: 458 url: "target.com"
User 1: milli: 557 url: "google.com"
User 32: milli: 582 url: "purseblog.com"
User 67: milli: 643 url: "google.com"
User 10: milli: 690 url: "d.tradex.openx.com"
User 92: milli: 729 url: "bks4.books.google.com"
User 16: milli: 872 url: "ads.brazzers.com"
0 min, 38 second
User 11: milli: 102 url: "hv3.webstat.com"
User 19: milli: 259 url: "facebook.com"
User 32: milli: 356 url: "sixsigmatraffic.com"
User 51: milli: 585 url: "bs.serving-sys.com"
User 91: milli: 654 url: "last.fm"
User 73: milli: 672 url: "us.cnn.com"
User 2: milli: 805 url: "facebook.com"
User 76: milli: 864 url: "xvideos.com"
User 80: milli: 878 url: "messaging.myspace.com"
0 min, 39 second
User 50: milli: 26 url: "google.com"
User 10: milli: 57 url: "d.tradex.openx.com"
User 0: milli: 107 url: "tags.bluekai.com"
User 32: milli: 109 url: "youjizz.com"
User 19: milli: 139 url: "tw.dictionary.yahoo.com"
User 51: milli: 204 url: "bing.com"
User 11: milli: 675 url: "google.com"
User 91: milli: 726 url: "womenofyoutube.mevio.com"
User 92: milli: 851 url: "bs.serving-sys.com"
User 72: milli: 893 url: "adframe.adpinion.com"
User 87: milli: 955 url: "ads.brazzers.com"
0 min, 40 second
User 12: milli: 12 url: "google.com"
User 91: milli: 14 url: "apple.com"
User 92: milli: 37 url: "kvraudio.com"
User 64: milli: 172 url: "assoc-amazon.com"
User 19: milli: 175 url: "static.awempire.com"
User 43: milli: 201 url: "br.fling.com"
User 32: milli: 240 url: "idsnews.com"
User 0: milli: 441 url: "core.insightexpressai.com"
User 96: milli: 586 url: "apple.com"
User 1: milli: 691 url: "youtube.com"
User 73: milli: 744 url: "ad.globalinteractive.com"
User 67: milli: 856 url: "vodguide.pps.tv"
0 min, 41 second
User 55: milli: 46 url: "search.yahoo.com"
User 51: milli: 49 url: "open.compassion-intl.com"
User 0: milli: 203 url: "blogs.nbcsports.com"
User 16: milli: 376 url: "cfs5.tistory.com"
User 50: milli: 388 url: "frenchlick.casinobonusplay.com"
User 64: milli: 561 url: "mail.google.com"
User 87: milli: 682 url: "secure-us.imrworldwide.com"
User 79: milli: 794 url: "blogs.msdn.com"
User 92: milli: 807 url: "kvraudio.com"
0 min, 42 second
User 87: milli: 20 url: "google.com"
User 12: milli: 49 url: "womenofyoutube.mevio.com"
User 91: milli: 101 url: "google.com"
User 64: milli: 159 url: "thelifefiles.com"
User 32: milli: 305 url: "hcr.com"
User 13: milli: 336 url: "d.tradex.openx.com"
User 11: milli: 584 url: "nike.com"
User 51: milli: 696 url: "gaiaonline.com"
User 50: milli: 870 url: "google.com"
0 min, 43 second
User 74: milli: 31 url: "ads.brazzers.com"
User 79: milli: 67 url: "rockyou.com"
User 92: milli: 105 url: "d.tradex.openx.com"
User 91: milli: 282 url: "msn.com"
User 11: milli: 298 url: "cs.lp.smartshopper.com"
User 51: milli: 311 url: "d.tradex.openx.com"
User 62: milli: 465 url: "server2.as5000.com"
User 73: milli: 499 url: "digg.com"
User 50: milli: 701 url: "frenchlick.casinobonusplay.com"
User 87: milli: 709 url: "youtube.com"
0 min, 44 second
User 32: milli: 191 url: "bs.serving-sys.com"
User 62: milli: 284 url: "spreadsheets.google.com"
User 79: milli: 397 url: "c.microsoft.com"
User 13: milli: 441 url: "ads.brazzers.com"
User 0: milli: 451 url: "s32.sitemeter.com"
User 11: milli: 501 url: "google.com"
User 73: milli: 541 url: "imgcache.qq.com"
User 74: milli: 906 url: "facebook.com"
User 64: milli: 921 url: "bbs.20jh.net"
User 51: milli: 995 url: "facebook.com"
0 min, 45 second
User 50: milli: 123 url: "static.slide.com"
User 38: milli: 142 url: "proquest.umi.com"
User 29: milli: 168 url: "worldofwarcraft.com"
User 63: milli: 272 url: "apple.com"
User 43: milli: 374 url: "bs.serving-sys.com"
User 56: milli: 398 url: "npr.org"
User 51: milli: 506 url: "hulu.com"
User 32: milli: 578 url: "trumba.com"
User 11: milli: 689 url: "stanford.edu"
User 79: milli: 873 url: "fconline.foundationcenter.org"
User 86: milli: 972 url: "hi.baidu.com"
0 min, 46 second
User 73: milli: 18 url: "tyrashow.warnerbros.com"
User 50: milli: 156 url: "img.4chan.org"
User 38: milli: 198 url: "ad.yieldmanager.com"
User 64: milli: 224 url: "video-stats.video.google.com"
User 74: milli: 418 url: "post.news.tom.com"
User 51: milli: 532 url: "cyworld.com"
User 67: milli: 770 url: "pandora.com"
User 11: milli: 789 url: "parents.com"
User 87: milli: 820 url: "video-stats.video.google.com"
User 79: milli: 915 url: "nl.storm8.com"
0 min, 47 second
User 79: milli: 87 url: "youtube.com"
User 50: milli: 295 url: "bloomingtonrestaurantguide.com"
User 86: milli: 297 url: "zales.com"
User 51: milli: 311 url: "verywed.com"
User 2: milli: 312 url: "flybase.org"
User 11: milli: 335 url: "ad.doubleclick.net"
User 62: milli: 336 url: "docs.google.com"
User 0: milli: 690 url: "penciloflight.deviantart.com"
User 12: milli: 896 url: "facebook.com"
User 91: milli: 939 url: "pages.sports.tom.com"
0 min, 48 second
User 92: milli: 12 url: "d.tradex.openx.com"
User 96: milli: 80 url: "nbcsports.msnbc.com"
User 51: milli: 88 url: "br.fling.com"
User 38: milli: 158 url: "proquest.umi.com"
User 18: milli: 316 url: "ww.yiwu114.com"
User 79: milli: 397 url: "cbs.com"
User 50: milli: 811 url: "bs.serving-sys.com"
User 76: milli: 867 url: "reviews.cnet.com"
User 80: milli: 942 url: "sidereel.com"
0 min, 49 second
User 72: milli: 109 url: "arienh4.net.nyud.net"
User 80: milli: 159 url: "arienh4.net.nyud.net"
User 0: milli: 188 url: "womenofyoutube.mevio.com"
User 79: milli: 289 url: "youtube.com"
User 38: milli: 359 url: "xp.trafficmp.com"
User 2: milli: 397 url: "ads.sexinyourcity.com"
User 96: milli: 429 url: "msn13.nasads.com"
User 18: milli: 554 url: "youtube.com"
User 11: milli: 559 url: "projectwonderful.com"
0 min, 50 second
User 64: milli: 295 url: "xjjh.com"
User 10: milli: 406 url: "msn.foxsports.com"
User 73: milli: 460 url: "us.cnn.com"
User 50: milli: 508 url: "ads.brazzers.com"
User 43: milli: 629 url: "xvideos.com"
User 90: milli: 650 url: "youtube.com"
User 32: milli: 694 url: "womenofyoutube.mevio.com"
User 38: milli: 784 url: "search.ebscohost.com"
User 40: milli: 835 url: "youtube.com"
User 56: milli: 880 url: "ads.brazzers.com"
User 51: milli: 890 url: "b.collective-media.net"
0 min, 51 second
User 18: milli: 2 url: "ww.yiwu114.com"
User 0: milli: 28 url: "deviantart.com"
User 62: milli: 102 url: "amch.questionmarket.com"
User 67: milli: 323 url: "arienh4.net.nyud.net"
User 79: milli: 390 url: "hv3.webstat.com"
User 11: milli: 439 url: "undergrad.stanford.edu"
User 2: milli: 509 url: "yourfilehost.com"
User 64: milli: 677 url: "ws.amazon.com"
User 92: milli: 853 url: "google.com"
User 16: milli: 966 url: "ads.brazzers.com"
User 50: milli: 976 url: "youtube.com"
0 min, 52 second
User 79: milli: 92 url: "images.google.com"
User 19: milli: 179 url: "arienh4.net.nyud.net"
User 36: milli: 253 url: "d.tradex.openx.com"
User 18: milli: 413 url: "ads.brazzers.com"
User 2: milli: 451 url: "d.tradex.openx.com"
User 63: milli: 556 url: "sesamestats.com"
User 87: milli: 642 url: "user.qzone.qq.com"
User 17: milli: 677 url: "ad.yieldmanager.com"
User 74: milli: 756 url: "media.trafficjunky.net"
User 96: milli: 839 url: "womenofyoutube.mevio.com"
User 92: milli: 877 url: "tudou.com"
User 80: milli: 953 url: "profile.myspace.com"
User 40: milli: 998 url: "law.indiana.edu"
0 min, 53 second
User 32: milli: 68 url: "hv3.webstat.com"
User 40: milli: 145 url: "secure-us.imrworldwide.com"
User 96: milli: 223 url: "bloomington.craigslist.org"
User 90: milli: 372 url: "ads.brazzers.com"
User 79: milli: 851 url: "video-stats.video.google.com"
User 51: milli: 870 url: "d.tradex.openx.com"
User 2: milli: 952 url: "co123w.col123.mail.live.com"
User 17: milli: 997 url: "dealsea.com"
0 min, 54 second
User 62: milli: 139 url: "google.com"
User 17: milli: 223 url: "s7ondemand7.scene7.com"
User 2: milli: 349 url: "poll.websitegear.com"
User 47: milli: 374 url: "secure-us.imrworldwide.com"
User 16: milli: 377 url: "womenofyoutube.mevio.com"
User 32: milli: 383 url: "mediabistro.com"
User 96: milli: 393 url: "baidu.com"
User 63: milli: 498 url: "goodtv.com.tw"
User 18: milli: 610 url: "google.com"
User 56: milli: 735 url: "ad.yieldmanager.com"
User 92: milli: 739 url: "hcr.com"
User 38: milli: 890 url: "facebook.com"
0 min, 55 second
User 92: milli: 205 url: "dehp.opt.fimserve.com"
User 38: milli: 217 url: "hangame.com"
User 40: milli: 236 url: "video-stats.video.google.com"
User 32: milli: 423 url: "purseblog.com"
User 79: milli: 568 url: "google.com"
User 67: milli: 580 url: "ads.brazzers.com"
User 17: milli: 685 url: "apps.facebook.com"
User 18: milli: 754 url: "hcr.com"
User 90: milli: 761 url: "imeem.com"
User 47: milli: 783 url: "google.com"
User 80: milli: 899 url: "myspace.com"
User 6: milli: 955 url: "msn.foxsports.com"
0 min, 56 second
User 18: milli: 100 url: "playlist.com"
User 32: milli: 157 url: "flybase.org"
User 2: milli: 164 url: "indianapublicmedia.org"
User 40: milli: 242 url: "sesamestats.com"
User 91: milli: 245 url: "nba.sports.tom.com"
User 64: milli: 455 url: "google.com"
User 62: milli: 496 url: "xjjh.com"
User 29: milli: 568 url: "t.adbuyer.com"
User 79: milli: 794 url: "switch.atdmt.com"
User 6: milli: 936 url: "aes.iupui.edu"
User 50: milli: 950 url: "sesamestats.com"
0 min, 57 second
User 1: milli: 140 url: "myspace.com"
User 90: milli: 166 url: "womenofyoutube.mevio.com"
User 18: milli: 172 url: "123123.net"
User 55: milli: 176 url: "target.com"
User 29: milli: 199 url: "d.tradex.openx.com"
User 64: milli: 230 url: "tracking2.vindicosuite.com"
User 92: milli: 289 url: "msn.foxsports.com"
User 6: milli: 338 url: "banners.adultfriendfinder.com"
User 96: milli: 342 url: "sz0048.ev.mail.comcast.net"
User 79: milli: 448 url: "ro-co1.exp.msn.com"
User 43: milli: 601 url: "br.fling.com"
User 2: milli: 670 url: "ads.sexinyourcity.com"
User 95: milli: 818 url: "gravatar.com"
0 min, 58 second
User 40: milli: 86 url: "ads.brazzers.com"
User 29: milli: 106 url: "hv3.webstat.com"
User 32: milli: 139 url: "onlineislamicstore.com"
User 56: milli: 175 url: "listen.grooveshark.com"
User 96: milli: 602 url: "loopmasters.com"
User 19: milli: 677 url: "meded.iusm.iu.edu"
User 63: milli: 718 url: "ad.yieldmanager.com"
User 2: milli: 740 url: "apple.com"
User 6: milli: 826 url: "aes.iupui.edu"
User 50: milli: 832 url: "i3.ytimg.com"
User 17: milli: 870 url: "z12.invisionfree.com"
User 79: milli: 965 url: "blog.naver.com"
0 min, 59 second
User 63: milli: 153 url: "bigblueinteractive.com"
User 47: milli: 224 url: "ronsilliman.blogspot.com"
User 32: milli: 282 url: "entertainment.msn.us.intellitxt.com"
User 86: milli: 292 url: "us.adserver.yahoo.com"
User 92: milli: 325 url: "d.tradex.openx.com"
User 96: milli: 420 url: "rivals.com"
User 18: milli: 619 url: "xraex21.livejournal.com"
User 36: milli: 730 url: "topics.cnn.com"
User 40: milli: 957 url: "informatics.indiana.edu"
User 56: milli: 966 url: "ad.reduxmedia.com"
1 min, 0 second
User 6: milli: 0 url: "ad.yieldmanager.com"
User 6 caused an error: ConnectionClosed

   0: failure::backtrace::internal::InternalBacktrace::new
             at /home/jethros/.cargo/registry/src/github.com-1ecc6299db9ec823/failure-0.1.8/src/backtrace/internal.rs:46
   1: failure::backtrace::Backtrace::new
             at /home/jethros/.cargo/registry/src/github.com-1ecc6299db9ec823/failure-0.1.8/src/backtrace/mod.rs:121
   2: <failure::error::error_impl::ErrorImpl as core::convert::From<F>>::from
             at /home/jethros/.cargo/registry/src/github.com-1ecc6299db9ec823/failure-0.1.8/src/error/error_impl.rs:19
   3: <failure::error::Error as core::convert::From<F>>::from
             at /home/jethros/.cargo/registry/src/github.com-1ecc6299db9ec823/failure-0.1.8/src/error/mod.rs:36
   4: <T as core::convert::Into<U>>::into
             at /home/jethros/.rustup/toolchains/nightly-2020-05-01-x86_64-unknown-linux-gnu/lib/rustlib/src/rust/src/libcore/convert/mod.rs:559
   5: headless_chrome::browser::transport::Transport::call_method
             at /home/jethros/.cargo/git/checkouts/rust-headless-chrome-64aacc558fc60af2/68c5a96/src/browser/transport/mod.rs:125
   6: headless_chrome::browser::transport::Transport::call_method_on_browser
             at /home/jethros/.cargo/git/checkouts/rust-headless-chrome-64aacc558fc60af2/68c5a96/src/browser/transport/mod.rs:191
   7: headless_chrome::browser::Browser::call_method
             at /home/jethros/.cargo/git/checkouts/rust-headless-chrome-64aacc558fc60af2/68c5a96/src/browser/mod.rs:353
   8: headless_chrome::browser::Browser::new_tab_with_options
             at /home/jethros/.cargo/git/checkouts/rust-headless-chrome-64aacc558fc60af2/68c5a96/src/browser/mod.rs:218
   9: headless_chrome::browser::Browser::new_tab
             at /home/jethros/.cargo/git/checkouts/rust-headless-chrome-64aacc558fc60af2/68c5a96/src/browser/mod.rs:196
  10: rdr::lib::user_browse
             at src/lib.rs:134
  11: rdr::lib::rdr_scheduler
             at src/lib.rs:172
  12: rdr::main
             at src/main.rs:66
  13: std::rt::lang_start::{{closure}}
             at /home/jethros/.rustup/toolchains/nightly-2020-05-01-x86_64-unknown-linux-gnu/lib/rustlib/src/rust/src/libstd/rt.rs:67
  14: std::rt::lang_start_internal::{{closure}}
             at /rustc/7ced01a730e8fc1bae2f8d4369c26812c0484da4/src/libstd/rt.rs:52
      std::panicking::try::do_call
             at /rustc/7ced01a730e8fc1bae2f8d4369c26812c0484da4/src/libstd/panicking.rs:297
      std::panicking::try
             at /rustc/7ced01a730e8fc1bae2f8d4369c26812c0484da4/src/libstd/panicking.rs:274
      std::panic::catch_unwind
             at /rustc/7ced01a730e8fc1bae2f8d4369c26812c0484da4/src/libstd/panic.rs:394
      std::rt::lang_start_internal
             at /rustc/7ced01a730e8fc1bae2f8d4369c26812c0484da4/src/libstd/rt.rs:51
  15: std::rt::lang_start
             at /home/jethros/.rustup/toolchains/nightly-2020-05-01-x86_64-unknown-linux-gnu/lib/rustlib/src/rust/src/libstd/rt.rs:67
  16: main
  17: __libc_start_main
  18: _start

User 19: milli: 0 url: "en.wikipedia.org"
User 62: milli: 155 url: "wunderground.com"
User 91: milli: 271 url: "cyworld.com"
User 18: milli: 337 url: "xp.trafficmp.com"
User 96: milli: 666 url: "us.adserver.yahoo.com"
User 29: milli: 827 url: "flybase.org"
User 79: milli: 918 url: "naver.com"
User 1: milli: 949 url: "bing.com"
1 min, 1 second
User 29: milli: 44 url: "hv3.webstat.com"
User 40: milli: 102 url: "facebook.com"
User 2: milli: 127 url: "ads.brazzers.com"
User 48: milli: 172 url: "youtube.com"
User 47: milli: 322 url: "arienh4.net.nyud.net"
User 1: milli: 363 url: "adplus.oneplone.com"
User 16: milli: 409 url: "realestate.yahoo.com"
User 56: milli: 465 url: "video.od.visiblemeasures.com"
User 38: milli: 652 url: "hv3.webstat.com"
User 19: milli: 809 url: "friends.myspace.com"
User 32: milli: 821 url: "en.wikipedia.org"
User 51: milli: 862 url: "d.tradex.openx.com"
User 64: milli: 913 url: "worldofwarcraft.com"
1 min, 2 second
User 96: milli: 69 url: "ads.uncrate.com"
User 48: milli: 92 url: "ad-g.doubleclick.net"
User 6: milli: 200 url: "altfarm.mediaplex.com"
User 64: milli: 206 url: "ads.brazzers.com"
User 74: milli: 224 url: "sc.tom.com"
User 36: milli: 247 url: "unknownspace.org"
User 32: milli: 431 url: "chess.com"
User 67: milli: 568 url: "youtube.com"
User 4: milli: 640 url: "fastbrowsersearch.com"
User 92: milli: 683 url: "ad.doubleclick.net"
User 17: milli: 787 url: "ad-g.doubleclick.net"
User 50: milli: 833 url: "googleads.g.doubleclick.net"
User 72: milli: 850 url: "music.indiana.edu"
User 29: milli: 972 url: "d.tradex.openx.com"
User 62: milli: 997 url: "hv3.webstat.com"
1 min, 3 second
User 64: milli: 12 url: "images.vodone.com"
User 90: milli: 15 url: "video-stats.video.google.com"
User 47: milli: 143 url: "images.google.com"
User 6: milli: 146 url: "bs.serving-sys.com"
User 4: milli: 192 url: "hcr.com"
User 50: milli: 301 url: "madshemale.com"
User 29: milli: 331 url: "listen.grooveshark.com"
User 11: milli: 626 url: "indystar.com"
User 99: milli: 636 url: "images.google.com"
User 0: milli: 778 url: "nytimes.com"
User 12: milli: 960 url: "waterjet.net"
1 min, 4 second
User 64: milli: 273 url: "livejasmin.com"
User 51: milli: 329 url: "bid.openx.net"
User 11: milli: 385 url: "nike.com"
User 2: milli: 437 url: "d.tradex.openx.com"
User 55: milli: 476 url: "youtube.com"
User 29: milli: 500 url: "d.tradex.openx.com"
User 32: milli: 527 url: "pgatour.com"
User 1: milli: 552 url: "nfl.com"
User 56: milli: 579 url: "theinformaticsmoment2009.ning.com"
User 48: milli: 615 url: "sesamestats.com"
User 36: milli: 671 url: "d.tradex.openx.com"
User 87: milli: 760 url: "gdx.mlb.com"
User 4: milli: 867 url: "hv3.webstat.com"
User 47: milli: 972 url: "nm.newegg.com"
1 min, 5 second
User 63: milli: 14 url: "xp.trafficmp.com"
User 19: milli: 57 url: "messaging.myspace.com"
User 29: milli: 156 url: "brita.net"
User 0: milli: 264 url: "clog.go.com"
User 36: milli: 314 url: "d.tradex.openx.com"
User 32: milli: 522 url: "livejasmin.com"
User 1: milli: 533 url: "datpiff.com"
User 47: milli: 735 url: "ws.amazon.com"
User 13: milli: 800 url: "d.tradex.openx.com"
User 95: milli: 826 url: "facebook.com"
1 min, 6 second
User 1: milli: 109 url: "soccernet.espn.go.com"
User 91: milli: 241 url: "arienh4.net.nyud.net"
User 70: milli: 243 url: "google.com"
User 6: milli: 442 url: "hcr.com"
User 63: milli: 444 url: "indylaw.indiana.edu"
User 96: milli: 498 url: "kd.iu.edu"
User 4: milli: 693 url: "player.play.it"
User 2: milli: 741 url: "apple.com"
User 12: milli: 749 url: "hcr.com"
User 62: milli: 757 url: "cnn.com"
User 88: milli: 894 url: "brewbeagles.org"
1 min, 7 second
User 48: milli: 53 url: "video-stats.video.google.com"
User 19: milli: 147 url: "flybase.org"
User 32: milli: 453 url: "waterjet.net"
User 73: milli: 507 url: "video-stats.video.google.com"
User 50: milli: 526 url: "target.com"
User 3: milli: 577 url: "springerlink.com"
User 92: milli: 692 url: "d.tradex.openx.com"
User 34: milli: 828 url: "a367.yahoofs.com"
User 29: milli: 911 url: "d.tradex.openx.com"
User 4: milli: 943 url: "ads.brazzers.com"
User 72: milli: 986 url: "sports.espn.go.com"
1 min, 8 second
User 92: milli: 8 url: "hv3.webstat.com"
User 19: milli: 25 url: "bio.net"
User 4: milli: 226 url: "google.com"
User 70: milli: 284 url: "youtube.com"
User 3: milli: 372 url: "fb-0.cafe.zynga.com"
User 23: milli: 479 url: "hcr.com"
User 48: milli: 527 url: "openeducation.net"
User 91: milli: 563 url: "rockyou.com"
User 50: milli: 565 url: "cricinfo.com"
User 55: milli: 782 url: "portrait5.sinaimg.cn"
1 min, 9 second
User 92: milli: 46 url: "proquest.umi.com"
User 38: milli: 109 url: "womenofyoutube.mevio.com"
User 34: milli: 123 url: "proquest.umi.com"
User 64: milli: 138 url: "ad.yieldmanager.com"
User 23: milli: 160 url: "a1.interclick.com"
User 13: milli: 259 url: "d.tradex.openx.com"
User 67: milli: 366 url: "bbs.20jh.net"
User 96: milli: 462 url: "ad.yieldmanager.com"
User 56: milli: 551 url: "stumbleupon.com"
User 48: milli: 571 url: "search.ebscohost.com"
User 0: milli: 632 url: "slis.indiana.edu"
User 70: milli: 834 url: "facebook.com"
User 3: milli: 869 url: "apps.facebook.com"
User 11: milli: 933 url: "deviantart.com"
1 min, 10 second
User 34: milli: 26 url: "msn.foxsports.com"
User 23: milli: 114 url: "bs.serving-sys.com"
User 4: milli: 135 url: "43.wcmcs.net"
User 95: milli: 166 url: "womenofyoutube.mevio.com"
User 47: milli: 292 url: "assoc-amazon.com"
User 99: milli: 294 url: "1.gravatar.com"
User 51: milli: 421 url: "courses.chem.indiana.edu"
User 64: milli: 473 url: "womenofyoutube.mevio.com"
User 92: milli: 489 url: "google.com"
User 70: milli: 566 url: "hv3.webstat.com"
User 3: milli: 740 url: "searchjob.chinahr.com"
User 0: milli: 790 url: "cs.missouri.edu"
User 61: milli: 893 url: "netv.sbs.co.kr"
1 min, 11 second
User 40: milli: 26 url: "youtube.com"
User 64: milli: 67 url: "open.compassion-intl.com"
User 70: milli: 97 url: "target.com"
User 92: milli: 117 url: "google.com"
User 56: milli: 146 url: "l-userpic.livejournal.com"
User 0: milli: 194 url: "slis.indiana.edu"
User 50: milli: 266 url: "youtube.com"
User 34: milli: 268 url: "video-stats.video.google.com"
User 95: milli: 343 url: "xjjh.com"
User 51: milli: 704 url: "google.com"
User 23: milli: 793 url: "my.yahoo.com"
User 1: milli: 971 url: "ad.yieldmanager.com"
1 min, 12 second
User 24: milli: 20 url: "br.fling.com"
User 99: milli: 77 url: "cyworld.com"
User 50: milli: 87 url: "ws.amazon.com"
User 61: milli: 97 url: "onemanga.com"
User 34: milli: 158 url: "cvshealthresources.com"
User 86: milli: 276 url: "amch.questionmarket.com"
User 23: milli: 312 url: "my.yahoo.com"
User 18: milli: 313 url: "womenofyoutube.mevio.com"
User 51: milli: 382 url: "apps.facebook.com"
User 70: milli: 389 url: "video.od.visiblemeasures.com"
User 13: milli: 449 url: "d.tradex.openx.com"
User 0: milli: 536 url: "womenofyoutube.mevio.com"
User 92: milli: 704 url: "d.tradex.openx.com"
User 1: milli: 709 url: "penciloflight.deviantart.com"
User 19: milli: 710 url: "bio.net"
User 4: milli: 794 url: "br.fling.com"
User 64: milli: 878 url: "google.com"
1 min, 13 second
User 70: milli: 142 url: "facebook.com"
User 40: milli: 204 url: "womenofyoutube.mevio.com"
User 51: milli: 242 url: "fls.doubleclick.net"
User 92: milli: 405 url: "d.tradex.openx.com"
User 0: milli: 441 url: "facebook.com"
User 3: milli: 466 url: "bbc.co.uk"
User 32: milli: 535 url: "facebook.com"
User 34: milli: 537 url: "bs.serving-sys.com"
User 95: milli: 587 url: "cafe240.daum.net"
User 90: milli: 682 url: "ad.yieldmanager.com"
User 62: milli: 725 url: "hcr.com"
User 96: milli: 769 url: "sendspace.com"
User 23: milli: 812 url: "xo.nate.com"
User 11: milli: 817 url: "img.bizrate.com"
User 47: milli: 865 url: "commons.wikimedia.org"
User 56: milli: 902 url: "sesamestats.com"
1 min, 14 second
User 38: milli: 71 url: "demr.opt.fimserve.com"
User 70: milli: 74 url: "adserving.cpxinteractive.com"
User 61: milli: 151 url: "facebook.com"
User 0: milli: 185 url: "disneyworld.disney.go.com"
User 23: milli: 193 url: "google.com"
User 87: milli: 231 url: "msn13.nasads.com"
User 40: milli: 350 url: "byfiles.storage.msn.com"
User 3: milli: 456 url: "womenofyoutube.mevio.com"
User 1: milli: 485 url: "chow.com"
User 34: milli: 600 url: "xjjh.com"
User 26: milli: 679 url: "269.webim0068.webim.myspace.com"
User 72: milli: 700 url: "espn-www.baynote.net"
User 47: milli: 959 url: "f.blogads.com"
1 min, 15 second
User 61: milli: 158 url: "yahoo.com"
User 56: milli: 193 url: "z.alimama.com"
User 11: milli: 287 url: "base.googlehosted.com"
User 10: milli: 396 url: "d.tradex.openx.com"
User 36: milli: 396 url: "d.tradex.openx.com"
User 34: milli: 474 url: "ss.uk.ask.com"
User 26: milli: 527 url: "webmail.aol.com"
User 2: milli: 537 url: "womenofyoutube.mevio.com"
User 13: milli: 583 url: "d.tradex.openx.com"
User 3: milli: 660 url: "womenofyoutube.mevio.com"
User 74: milli: 666 url: "delivery.trafficjunky.net"
User 47: milli: 685 url: "profile.myspace.com"
User 92: milli: 740 url: "hv3.webstat.com"
User 73: milli: 802 url: "youtube.com"
User 70: milli: 815 url: "ads.brazzers.com"
1 min, 16 second
User 67: milli: 59 url: "xjjh.com"
User 76: milli: 123 url: "pn2.adserver.yahoo.com"
User 90: milli: 123 url: "video.od.visiblemeasures.com"
User 51: milli: 302 url: "arienh4.net.nyud.net"
User 88: milli: 309 url: "anmgpvpw.vp.video.l.google.com"
User 64: milli: 401 url: "msn.foxsports.com"
User 96: milli: 421 url: "womenofyoutube.mevio.com"
User 26: milli: 704 url: "bb.ct.kz"
1 min, 17 second
User 4: milli: 134 url: "thumb.brandreachsys.com"
User 55: milli: 152 url: "secure-us.imrworldwide.com"
User 76: milli: 260 url: "467.webim0318.webim.myspace.com"
User 32: milli: 285 url: "google.com"
User 36: milli: 295 url: "ads.brazzers.com"
User 29: milli: 305 url: "facebook.com"
User 26: milli: 635 url: "amazon.com"
User 95: milli: 654 url: "aol.com"
User 2: milli: 655 url: "d.tradex.openx.com"
User 72: milli: 662 url: "adframe.adpinion.com"
User 34: milli: 686 url: "uk.ask.com"
User 48: milli: 714 url: "sesamestats.com"
User 6: milli: 870 url: "ww.smashits.com"
User 96: milli: 918 url: "kelley.iu.edu"
User 1: milli: 920 url: "xo.nate.com"
1 min, 18 second
User 23: milli: 154 url: "womenofyoutube.mevio.com"
User 61: milli: 157 url: "google.com"
User 76: milli: 234 url: "soaps.com"
User 1: milli: 266 url: "google.com"
User 19: milli: 273 url: "10910239424.basketball.cbssports.com"
User 0: milli: 407 url: "cbssports.com"
User 95: milli: 448 url: "aol.com"
User 50: milli: 534 url: "13.webim0196.webim.myspace.com"
User 96: milli: 543 url: "reportingcivilrights.loa.org"
User 34: milli: 546 url: "mymsn.hotmail.msn.com"
User 63: milli: 651 url: "cafe229.daum.net"
User 42: milli: 743 url: "jubal.westnet.com"
User 47: milli: 782 url: "commons.wikimedia.org"
1 min, 19 second
User 19: milli: 21 url: "google.com"
User 6: milli: 30 url: "funnyordie.com"
User 13: milli: 35 url: "bbs.20jh.net"
User 95: milli: 68 url: "cnn.com"
User 47: milli: 177 url: "commons.wikimedia.org"
User 50: milli: 212 url: "apple.com"
User 61: milli: 250 url: "ad.yieldmanager.com"
User 51: milli: 275 url: "google.com"
User 42: milli: 368 url: "bs.serving-sys.com"
User 96: milli: 534 url: "womenofyoutube.mevio.com"
User 64: milli: 698 url: "sn117w.snt117.mail.live.com"
User 70: milli: 760 url: "mail.google.com"
User 38: milli: 874 url: "ad.yieldmanager.com"
User 23: milli: 987 url: "daum.net"
1 min, 20 second
User 50: milli: 5 url: "ads.brazzers.com"
User 40: milli: 121 url: "sesamestats.com"
User 70: milli: 169 url: "facebook.com"
User 43: milli: 173 url: "ads.brazzers.com"
User 42: milli: 222 url: "stumbleupon.com"
User 19: milli: 286 url: "245.webim0213.webim.myspace.com"
User 72: milli: 344 url: "googleads.g.doubleclick.net"
User 61: milli: 420 url: "hcr.com"
User 47: milli: 477 url: "ads.brazzers.com"
User 16: milli: 492 url: "uesp.net"
User 34: milli: 496 url: "bbs.20jh.net"
User 51: milli: 539 url: "d.tradex.openx.com"
User 26: milli: 568 url: "bloomington.craigslist.org"
User 13: milli: 603 url: "ad.doubleclick.net"
User 96: milli: 623 url: "hcr.com"
User 64: milli: 672 url: "youtube.com"
User 95: milli: 709 url: "bing.com"
1 min, 21 second
User 10: milli: 132 url: "d.tradex.openx.com"
User 83: milli: 189 url: "translate.google.com"
User 40: milli: 258 url: "stat.tudou.com"
User 92: milli: 328 url: "books.google.com"
User 50: milli: 335 url: "a367.yahoofs.com"
User 47: milli: 355 url: "perezhilton.com"
User 26: milli: 570 url: "womenofyoutube.mevio.com"
User 56: milli: 632 url: "amch.questionmarket.com"
User 91: milli: 673 url: "objects.tremormedia.com"
User 18: milli: 692 url: "facebook.com"
User 36: milli: 722 url: "picnik.com"
User 96: milli: 760 url: "facebook.com"
User 64: milli: 789 url: "a367.yahoofs.com"
User 34: milli: 925 url: "bs.serving-sys.com"
User 24: milli: 976 url: "ads.brazzers.com"
User 55: milli: 992 url: "novamov.com"
1 min, 22 second
User 2: milli: 18 url: "s21.divshare.com"
User 92: milli: 28 url: "bid.openx.net"
User 95: milli: 31 url: "viewmorepics.myspace.com"
User 17: milli: 49 url: "blognewcms.sinajs.cn"
User 40: milli: 217 url: "tudou.com"
User 86: milli: 348 url: "youtube.com"
User 47: milli: 476 url: "playlist.com"
User 1: milli: 503 url: "facebook.com"
User 51: milli: 530 url: "cnn.com"
User 76: milli: 536 url: "xvideos.com"
User 26: milli: 537 url: "un.5i.com"
User 83: milli: 808 url: "kelley.indiana.edu"
User 29: milli: 820 url: "ad.globalinteractive.com"
User 18: milli: 827 url: "hv3.webstat.com"
