Workload is generated
All browsers are created 
0 min, 0 second
No workload for second 0
0 min, 1 second
User 17: milli: 574 url: "weather.com"
0 min, 2 second
User 17: milli: 25 url: "youtube.com"
User 71: milli: 386 url: "news.naver.com"
0 min, 3 second
User 11: milli: 248 url: "slirsredirect.search.aol.com"
User 17: milli: 282 url: "a367.yahoofs.com"
User 71: milli: 383 url: "al.myrice.com"
0 min, 4 second
User 71: milli: 78 url: "minihp.cyworld.com"
User 72: milli: 374 url: "yahoo.com"
User 11: milli: 986 url: "ytaahg.vo.llnwd.net"
0 min, 5 second
User 11: milli: 203 url: "client.web.aol.com"
User 72: milli: 431 url: "facebook.com"
User 35: milli: 466 url: "cheminfo.informatics.indiana.edu"
0 min, 6 second
User 71: milli: 124 url: "hoopchina.com"
User 93: milli: 182 url: "images.google.com"
0 min, 7 second
User 93: milli: 379 url: "books.google.com"
User 71: milli: 710 url: "basketball.titan24.com"
User 77: milli: 756 url: "stats.adultswim.com"
0 min, 8 second
User 11: milli: 183 url: "netv.sbs.co.kr"
User 17: milli: 822 url: "core.insightexpressai.com"
User 93: milli: 896 url: "bpx.a9.com"
User 29: milli: 953 url: "ad.yieldmanager.com"
0 min, 9 second
User 71: milli: 188 url: "ad.yieldmanager.com"
User 77: milli: 661 url: "sesamestats.com"
User 5: milli: 734 url: "msn.com"
User 72: milli: 756 url: "search.yahoo.com"
0 min, 10 second
User 96: milli: 553 url: "comcast.com"
User 17: milli: 562 url: "a367.yahoofs.com"
User 35: milli: 647 url: "apps.facebook.com"
User 29: milli: 732 url: "bs.serving-sys.com"
User 93: milli: 744 url: "amazon.com"
0 min, 11 second
User 72: milli: 21 url: "static.addtoany.com"
User 93: milli: 100 url: "insider.msg.yahoo.com"
User 53: milli: 181 url: "video-stats.video.google.com"
User 96: milli: 509 url: "iug.csie.dahan.edu.tw"
User 71: milli: 745 url: "gn.naver.com"
User 17: milli: 853 url: "sandals.com"
0 min, 12 second
User 15: milli: 79 url: "facebook.com"
User 17: milli: 276 url: "focusbaiduafp.allyes.com"
User 5: milli: 560 url: "static.addtoany.com"
User 72: milli: 573 url: "allpar.com"
User 93: milli: 633 url: "sesamestats.com"
User 29: milli: 688 url: "youtube.com"
User 53: milli: 711 url: "cache.trafficmp.com"
User 35: milli: 863 url: "bk.pps.tv"
User 77: milli: 998 url: "google.com"
0 min, 13 second
User 35: milli: 287 url: "cheminfo.informatics.indiana.edu"
User 96: milli: 428 url: "friends.myspace.com"
User 5: milli: 703 url: "img.4chan.org"
User 15: milli: 713 url: "espn.go.com"
User 51: milli: 754 url: "apps.facebook.com"
User 53: milli: 876 url: "home.myspace.com"
User 72: milli: 997 url: "ulib.iupui.edu"
0 min, 14 second
User 29: milli: 374 url: "target.com"
User 28: milli: 401 url: "core.insightexpressai.com"
User 93: milli: 462 url: "apps.facebook.com"
User 53: milli: 686 url: "youtube.com"
User 72: milli: 786 url: "womenofyoutube.mevio.com"
User 96: milli: 792 url: "reddit.com"
User 11: milli: 962 url: "ytaahg.vo.llnwd.net"
User 51: milli: 989 url: "adserving.cpxinteractive.com"
0 min, 15 second
User 29: milli: 158 url: "google.com"
User 28: milli: 695 url: "ovguide.com"
User 90: milli: 798 url: "ytaahg.vo.llnwd.net"
User 5: milli: 944 url: "youtube.com"
0 min, 16 second
User 51: milli: 24 url: "ad.globalinteractive.com"
User 15: milli: 199 url: "malware-url.com"
User 53: milli: 540 url: "tinyurl.com"
User 93: milli: 588 url: "ad.doubleclick.net"
User 90: milli: 658 url: "video.uefa.com"
User 77: milli: 808 url: "ad.doubleclick.net"
0 min, 17 second
User 93: milli: 372 url: "parents.com"
User 69: milli: 558 url: "starbucks.com"
User 21: milli: 665 url: "ad.yieldmanager.com"
User 90: milli: 783 url: "boost.org"
User 77: milli: 804 url: "d.tradex.openx.com"
User 28: milli: 940 url: "bs.serving-sys.com"
0 min, 18 second
User 68: milli: 44 url: "sesamestats.com"
User 5: milli: 222 url: "msn.foxsports.com"
User 29: milli: 362 url: "video-stats.video.google.com"
User 28: milli: 409 url: "facebook.com"
User 96: milli: 563 url: "cgm.adbureau.net"
User 90: milli: 938 url: "womenofyoutube.mevio.com"
User 21: milli: 986 url: "citi.bridgetrack.com"
0 min, 19 second
User 21: milli: 299 url: "arienh4.net.nyud.net"
User 69: milli: 304 url: "facebook.com"
User 71: milli: 492 url: "acs86.com"
User 93: milli: 593 url: "facebook.com"
User 89: milli: 611 url: "tudou.com"
User 5: milli: 651 url: "gdx.mlb.com"
User 68: milli: 718 url: "thenexusforums.com"
User 29: milli: 865 url: "youtube.com"
0 min, 20 second
User 80: milli: 68 url: "sporttruck.com"
User 90: milli: 121 url: "flybase.org"
User 5: milli: 208 url: "bs.serving-sys.com"
User 77: milli: 234 url: "d.tradex.openx.com"
User 71: milli: 336 url: "google.co.uk"
User 89: milli: 416 url: "hcr.com"
0 min, 21 second
User 68: milli: 112 url: "google.com"
User 58: milli: 112 url: "my.yahoo.com"
User 17: milli: 240 url: "practice4performance.com"
User 96: milli: 988 url: "ad-g.doubleclick.net"
0 min, 22 second
User 15: milli: 220 url: "minihp.cyworld.com"
User 51: milli: 318 url: "sugardaddyforme.com"
User 17: milli: 364 url: "view.atdmt.com"
User 89: milli: 641 url: "ads.brazzers.com"
User 21: milli: 717 url: "ad.yieldmanager.com"
User 69: milli: 849 url: "web.lightningcast.net"
User 68: milli: 888 url: "imgs.xinhuanet.com"
User 53: milli: 914 url: "createquity.com"
User 80: milli: 975 url: "arienh4.net.nyud.net"
0 min, 23 second
User 68: milli: 90 url: "esm.rochester.edu"
User 2: milli: 117 url: "msn.foxsports.com"
User 90: milli: 621 url: "ytaahg.vo.llnwd.net"
User 17: milli: 924 url: "womenofyoutube.mevio.com"
0 min, 24 second
User 51: milli: 122 url: "google.com"
User 80: milli: 315 url: "movie.tudou.com"
User 58: milli: 398 url: "s0.2mdn.net"
User 21: milli: 612 url: "baidu.com"
User 90: milli: 789 url: "hv3.webstat.com"
User 39: milli: 820 url: "sexyfreetoons.com"
User 17: milli: 853 url: "hcr.com"
0 min, 25 second
User 77: milli: 74 url: "office.microsoft.com"
User 58: milli: 176 url: "hra.iupui.edu"
User 68: milli: 248 url: "facebook.com"
User 56: milli: 377 url: "youtube.com"
User 89: milli: 447 url: "hv3.webstat.com"
User 17: milli: 745 url: "google.com"
User 90: milli: 802 url: "facebook.com"
User 69: milli: 818 url: "e41132c9f856e6f2.users.storage.live.com"
User 93: milli: 940 url: "adserving.cpxinteractive.com"
0 min, 26 second
User 68: milli: 111 url: "esm.rochester.edu"
User 77: milli: 142 url: "d.tradex.openx.com"
User 80: milli: 306 url: "video-stats.video.google.com"
User 5: milli: 341 url: "msn.ent.ynet.com"
User 56: milli: 392 url: "tpc.googlesyndication.com"
User 45: milli: 639 url: "journalism.indiana.edu"
User 2: milli: 672 url: "hcr.com"
User 72: milli: 764 url: "en.wikipedia.org"
User 69: milli: 948 url: "phdcomics.com"
0 min, 27 second
User 77: milli: 26 url: "d.tradex.openx.com"
User 80: milli: 93 url: "msn.foxsports.com"
User 11: milli: 106 url: "twosamplelogo.org"
User 69: milli: 336 url: "tyrashow.warnerbros.com"
User 71: milli: 779 url: "cyimg.cyworld.com"
User 53: milli: 956 url: "movies.ign.com"
User 89: milli: 966 url: "mail.google.com"
User 56: milli: 989 url: "bio.net"
0 min, 28 second
User 56: milli: 347 url: "disneyworld.disney.go.com"
User 2: milli: 510 url: "facebook.com"
User 80: milli: 865 url: "bs.serving-sys.com"
User 5: milli: 905 url: "google.com"
User 89: milli: 974 url: "pagead2.googlesyndication.com"
0 min, 29 second
User 4: milli: 4 url: "v.youku.com"
User 39: milli: 24 url: "youtube.com"
User 17: milli: 93 url: "ads.specificmedia.com"
User 11: milli: 155 url: "arienh4.net.nyud.net"
User 56: milli: 199 url: "ads.brazzers.com"
User 51: milli: 395 url: "arienh4.net.nyud.net"
User 58: milli: 411 url: "my.yahoo.com"
User 5: milli: 767 url: "arienh4.net.nyud.net"
0 min, 30 second
User 29: milli: 188 url: "amch.questionmarket.com"
User 5: milli: 298 url: "social.bidsystem.com"
User 4: milli: 354 url: "tap.rubiconproject.com"
User 39: milli: 688 url: "desk.opt.fimserve.com"
User 77: milli: 713 url: "bio.net"
User 90: milli: 811 url: "google.com"
0 min, 31 second
User 17: milli: 135 url: "teendestruction.com"
User 45: milli: 173 url: "nobelcom.com"
User 58: milli: 218 url: "hcr.com"
User 39: milli: 241 url: "ad.admediaprovider.com"
User 51: milli: 372 url: "ads.brazzers.com"
User 77: milli: 433 url: "bio.net"
User 11: milli: 463 url: "delb.opt.fimserve.com"
User 80: milli: 636 url: "nursingsociety.org"
User 5: milli: 651 url: "isdspeed.qq.com"
User 43: milli: 981 url: "fe.br"
0 min, 32 second
User 4: milli: 235 url: "youtube.com"
User 58: milli: 322 url: "kr.yahoo.com"
User 90: milli: 381 url: "hv3.webstat.com"
User 5: milli: 411 url: "googleads.g.doubleclick.net"
User 69: milli: 431 url: "womenofyoutube.mevio.com"
User 56: milli: 470 url: "arienh4.net.nyud.net"
User 75: milli: 507 url: "msn.foxsports.com"
User 2: milli: 847 url: "nursingsociety.org"
User 93: milli: 922 url: "parents.com"
0 min, 33 second
User 93: milli: 187 url: "womenofyoutube.mevio.com"
User 77: milli: 202 url: "video-stats.video.google.com"
User 69: milli: 234 url: "imiclk.com"
User 75: milli: 308 url: "d.tradex.openx.com"
User 39: milli: 578 url: "ip.ws.126.net"
User 4: milli: 664 url: "myyearbook.com"
User 40: milli: 780 url: "view.atdmt.com"
User 2: milli: 805 url: "imagecache.blastro.com"
User 45: milli: 909 url: "stumbleupon.com"
0 min, 34 second
User 56: milli: 146 url: "focusbaiduafp.allyes.com"
User 4: milli: 408 url: "myspace.com"
User 45: milli: 429 url: "phonecardschat.com"
User 77: milli: 438 url: "assoc-amazon.com"
User 75: milli: 508 url: "d.tradex.openx.com"
User 5: milli: 628 url: "xiaoyou.qq.com"
User 2: milli: 683 url: "google.com"
User 21: milli: 797 url: "video-stats.video.google.com"
User 13: milli: 904 url: "facebook.com"
0 min, 35 second
User 40: milli: 123 url: "gw.masan.ac.kr"
User 13: milli: 137 url: "nytimes.com"
User 75: milli: 511 url: "bs.serving-sys.com"
User 43: milli: 514 url: "s7.addthis.com"
User 77: milli: 589 url: "loginsvc.cyworld.com"
User 17: milli: 716 url: "afe.specificclick.net"
User 54: milli: 793 url: "youjizz.com"
User 45: milli: 814 url: "tw.yahoo.com"
0 min, 36 second
User 43: milli: 256 url: "fe.brandreachsys.com"
User 4: milli: 277 url: "facebook.com"
User 56: milli: 309 url: "heraldtimesonline.com"
User 54: milli: 329 url: "arienh4.net.nyud.net"
User 66: milli: 631 url: "facebook.com"
User 5: milli: 739 url: "mpv.sandai.net"
User 75: milli: 777 url: "d.tradex.openx.com"
User 45: milli: 804 url: "br.fling.com"
User 72: milli: 836 url: "db2.t.msn.com"
0 min, 37 second
User 60: milli: 28 url: "media.trafficjunky.net"
User 45: milli: 217 url: "pagead2.googlesyndication.com"
User 53: milli: 226 url: "delb.opt.fimserve.com"
User 4: milli: 245 url: "cfile97.uf.daum.net"
User 90: milli: 376 url: "teendestruction.com"
User 13: milli: 553 url: "d.tradex.openx.com"
User 15: milli: 763 url: "cyimg.cyworld.com"
User 75: milli: 954 url: "frys.com"
User 40: milli: 967 url: "webzine.koreanurse.or.kr"
0 min, 38 second
User 11: milli: 255 url: "tianya.cn"
User 40: milli: 259 url: "att.my.yahoo.com"
User 13: milli: 606 url: "d.tradex.openx.com"
User 77: milli: 677 url: "d.tradex.openx.com"
User 94: milli: 712 url: "msn.foxsports.com"
User 58: milli: 734 url: "green.crossmedia.co.kr"
User 51: milli: 922 url: "g4.ykimg.com"
User 75: milli: 951 url: "images.google.com"
0 min, 39 second
User 11: milli: 15 url: "waterjet.net"
User 2: milli: 68 url: "bs.serving-sys.com"
User 5: milli: 217 url: "talenthunter.com"
User 95: milli: 413 url: "image2.pubmatic.com"
User 13: milli: 416 url: "d.tradex.openx.com"
User 54: milli: 435 url: "flybase.org"
User 77: milli: 559 url: "google.com"
0 min, 40 second
User 48: milli: 26 url: "bbs.20jh.net"
User 56: milli: 55 url: "bio.net"
User 60: milli: 73 url: "ro-co1.exp.msn.com"
User 75: milli: 239 url: "law.indiana.edu"
User 4: milli: 287 url: "hv3.webstat.com"
User 77: milli: 338 url: "translate.google.com"
User 51: milli: 433 url: "google.com"
User 5: milli: 472 url: "netflix.com"
User 95: milli: 590 url: "tonightshowwithconanobrien.com"
User 66: milli: 876 url: "deco-01.slide.com"
User 93: milli: 941 url: "ad-g.doubleclick.net"
User 53: milli: 983 url: "en.wikipedia.org"
0 min, 41 second
User 71: milli: 60 url: "ad.yieldmanager.com"
User 95: milli: 215 url: "media.daum.net"
User 48: milli: 239 url: "google.com"
User 66: milli: 246 url: "dealsea.com"
User 54: milli: 456 url: "post-imgjs.baidu.com"
User 13: milli: 473 url: "d.tradex.openx.com"
User 75: milli: 539 url: "hv3.webstat.com"
User 58: milli: 610 url: "tyrashow.warnerbros.com"
User 43: milli: 796 url: "law.indiana.edu"
User 40: milli: 925 url: "cook.chem.indiana.edu"
User 5: milli: 998 url: "inkido.indiana.edu"
0 min, 42 second
User 11: milli: 160 url: "video-stats.video.google.com"
User 13: milli: 287 url: "fixya.us.intellitxt.com"
User 94: milli: 547 url: "slate.com"
User 75: milli: 640 url: "profootballtalk.nbcsports.com"
User 48: milli: 663 url: "d.tradex.openx.com"
User 53: milli: 724 url: "fls.doubleclick.net"
User 93: milli: 725 url: "ad.yieldmanager.com"
User 58: milli: 751 url: "cook.chem.indiana.edu"
User 90: milli: 910 url: "teendestruction.com"
User 66: milli: 938 url: "m.www.yahoo.com"
0 min, 43 second
User 11: milli: 32 url: "ad.doubleclick.net"
User 48: milli: 165 url: "google.com"
User 94: milli: 322 url: "ad.yieldmanager.com"
User 21: milli: 490 url: "l.qq.com"
User 13: milli: 495 url: "i.dell.com"
User 54: milli: 728 url: "hk.yahoo.com"
User 75: milli: 823 url: "penciloflight.deviantart.com"
User 56: milli: 843 url: "google.com"
User 95: milli: 865 url: "snas.nbcuni.com"
User 58: milli: 927 url: "boost.org"
User 35: milli: 988 url: "hi.baidu.com"
0 min, 44 second
User 95: milli: 102 url: "youjizz.com"
User 94: milli: 245 url: "cvshealthresources.com"
User 75: milli: 254 url: "law.indiana.edu"
User 48: milli: 322 url: "target.com"
User 54: milli: 357 url: "video.baidu.com"
User 66: milli: 576 url: "view.atdmt.com"
User 93: milli: 879 url: "msn.foxsports.com"
User 71: milli: 979 url: "library.music.indiana.edu"
0 min, 45 second
User 58: milli: 177 url: "informatics.indiana.edu"
User 48: milli: 537 url: "d.tradex.openx.com"
User 44: milli: 549 url: "solutions.com"
User 43: milli: 663 url: "arienh4.net.nyud.net"
User 66: milli: 779 url: "mail.yahoo.com"
User 54: milli: 973 url: "web.lightningcast.net"
0 min, 46 second
User 13: milli: 298 url: "d.tradex.openx.com"
User 5: milli: 303 url: "afe.specificclick.net"
User 54: milli: 364 url: "youjizz.com"
User 94: milli: 388 url: "tpc.googlesyndication.com"
User 44: milli: 393 url: "talenthunter.com"
User 79: milli: 430 url: "engadget.com"
User 18: milli: 459 url: "ratemyprofessors.com"
User 40: milli: 602 url: "ad.yieldmanager.com"
User 56: milli: 718 url: "woot.com"
User 48: milli: 836 url: "bid.openx.net"
User 66: milli: 932 url: "cricinfo.com"
0 min, 47 second
User 53: milli: 29 url: "akademifantasia.org"
User 93: milli: 294 url: "pagead2.googlesyndication.com"
User 58: milli: 357 url: "womenofyoutube.mevio.com"
User 48: milli: 440 url: "d.tradex.openx.com"
User 80: milli: 760 url: "stat.tudou.com"
User 60: milli: 814 url: "slis.indiana.edu"
User 40: milli: 903 url: "g2.ykimg.com"
User 69: milli: 952 url: "loginsvc.cyworld.com"
0 min, 48 second
User 80: milli: 47 url: "youtube.com"
User 71: milli: 63 url: "penciloflight.deviantart.com"
User 45: milli: 170 url: "cs.indiana.edu"
User 17: milli: 229 url: "ew.com"
User 96: milli: 385 url: "ad.doubleclick.net"
User 94: milli: 430 url: "sesamestats.com"
User 5: milli: 433 url: "cgi.4chan.org"
User 90: milli: 453 url: "espn.go.com"
User 56: milli: 517 url: "bs.serving-sys.com"
User 39: milli: 551 url: "arienh4.net.nyud.net"
User 69: milli: 595 url: "slis.indiana.edu"
User 58: milli: 613 url: "cwtv.com"
User 95: milli: 676 url: "gaiaonline.com"
User 40: milli: 781 url: "news.chosun.com"
User 60: milli: 990 url: "msn.com"
0 min, 49 second
User 48: milli: 47 url: "d.tradex.openx.com"
User 93: milli: 55 url: "bs.serving-sys.com"
User 95: milli: 189 url: "hv3.webstat.com"
User 18: milli: 196 url: "flybase.org"
User 15: milli: 217 url: "focusbaiduafp.allyes.com"
User 56: milli: 236 url: "tags.bluekai.com"
User 72: milli: 324 url: "arienh4.net.nyud.net"
User 69: milli: 389 url: "by108w.bay108.mail.live.com"
User 75: milli: 553 url: "d.tradex.openx.com"
User 79: milli: 575 url: "apple.com"
User 40: milli: 643 url: "xjjh.com"
User 90: milli: 796 url: "netv.sbs.co.kr"
User 24: milli: 970 url: "bbs.20jh.net"
0 min, 50 second
User 11: milli: 197 url: "espn.go.com"
User 5: milli: 214 url: "mlb.mlb.com"
User 48: milli: 243 url: "uzungollu.com"
User 69: milli: 292 url: "arienh4.net.nyud.net"
User 77: milli: 319 url: "arienh4.net.nyud.net"
User 29: milli: 333 url: "secure-us.imrworldwide.com"
User 93: milli: 351 url: "wwwq33.megaupload.com"
User 79: milli: 518 url: "apple.com"
User 71: milli: 571 url: "nate.com"
User 95: milli: 590 url: "hcr.com"
User 42: milli: 679 url: "clickserve.cc-dt.com"
User 44: milli: 766 url: "openxxx.viragemedia.com"
User 58: milli: 922 url: "hcr.com"
User 89: milli: 996 url: "v2.tudou.com"
0 min, 51 second
User 12: milli: 67 url: "hcr.com"
User 93: milli: 109 url: "auth.ulib.iupui.edu"
User 17: milli: 199 url: "note.hanafos.com"
User 58: milli: 216 url: "youtube.com"
User 44: milli: 671 url: "ads.brazzers.com"
User 90: milli: 796 url: "trumba.com"
User 71: milli: 862 url: "bs.serving-sys.com"
User 42: milli: 863 url: "hcr.com"
User 72: milli: 927 url: "db2.t.msn.com"
User 35: milli: 941 url: "ads.brazzers.com"
0 min, 52 second
User 79: milli: 81 url: "target.com"
User 42: milli: 115 url: "dealsea.com"
User 17: milli: 161 url: "xvideos.com"
User 12: milli: 185 url: "womenofyoutube.mevio.com"
User 69: milli: 411 url: "youku.com"
User 56: milli: 579 url: "search.yahoo.com"
User 44: milli: 743 url: "lg15.com"
User 26: milli: 809 url: "news.naver.com"
User 5: milli: 884 url: "pixel.rubiconproject.com"
User 75: milli: 996 url: "store.babeland.com"
0 min, 53 second
User 4: milli: 0 url: "amazon.com"
User 4 caused an error: ConnectionClosed

   0: failure::backtrace::internal::InternalBacktrace::new
             at /home/jethros/.cargo/registry/src/github.com-1ecc6299db9ec823/failure-0.1.8/src/backtrace/internal.rs:46
   1: failure::backtrace::Backtrace::new
             at /home/jethros/.cargo/registry/src/github.com-1ecc6299db9ec823/failure-0.1.8/src/backtrace/mod.rs:121
   2: <failure::error::error_impl::ErrorImpl as core::convert::From<F>>::from
             at /home/jethros/.cargo/registry/src/github.com-1ecc6299db9ec823/failure-0.1.8/src/error/error_impl.rs:19
   3: <failure::error::Error as core::convert::From<F>>::from
             at /home/jethros/.cargo/registry/src/github.com-1ecc6299db9ec823/failure-0.1.8/src/error/mod.rs:36
   4: <T as core::convert::Into<U>>::into
             at /home/jethros/.rustup/toolchains/nightly-2020-05-01-x86_64-unknown-linux-gnu/lib/rustlib/src/rust/src/libcore/convert/mod.rs:559
   5: headless_chrome::browser::transport::Transport::call_method
             at /home/jethros/.cargo/git/checkouts/rust-headless-chrome-64aacc558fc60af2/68c5a96/src/browser/transport/mod.rs:125
   6: headless_chrome::browser::transport::Transport::call_method_on_browser
             at /home/jethros/.cargo/git/checkouts/rust-headless-chrome-64aacc558fc60af2/68c5a96/src/browser/transport/mod.rs:191
   7: headless_chrome::browser::Browser::call_method
             at /home/jethros/.cargo/git/checkouts/rust-headless-chrome-64aacc558fc60af2/68c5a96/src/browser/mod.rs:353
   8: headless_chrome::browser::Browser::new_tab_with_options
             at /home/jethros/.cargo/git/checkouts/rust-headless-chrome-64aacc558fc60af2/68c5a96/src/browser/mod.rs:218
   9: headless_chrome::browser::Browser::new_tab
             at /home/jethros/.cargo/git/checkouts/rust-headless-chrome-64aacc558fc60af2/68c5a96/src/browser/mod.rs:196
  10: rdr::lib::user_browse
             at src/lib.rs:134
  11: rdr::lib::rdr_scheduler
             at src/lib.rs:172
  12: rdr::main
             at src/main.rs:66
  13: std::rt::lang_start::{{closure}}
             at /home/jethros/.rustup/toolchains/nightly-2020-05-01-x86_64-unknown-linux-gnu/lib/rustlib/src/rust/src/libstd/rt.rs:67
  14: std::rt::lang_start_internal::{{closure}}
             at /rustc/7ced01a730e8fc1bae2f8d4369c26812c0484da4/src/libstd/rt.rs:52
      std::panicking::try::do_call
             at /rustc/7ced01a730e8fc1bae2f8d4369c26812c0484da4/src/libstd/panicking.rs:297
      std::panicking::try
             at /rustc/7ced01a730e8fc1bae2f8d4369c26812c0484da4/src/libstd/panicking.rs:274
      std::panic::catch_unwind
             at /rustc/7ced01a730e8fc1bae2f8d4369c26812c0484da4/src/libstd/panic.rs:394
      std::rt::lang_start_internal
             at /rustc/7ced01a730e8fc1bae2f8d4369c26812c0484da4/src/libstd/rt.rs:51
  15: std::rt::lang_start
             at /home/jethros/.rustup/toolchains/nightly-2020-05-01-x86_64-unknown-linux-gnu/lib/rustlib/src/rust/src/libstd/rt.rs:67
  16: main
  17: __libc_start_main
  18: _start

User 26: milli: 15 url: "tiffany.com"
User 13: milli: 177 url: "d.tradex.openx.com"
User 48: milli: 178 url: "ad.doubleclick.net"
User 93: milli: 193 url: "my-youth-soccer-guide.com"
User 71: milli: 299 url: "facebook.com"
User 56: milli: 434 url: "facebook.com"
User 90: milli: 521 url: "s139.cnzz.com"
User 58: milli: 645 url: "google.com"
User 21: milli: 782 url: "sesamestats.com"
0 min, 54 second
User 11: milli: 23 url: "l.qq.com"
User 32: milli: 113 url: "bing.com"
User 21: milli: 143 url: "ads.brazzers.com"
User 24: milli: 169 url: "video-stats.video.google.com"
User 26: milli: 384 url: "womenofyoutube.mevio.com"
User 58: milli: 439 url: "chem.indiana.edu"
User 56: milli: 650 url: "sesamestats.com"
User 93: milli: 683 url: "ads.adbrite.com"
User 17: milli: 728 url: "i.cdn.turner.com"
User 69: milli: 821 url: "cerner.chp.clarian.org"
User 42: milli: 828 url: "hv3.webstat.com"
User 13: milli: 937 url: "gdx.mlb.com"
0 min, 55 second
User 96: milli: 164 url: "youporn.com"
User 14: milli: 181 url: "hv3.webstat.com"
User 24: milli: 220 url: "youtube.com"
User 71: milli: 243 url: "msn.foxsports.com"
User 21: milli: 263 url: "arienh4.net.nyud.net"
User 12: milli: 314 url: "arienh4.net.nyud.net"
User 40: milli: 373 url: "bs.serving-sys.com"
User 29: milli: 384 url: "hv3.webstat.com"
User 93: milli: 566 url: "womenofyoutube.mevio.com"
User 51: milli: 571 url: "secure-us.imrworldwide.com"
User 72: milli: 606 url: "anmgpvpw.vp.video.l.google.com"
User 32: milli: 711 url: "waterjet.net"
User 11: milli: 722 url: "youtube.com"
User 69: milli: 756 url: "informatics.indiana.edu"
User 79: milli: 824 url: "focusbaiduafp.allyes.com"
User 15: milli: 929 url: "video.od.visiblemeasures.com"
0 min, 56 second
User 69: milli: 84 url: "starbucks.com"
User 32: milli: 134 url: "gasstong.com"
User 77: milli: 143 url: "nba.com"
User 68: milli: 261 url: "tesnexus.com"
User 42: milli: 417 url: "sesamestats.com"
User 81: milli: 618 url: "imgcache.qq.com"
User 79: milli: 737 url: "agendanet.co.kr"
User 93: milli: 790 url: "geriscreations.blogspot.com"
User 26: milli: 887 url: "widgets.quitesociable.com"
User 13: milli: 899 url: "naruto.fb.crunchyroll.com"
User 14: milli: 958 url: "a367.yahoofs.com"
0 min, 57 second
User 48: milli: 77 url: "blogs.medicine.iu.edu"
User 24: milli: 180 url: "a367.yahoofs.com"
User 18: milli: 183 url: "arienh4.net.nyud.net"
User 13: milli: 321 url: "pagead2.googlesyndication.com"
User 79: milli: 467 url: "ads.brazzers.com"
User 71: milli: 490 url: "spitefulcritic.com"
User 12: milli: 548 url: "facebook.com"
User 73: milli: 719 url: "arienh4.net.nyud.net"
User 80: milli: 828 url: "images.google.com"
User 26: milli: 943 url: "arienh4.net.nyud.net"
User 32: milli: 947 url: "gasstong.com"
User 17: milli: 987 url: "loginsvc.cyworld.com"
0 min, 58 second
User 13: milli: 93 url: "naruto.fb.crunchyroll.com"
User 26: milli: 492 url: "auth.ulib.iupui.edu"
User 90: milli: 590 url: "bbs.20jh.net"
User 72: milli: 687 url: "hcr.com"
User 89: milli: 897 url: "gravatar.com"
User 71: milli: 962 url: "202.webim0366.webim.myspace.com"
0 min, 59 second
User 90: milli: 30 url: "urbanmusicnews.mevio.com"
User 83: milli: 243 url: "bs.serving-sys.com"
User 11: milli: 485 url: "google.com"
User 77: milli: 531 url: "ws.amazon.com"
User 13: milli: 550 url: "naruto.fb.crunchyroll.com"
User 71: milli: 655 url: "pamperedchef.com"
User 39: milli: 740 url: "facebook.com"
User 26: milli: 746 url: "70532.cim.meebo.com"
User 81: milli: 978 url: "spike.com"
1 min, 0 second
User 13: milli: 13 url: "naruto.fb.crunchyroll.com"
User 12: milli: 118 url: "friends.myspace.com"
User 96: milli: 126 url: "search.yahoo.com"
User 42: milli: 252 url: "icp.cws.api.sina.com.cn"
User 53: milli: 301 url: "video-stats.video.google.com"
User 56: milli: 384 url: "webmail.aol.com"
User 81: milli: 519 url: "sesamestats.com"
User 51: milli: 681 url: "174.143.204.55"
User 2: milli: 686 url: "google.com"
User 73: milli: 725 url: "arienh4.net.nyud.net"
User 17: milli: 787 url: "imagecache.blastro.com"
User 24: milli: 916 url: "a367.yahoofs.com"
User 11: milli: 946 url: "bs.serving-sys.com"
1 min, 1 second
User 13: milli: 164 url: "naruto.fb.crunchyroll.com"
User 26: milli: 210 url: "googleads.g.doubleclick.net"
User 58: milli: 399 url: "video-stats.video.google.com"
User 2: milli: 427 url: "arienh4.net.nyud.net"
User 93: milli: 486 url: "zshare.net"
User 81: milli: 632 url: "citizencope.com"
User 42: milli: 695 url: "horoscope.findyourfate.com"
User 94: milli: 754 url: "s.xvideos.com"
User 51: milli: 867 url: "v.youku.com"
1 min, 2 second
User 19: milli: 80 url: "shop.ebay.com"
User 75: milli: 106 url: "buyersguide.macrumors.com"
User 71: milli: 352 url: "politico.com"
User 14: milli: 378 url: "asx.kbs.co.kr"
User 13: milli: 389 url: "naruto.fb.crunchyroll.com"
User 11: milli: 482 url: "sports.espn.go.com"
User 58: milli: 588 url: "youtube.com"
User 12: milli: 612 url: "hcr.com"
User 72: milli: 679 url: "womenofyoutube.mevio.com"
User 90: milli: 849 url: "bks4.books.google.com"
User 94: milli: 928 url: "nursingsociety.org"
1 min, 3 second
User 54: milli: 105 url: "mgc7.acecounter.com"
User 33: milli: 179 url: "iciba.com"
User 58: milli: 207 url: "myyearbook.com"
User 32: milli: 223 url: "woot.com"
User 13: milli: 369 url: "d.tradex.openx.com"
User 19: milli: 420 url: "ebay.com"
User 80: milli: 467 url: "tudou.com"
User 81: milli: 495 url: "maps.google.com"
User 11: milli: 540 url: "stumbleupon.com"
User 83: milli: 652 url: "msn.foxsports.com"
User 40: milli: 691 url: "bing.com"
User 42: milli: 705 url: "arienh4.net.nyud.net"
User 26: milli: 777 url: "metacafe.com"
User 90: milli: 854 url: "youtube.com"
User 39: milli: 861 url: "video-stats.video.google.com"
User 53: milli: 998 url: "digg.com"
1 min, 4 second
User 75: milli: 13 url: "d.tradex.openx.com"
User 73: milli: 211 url: "reddit.com"
User 48: milli: 227 url: "s.xvideos.com"
User 17: milli: 273 url: "teendestruction.com"
User 32: milli: 282 url: "talkonsex.com"
User 13: milli: 399 url: "d.tradex.openx.com"
User 90: milli: 530 url: "books.google.com"
User 37: milli: 580 url: "skr.gagalive.kr"
User 81: milli: 650 url: "gourmandia.com"
User 71: milli: 902 url: "hv3.webstat.com"
User 14: milli: 947 url: "lenovo.com"
1 min, 5 second
User 17: milli: 40 url: "nate.com"
User 72: milli: 71 url: "google.com"
User 14: milli: 221 url: "lenovo.com"
User 99: milli: 243 url: "xjjh.com"
User 58: milli: 291 url: "google.com"
User 90: milli: 332 url: "brewbeagles.org"
User 19: milli: 337 url: "images.google.com"
User 83: milli: 593 url: "popehat.com"
User 11: milli: 694 url: "kelley.iu.edu"
User 56: milli: 788 url: "stoo.asiae.co.kr"
User 13: milli: 953 url: "sonystyle.com"
1 min, 6 second
User 4: milli: 8 url: "search.yahoo.com"
User 93: milli: 67 url: "google.com"
User 73: milli: 185 url: "imgur.com"
User 26: milli: 214 url: "search.yahoo.com"
User 33: milli: 233 url: "sesamestats.com"
User 13: milli: 241 url: "naruto.fb.crunchyroll.com"
User 69: milli: 345 url: "loginsvc.cyworld.com"
User 8: milli: 346 url: "google.com"
User 71: milli: 512 url: "flightstats.com"
User 19: milli: 714 url: "hv3.webstat.com"
User 37: milli: 722 url: "talenthunter.com"
User 94: milli: 733 url: "surfthechannel.com"
User 40: milli: 814 url: "youtube.com"
User 99: milli: 864 url: "open.compassion-intl.com"
User 90: milli: 881 url: "harlemworldblog.wordpress.com"
User 56: milli: 933 url: "facebook.com"
1 min, 7 second
User 68: milli: 76 url: "amch.questionmarket.com"
User 35: milli: 104 url: "arienh4.net.nyud.net"
User 32: milli: 192 url: "mixsh.com"
User 18: milli: 243 url: "ads.brazzers.com"
User 37: milli: 411 url: "urbanchat.com"
User 58: milli: 415 url: "kr.yahoo.com"
User 8: milli: 553 url: "rinkworks.com"
User 90: milli: 723 url: "stores.lowes.com"
User 29: milli: 724 url: "counter.kds.iciba.com"
User 33: milli: 749 url: "hentaifree.wordpress.com"
User 5: milli: 769 url: "inkido.indiana.edu"
User 99: milli: 850 url: "bbs.20jh.net"
User 14: milli: 962 url: "deviantart.com"
1 min, 8 second
User 19: milli: 125 url: "smashingstyles.com"
User 71: milli: 147 url: "ad.scanmedios.com"
User 14: milli: 168 url: "perezhilton.com"
User 79: milli: 232 url: "profile.myspace.com"
User 13: milli: 372 url: "d.tradex.openx.com"
User 66: milli: 413 url: "ad.doubleclick.net"
User 33: milli: 413 url: "vibe.com"
User 58: milli: 459 url: "search.yahoo.com"
User 72: milli: 465 url: "facebook.com"
User 99: milli: 478 url: "hv3.webstat.com"
User 83: milli: 566 url: "bk.pps.tv"
User 90: milli: 616 url: "ads.revsci.net"
User 8: milli: 976 url: "arienh4.net.nyud.net"
1 min, 9 second
User 99: milli: 53 url: "mail.yahoo.com"
User 19: milli: 210 url: "youtube.com"
User 58: milli: 341 url: "bada.us"
User 8: milli: 372 url: "arienh4.net.nyud.net"
User 11: milli: 451 url: "guitarforbeginners.com"
User 29: milli: 600 url: "video.od.visiblemeasures.com"
User 96: milli: 651 url: "anmgpvpw.vp.video.l.google.com"
User 73: milli: 657 url: "youtube.com"
User 56: milli: 719 url: "focusbaiduafp.allyes.com"
User 90: milli: 728 url: "htc.com"
User 72: milli: 730 url: "facebook.com"
User 79: milli: 765 url: "avatarsave.gaiaonline.com"
User 31: milli: 962 url: "diligogames.com"
User 4: milli: 970 url: "cerner.chp.clarian.org"
1 min, 10 second
User 99: milli: 39 url: "m.www.yahoo.com"
User 19: milli: 118 url: "smashingstyles.com"
User 33: milli: 315 url: "open.compassion-intl.com"
User 81: milli: 378 url: "gateway.isiknowledge.com"
User 40: milli: 406 url: "aol.com"
User 58: milli: 410 url: "ads.brazzers.com"
User 31: milli: 544 url: "js-kit.com"
User 4: milli: 571 url: "maps.c2itconsulting.net"
User 56: milli: 624 url: "yahoo.com"
User 83: milli: 631 url: "vodguide.pps.tv"
User 8: milli: 638 url: "video-stats.video.google.com"
User 94: milli: 737 url: "82.194.82.178"
User 79: milli: 805 url: "thumb.brandreachsys.com"
User 77: milli: 902 url: "d.tradex.openx.com"
User 29: milli: 998 url: "mail.google.com"
1 min, 11 second
User 58: milli: 107 url: "google.com"
User 79: milli: 108 url: "myspace.com"
User 8: milli: 158 url: "google.com"
User 74: milli: 286 url: "flybase.org"
User 31: milli: 319 url: "hcr.com"
User 14: milli: 365 url: "target.com"
User 90: milli: 583 url: "washingtonpost.com"
User 44: milli: 588 url: "xtube.com"
User 37: milli: 599 url: "womenofyoutube.mevio.com"
User 19: milli: 725 url: "video-stats.video.google.com"
User 99: milli: 730 url: "journalism.indiana.edu"
User 77: milli: 855 url: "facebook.com"
User 17: milli: 936 url: "pgatour.com"
1 min, 12 second
User 79: milli: 39 url: "arienh4.net.nyud.net"
User 26: milli: 56 url: "winter.metacafe.com"
User 66: milli: 296 url: "dealsea.com"
User 31: milli: 307 url: "sesamestats.com"
User 72: milli: 314 url: "womenofyoutube.mevio.com"
User 93: milli: 501 url: "news.bbc.co.uk"
User 81: milli: 521 url: "ad.reduxmedia.com"
User 19: milli: 558 url: "smashingstyles.com"
User 14: milli: 623 url: "pas.org"
User 13: milli: 630 url: "naruto.fb.crunchyroll.com"
User 33: milli: 655 url: "sesamestats.com"
User 68: milli: 669 url: "s12.sitemeter.com"
User 98: milli: 951 url: "bio.indiana.edu"
1 min, 13 second
User 90: milli: 124 url: "urbanmusicnews.mevio.com"
User 75: milli: 269 url: "ad.doubleclick.net"
User 71: milli: 468 url: "bing.com"
User 81: milli: 621 url: "megaupload.com"
User 33: milli: 758 url: "hv3.webstat.com"
User 37: milli: 821 url: "facebook.com"
User 4: milli: 847 url: "afe.specificclick.net"
User 14: milli: 872 url: "theyaoming2009.cn"
User 8: milli: 918 url: "youtube.com"
1 min, 14 second
User 98: milli: 58 url: "homer.informatics.indiana.edu"
User 32: milli: 81 url: "iro.ragnarokonline.com"
User 65: milli: 117 url: "fastbrowsersearch.com"
User 8: milli: 150 url: "transit.511.org"
User 69: milli: 183 url: "phdcomics.com"
User 99: milli: 492 url: "cafe.naver.com"
User 33: milli: 625 url: "ad.yieldmanager.com"
User 58: milli: 690 url: "s7.addthis.com"
User 45: milli: 759 url: "journalism.indiana.edu"
User 90: milli: 778 url: "social.bidsystem.com"
User 71: milli: 810 url: "anymobileanytime.sprint.com"
User 75: milli: 825 url: "ad.bnmla.com"
User 77: milli: 962 url: "adultswim.com"
1 min, 15 second
User 99: milli: 13 url: "google.com"
User 31: milli: 23 url: "google.com"
User 96: milli: 164 url: "yahoo.com"
User 59: milli: 280 url: "education.iupui.edu"
User 35: milli: 324 url: "womenofyoutube.mevio.com"
User 65: milli: 382 url: "facebook.com"
User 8: milli: 440 url: "promo.awempire.com"
User 71: milli: 557 url: "waterjet.net"
User 72: milli: 620 url: "ads.brazzers.com"
User 58: milli: 854 url: "fapomatic.com"
User 29: milli: 959 url: "google.com"
User 98: milli: 961 url: "hv3.webstat.com"
1 min, 16 second
User 31: milli: 53 url: "anymobileanytime.sprint.com"
User 5: milli: 119 url: "amazon.com"
User 79: milli: 124 url: "womenofyoutube.mevio.com"
User 12: milli: 161 url: "ads.brazzers.com"
User 71: milli: 196 url: "kelley.iupui.edu"
User 8: milli: 223 url: "burstbeacon.com"
User 96: milli: 309 url: "pubads.g.doubleclick.net"
User 14: milli: 475 url: "usatoday.com"
User 65: milli: 525 url: "msn.com"
User 58: milli: 621 url: "hulu.com"
User 59: milli: 700 url: "espn.go.com"
User 99: milli: 723 url: "app.resiteit.com"
User 11: milli: 816 url: "bbs.20jh.net"
User 77: milli: 864 url: "d.tradex.openx.com"
User 74: milli: 935 url: "ads.brazzers.com"
1 min, 17 second
User 86: milli: 207 url: "bs.serving-sys.com"
User 54: milli: 355 url: "autocomplete.hk.search.yahoo.com"
User 59: milli: 416 url: "amch.questionmarket.com"
User 14: milli: 446 url: "polls.polldaddy.com"
User 94: milli: 454 url: "ads.brazzers.com"
User 44: milli: 484 url: "graphics.ocsn.com"
User 43: milli: 626 url: "womenofyoutube.mevio.com"
User 77: milli: 632 url: "loginsvc.cyworld.com"
User 19: milli: 680 url: "smashingstyles.com"
User 8: milli: 784 url: "myspace.com"
User 79: milli: 899 url: "video-stats.video.google.com"
1 min, 18 second
User 11: milli: 45 url: "netv.sbs.co.kr"
User 14: milli: 48 url: "ve.tradescape.biz"
User 99: milli: 112 url: "tw.yahoo.com"
User 69: milli: 210 url: "facebook.com"
User 39: milli: 336 url: "ad.yieldmanager.com"
User 31: milli: 378 url: "a367.yahoofs.com"
User 98: milli: 525 url: "mlt0.google.com"
User 65: milli: 668 url: "mail.google.com"
User 5: milli: 718 url: "api.whatcool.com"
User 68: milli: 757 url: "bs.serving-sys.com"
User 58: milli: 768 url: "extratv.warnerbros.com"
User 71: milli: 836 url: "gn.naver.com"
1 min, 19 second
User 85: milli: 2 url: "bbs.20jh.net"
User 43: milli: 17 url: "arienh4.net.nyud.net"
User 69: milli: 162 url: "gourmandia.com"
User 58: milli: 271 url: "google.com"
User 31: milli: 296 url: "ws.amazon.com"
User 68: milli: 488 url: "ad-g.doubleclick.net"
User 5: milli: 651 url: "google.com"
User 17: milli: 653 url: "facebook.com"
User 66: milli: 761 url: "google.com"
User 59: milli: 889 url: "google.cn"
User 56: milli: 908 url: "webmail.aol.com"
User 65: milli: 909 url: "283.webim0366.webim.myspace.com"
User 86: milli: 953 url: "video-stats.video.google.com"
1 min, 20 second
User 14: milli: 149 url: "br.fling.com"
User 86: milli: 209 url: "auth.ulib.iupui.edu"
User 68: milli: 234 url: "amazon.com"
User 42: milli: 241 url: "facebook.com"
User 98: milli: 378 url: "sesamestats.com"
User 58: milli: 384 url: "xinhuanet.com"
User 59: milli: 454 url: "stat.tudou.com"
User 56: milli: 484 url: "tacoda.download.akamai.com"
User 65: milli: 616 url: "womenofyoutube.mevio.com"
User 12: milli: 702 url: "hv3.webstat.com"
User 71: milli: 771 url: "hv3.webstat.com"
User 79: milli: 868 url: "arienh4.net.nyud.net"
User 5: milli: 994 url: "srv2.wa.marketingsolutions.yahoo.com"
User 3: milli: 997 url: "secure-us.imrworldwide.com"
1 min, 21 second
User 71: milli: 232 url: "google.com"
User 58: milli: 235 url: "teendestruction.com"
User 68: milli: 243 url: "google.com"
User 67: milli: 343 url: "hcr.com"
User 14: milli: 553 url: "my.cyworld.com"
User 2: milli: 617 url: "nursingsociety.org"
User 75: milli: 686 url: "cadreamgirls.com"
User 86: milli: 706 url: "dataandsearch.org"
User 79: milli: 709 url: "louisvillemojo.com"
User 74: milli: 985 url: "en.wikipedia.org"
1 min, 22 second
User 14: milli: 114 url: "womenofyoutube.mevio.com"
User 67: milli: 225 url: "imeem.com"
User 98: milli: 230 url: "ad.yieldmanager.com"
User 68: milli: 408 url: "pn1.adserver.yahoo.com"
User 96: milli: 433 url: "web.ebscohost.com"
User 86: milli: 496 url: "readred.com"
User 77: milli: 777 url: "www3.oovoo.com"
User 65: milli: 916 url: "srv2.wa.marketingsolutions.yahoo.com"
User 58: milli: 928 url: "viewmorepics.myspace.com"
User 13: milli: 958 url: "naruto.fb.crunchyroll.com"
1 min, 23 second
User 56: milli: 22 url: "informatics.indiana.edu"
User 94: milli: 42 url: "mlb.mlb.com"
User 98: milli: 100 url: "bio.indiana.edu"
User 90: milli: 115 url: "wellsphere.com"
User 85: milli: 133 url: "facebook.com"
User 79: milli: 183 url: "womenofyoutube.mevio.com"
User 69: milli: 313 url: "cwtv.com"
User 99: milli: 419 url: "facebook.com"
User 89: milli: 531 url: "google.com"
User 45: milli: 743 url: "video-stats.video.google.com"
User 68: milli: 896 url: "video.od.visiblemeasures.com"
User 65: milli: 951 url: "switch.atdmt.com"
User 74: milli: 991 url: "ads.adbrite.com"
1 min, 24 second
User 18: milli: 113 url: "cmls.overture.com"
User 59: milli: 439 url: "facebook.com"
User 67: milli: 440 url: "d.tradex.openx.com"
User 79: milli: 444 url: "d.tradex.openx.com"
User 40: milli: 454 url: "sesamestats.com"
User 90: milli: 498 url: "indianapublicmedia.org"
User 48: milli: 545 url: "spike.com"
User 13: milli: 662 url: "search.yahoo.com"
User 68: milli: 699 url: "aim.search.aol.com"
User 44: milli: 727 url: "srv2.wa.marketingsolutions.yahoo.com"
User 58: milli: 762 url: "cyworld.com"
User 14: milli: 827 url: "log7.doubleverify.com"
User 85: milli: 853 url: "news.naver.com"
User 54: milli: 907 url: "flybase.org"
User 86: milli: 908 url: "apple.com"
User 95: milli: 946 url: "abc.idmanagedsolutions.com"
User 32: milli: 980 url: "mail.yahoo.com"
1 min, 25 second
User 35: milli: 8 url: "vodguide.pps.tv"
User 90: milli: 46 url: "images.google.com"
User 4: milli: 121 url: "arienh4.net.nyud.net"
User 8: milli: 133 url: "en.wikipedia.org"
User 85: milli: 141 url: "google.com"
User 89: milli: 202 url: "google.com"
User 65: milli: 234 url: "friends.myspace.com"
User 68: milli: 288 url: "arienh4.net.nyud.net"
User 48: milli: 458 url: "ads.brazzers.com"
User 13: milli: 745 url: "d.tradex.openx.com"
User 77: milli: 996 url: "d.tradex.openx.com"
1 min, 26 second
User 8: milli: 20 url: "stumbleupon.com"
User 18: milli: 50 url: "womenofyoutube.mevio.com"
User 13: milli: 87 url: "facebook.com"
User 67: milli: 111 url: "d.tradex.openx.com"
User 5: milli: 239 url: "ads.brazzers.com"
User 26: milli: 311 url: "journalism.indiana.edu"
User 68: milli: 548 url: "bigblueinteractive.com"
User 72: milli: 587 url: "xjjh.com"
User 93: milli: 607 url: "hcr.com"
User 4: milli: 820 url: "ichotelsgroup.com"
User 42: milli: 974 url: "letsrun.com"
1 min, 27 second
User 79: milli: 34 url: "hv3.webstat.com"
User 68: milli: 44 url: "nba.com"
User 85: milli: 130 url: "arienh4.net.nyud.net"
User 89: milli: 243 url: "friedbeef.com"
User 14: milli: 571 url: "mztag.ad-indicator.com"
User 45: milli: 655 url: "arienh4.net.nyud.net"
User 67: milli: 747 url: "bs.serving-sys.com"
User 13: milli: 747 url: "dell.com"
User 3: milli: 818 url: "secure-us.imrworldwide.com"
User 77: milli: 845 url: "www3.oovoo.com"
User 48: milli: 890 url: "arienh4.net.nyud.net"
User 86: milli: 909 url: "informatics.indiana.edu"
User 4: milli: 976 url: "d.tradex.openx.com"
1 min, 28 second
User 73: milli: 191 url: "worldofwarcraft.com"
User 2: milli: 275 url: "ads.brazzers.com"
User 53: milli: 303 url: "viewmorepics.myspace.com"
User 67: milli: 319 url: "movies.msn.com"
User 75: milli: 338 url: "d.tradex.openx.com"
User 14: milli: 427 url: "imgcache.qq.com"
User 77: milli: 475 url: "d.tradex.openx.com"
User 89: milli: 509 url: "hv3.webstat.com"
User 48: milli: 524 url: "bs.serving-sys.com"
User 68: milli: 524 url: "sesamestats.com"
User 99: milli: 668 url: "jobs.chinahr.com"
User 65: milli: 675 url: "amch.questionmarket.com"
User 96: milli: 753 url: "pagead2.googlesyndication.com"
User 56: milli: 766 url: "amch.questionmarket.com"
User 43: milli: 779 url: "ad.yieldmanager.com"
User 26: milli: 852 url: "ads.brazzers.com"
User 4: milli: 902 url: "d.tradex.openx.com"
User 58: milli: 978 url: "facebook.com"
User 71: milli: 986 url: "video.od.visiblemeasures.com"
1 min, 29 second
User 31: milli: 103 url: "yahoo.com"
User 33: milli: 247 url: "mevio.com"
User 26: milli: 437 url: "journalism.indiana.edu"
User 40: milli: 454 url: "70530.cim.meebo.com"
User 77: milli: 464 url: "video-stats.video.google.com"
User 32: milli: 568 url: "youtube.com"
User 17: milli: 657 url: "imagecache.blastro.com"
User 14: milli: 681 url: "opi.yahoo.com"
User 67: milli: 726 url: "ad.doubleclick.net"
User 75: milli: 750 url: "deviantart.com"
User 53: milli: 801 url: "vp.tradescape.biz"
User 85: milli: 861 url: "bing.com"
User 89: milli: 915 url: "hv3.webstat.com"
User 4: milli: 966 url: "newstat.cnzz.com"
1 min, 30 second
User 27: milli: 5 url: "search.yahoo.com"
User 58: milli: 82 url: "ad.yieldmanager.com"
User 67: milli: 137 url: "ro-co1.exp.msn.com"
User 89: milli: 138 url: "cafepress.com"
User 19: milli: 283 url: "hcr.com"
User 65: milli: 298 url: "ups.com"
User 11: milli: 475 url: "xjjh.com"
User 14: milli: 499 url: "google.com"
User 77: milli: 687 url: "136.webim0366.webim.myspace.com"
User 4: milli: 754 url: "d.tradex.openx.com"
User 85: milli: 756 url: "bing.com"
User 79: milli: 766 url: "lzazwq.bay.livefilestore.com"
User 53: milli: 818 url: "msn.com"
User 29: milli: 917 url: "video-stats.video.google.com"
1 min, 31 second
User 53: milli: 82 url: "br.fling.com"
User 99: milli: 89 url: "dw.weather.com"
User 27: milli: 146 url: "auth.ulib.iupui.edu"
User 68: milli: 236 url: "foxnews.us.intellitxt.com"
User 79: milli: 289 url: "cid-bf0558ddd1bdc627.photos.live.com"
User 13: milli: 292 url: "ad.doubleclick.net"
User 45: milli: 423 url: "facebook.com"
User 69: milli: 492 url: "autoanything.com"
User 90: milli: 706 url: "lijit.com"
User 4: milli: 820 url: "d.tradex.openx.com"
User 14: milli: 837 url: "google.com"
User 80: milli: 876 url: "search.ebscohost.com"
User 71: milli: 882 url: "viewmorepics.myspace.com"
User 2: milli: 888 url: "arienh4.net.nyud.net"
User 26: milli: 917 url: "arienh4.net.nyud.net"
User 56: milli: 921 url: "mendeley.com"
User 67: milli: 974 url: "video-stats.video.google.com"
User 42: milli: 988 url: "xp.trafficmp.com"
1 min, 32 second
User 65: milli: 28 url: "sesamestats.com"
User 40: milli: 92 url: "img.mediaplex.com"
User 77: milli: 172 url: "womenofyoutube.mevio.com"
User 18: milli: 178 url: "en.wikipedia.org"
User 93: milli: 221 url: "sesamestats.com"
User 89: milli: 271 url: "cdn.statics.live.spongecell.com"
User 48: milli: 289 url: "cgi.4chan.org"
User 86: milli: 307 url: "loginsvc.cyworld.com"
User 14: milli: 318 url: "85.17.187.83"
User 15: milli: 340 url: "msn.foxsports.com"
User 73: milli: 393 url: "ad.trafficmp.com"
User 95: milli: 509 url: "quest.tektek.org"
User 79: milli: 684 url: "btownmenus.com"
User 66: milli: 729 url: "ads.brazzers.com"
User 68: milli: 753 url: "hcr.com"
User 39: milli: 790 url: "ads.brazzers.com"
User 56: milli: 794 url: "arienh4.net.nyud.net"
User 58: milli: 898 url: "google.com"
User 67: milli: 941 url: "msn.foxsports.com"
User 4: milli: 943 url: "arienh4.net.nyud.net"
User 90: milli: 980 url: "mlt0.google.com"
1 min, 33 second
User 4: milli: 58 url: "facebook.com"
User 99: milli: 63 url: "blog.daum.net"
User 21: milli: 68 url: "sesamestats.com"
User 65: milli: 75 url: "google.com"
User 81: milli: 129 url: "maps.c2itconsulting.net"
User 44: milli: 145 url: "google.ca"
User 53: milli: 293 url: "b.collective-media.net"
User 56: milli: 433 url: "lduhtrp.net"
User 85: milli: 526 url: "facebook.com"
User 79: milli: 562 url: "s7.addthis.com"
User 48: milli: 684 url: "arienh4.net.nyud.net"
User 2: milli: 712 url: "womenofyoutube.mevio.com"
User 77: milli: 754 url: "hcr.com"
1 min, 34 second
User 53: milli: 4 url: "hv3.webstat.com"
User 4: milli: 113 url: "us.adserver.yahoo.com"
User 58: milli: 188 url: "womenofyoutube.mevio.com"
User 48: milli: 235 url: "static.liverail.com"
User 65: milli: 391 url: "bl110w.blu110.mail.live.com"
User 44: milli: 467 url: "promo.awempire.com"
User 79: milli: 500 url: "ads.brazzers.com"
User 68: milli: 523 url: "afe.specificclick.net"
User 19: milli: 534 url: "flashforwardconference.com"
User 73: milli: 551 url: "imgcache.qq.com"
User 75: milli: 596 url: "d.tradex.openx.com"
User 2: milli: 609 url: "ads.brazzers.com"
User 29: milli: 633 url: "google.com"
User 56: milli: 639 url: "bs.serving-sys.com"
User 14: milli: 647 url: "waterjet.net"
User 89: milli: 677 url: "womenofyoutube.mevio.com"
User 15: milli: 689 url: "news.yahoo.com"
User 96: milli: 749 url: "iug.csie.dahan.edu.tw"
User 57: milli: 778 url: "bing.com"
User 12: milli: 936 url: "google.com"
User 85: milli: 948 url: "yahoo.com"
User 27: milli: 998 url: "auth.ulib.iupui.edu"
1 min, 35 second
User 77: milli: 44 url: "view.atdmt.com"
User 5: milli: 144 url: "ad1.scottrade.wallst.com"
User 4: milli: 153 url: "view.atdmt.com"
User 51: milli: 168 url: "sports.sina.com.cn"
User 89: milli: 238 url: "include.nubb.com"
User 58: milli: 391 url: "389.webim0405.webim.myspace.com"
User 48: milli: 403 url: "hv3.webstat.com"
User 57: milli: 411 url: "bettertechservices.com"
User 79: milli: 464 url: "arienh4.net.nyud.net"
User 73: milli: 654 url: "tracking2.vindicosuite.com"
User 14: milli: 701 url: "a367.yahoofs.com"
User 15: milli: 759 url: "ad.yieldmanager.com"
User 21: milli: 814 url: "loadus.exelator.com"
User 69: milli: 841 url: "www418.megavideo.com"
1 min, 36 second
User 58: milli: 39 url: "arienh4.net.nyud.net"
User 57: milli: 84 url: "mh2.manhunt.net"
User 51: milli: 143 url: "keywordmax.com"
User 89: milli: 166 url: "mail"
User 17: milli: 254 url: "hv3.webstat.com"
User 27: milli: 261 url: "ads.brazzers.com"
User 18: milli: 402 url: "greatxxxmovie.com"
User 56: milli: 417 url: "ad.yieldmanager.com"
User 53: milli: 423 url: "381.webim0074.webim.myspace.com"
User 77: milli: 539 url: "video-stats.video.google.com"
User 15: milli: 784 url: "ad.yieldmanager.com"
User 4: milli: 830 url: "fb.hf.fminutes.us"
User 67: milli: 830 url: "hv3.webstat.com"
User 55: milli: 857 url: "mail.google.com"
User 48: milli: 904 url: "video-stats.video.google.com"
User 90: milli: 935 url: "netv.sbs.co.kr"
User 33: milli: 978 url: "sn117w.snt117.mail.live.com"
1 min, 37 second
User 15: milli: 1 url: "xp.trafficmp.com"
User 68: milli: 56 url: "aim.search.aol.com"
User 88: milli: 83 url: "auth.ulib.iupui.edu"
User 75: milli: 113 url: "s31.sitemeter.com"
User 69: milli: 173 url: "google.com"
User 26: milli: 218 url: "naver.com"
User 27: milli: 258 url: "c.brightcove.com"
User 4: milli: 342 url: "bid.openx.net"
User 73: milli: 356 url: "apple.com"
User 37: milli: 442 url: "jcomm.uoregon.edu"
User 53: milli: 596 url: "web.ebscohost.com"
User 13: milli: 630 url: "mlb.mlb.com"
User 21: milli: 691 url: "sesamestats.com"
User 79: milli: 751 url: "msn.foxsports.com"
User 60: milli: 800 url: "delivery.trafficjunky.net"
User 67: milli: 850 url: "google.com"
User 56: milli: 930 url: "xp.trafficmp.com"
1 min, 38 second
User 15: milli: 16 url: "bs.serving-sys.com"
User 48: milli: 66 url: "uesp.net"
User 55: milli: 113 url: "at.amgdgt.com"
User 26: milli: 289 url: "yahoo.com"
User 68: milli: 339 url: "uncrate.com"
User 91: milli: 347 url: "burstbeacon.com"
User 21: milli: 435 url: "ad.yieldmanager.com"
User 65: milli: 681 url: "news.bbc.co.uk"
User 79: milli: 893 url: "youtube.com"
User 75: milli: 922 url: "images.google.com"
User 58: milli: 927 url: "video-stats.video.google.com"
User 57: milli: 930 url: "mh2.manhunt.net"
1 min, 39 second
User 58: milli: 152 url: "video-stats.video.google.com"
User 85: milli: 273 url: "google.com"
User 86: milli: 294 url: "zynga.com"
User 15: milli: 326 url: "ro-co1.exp.msn.com"
User 14: milli: 531 url: "npr.org"
User 21: milli: 543 url: "ad.yieldmanager.com"
User 65: milli: 769 url: "abox.ationnet.com"
User 88: milli: 780 url: "kleinfeldbridal.com"
User 57: milli: 789 url: "waterjet.net"
User 90: milli: 803 url: "video-stats.video.google.com"
User 33: milli: 921 url: "iciba.com"
User 48: milli: 996 url: "forums.theimperialassault.com"
1 min, 40 second
User 15: milli: 0 url: "sports.espn.go.com"
User 15 caused an error: ConnectionClosed

   0: failure::backtrace::internal::InternalBacktrace::new
             at /home/jethros/.cargo/registry/src/github.com-1ecc6299db9ec823/failure-0.1.8/src/backtrace/internal.rs:46
   1: failure::backtrace::Backtrace::new
             at /home/jethros/.cargo/registry/src/github.com-1ecc6299db9ec823/failure-0.1.8/src/backtrace/mod.rs:121
   2: <failure::error::error_impl::ErrorImpl as core::convert::From<F>>::from
             at /home/jethros/.cargo/registry/src/github.com-1ecc6299db9ec823/failure-0.1.8/src/error/error_impl.rs:19
   3: <failure::error::Error as core::convert::From<F>>::from
             at /home/jethros/.cargo/registry/src/github.com-1ecc6299db9ec823/failure-0.1.8/src/error/mod.rs:36
   4: <T as core::convert::Into<U>>::into
             at /home/jethros/.rustup/toolchains/nightly-2020-05-01-x86_64-unknown-linux-gnu/lib/rustlib/src/rust/src/libcore/convert/mod.rs:559
   5: headless_chrome::browser::transport::Transport::call_method
             at /home/jethros/.cargo/git/checkouts/rust-headless-chrome-64aacc558fc60af2/68c5a96/src/browser/transport/mod.rs:125
   6: headless_chrome::browser::transport::Transport::call_method_on_browser
             at /home/jethros/.cargo/git/checkouts/rust-headless-chrome-64aacc558fc60af2/68c5a96/src/browser/transport/mod.rs:191
   7: headless_chrome::browser::Browser::call_method
             at /home/jethros/.cargo/git/checkouts/rust-headless-chrome-64aacc558fc60af2/68c5a96/src/browser/mod.rs:353
   8: headless_chrome::browser::Browser::new_tab_with_options
             at /home/jethros/.cargo/git/checkouts/rust-headless-chrome-64aacc558fc60af2/68c5a96/src/browser/mod.rs:218
   9: headless_chrome::browser::Browser::new_tab
             at /home/jethros/.cargo/git/checkouts/rust-headless-chrome-64aacc558fc60af2/68c5a96/src/browser/mod.rs:196
  10: rdr::lib::user_browse
             at src/lib.rs:134
  11: rdr::lib::rdr_scheduler
             at src/lib.rs:172
  12: rdr::main
             at src/main.rs:66
  13: std::rt::lang_start::{{closure}}
             at /home/jethros/.rustup/toolchains/nightly-2020-05-01-x86_64-unknown-linux-gnu/lib/rustlib/src/rust/src/libstd/rt.rs:67
  14: std::rt::lang_start_internal::{{closure}}
             at /rustc/7ced01a730e8fc1bae2f8d4369c26812c0484da4/src/libstd/rt.rs:52
      std::panicking::try::do_call
             at /rustc/7ced01a730e8fc1bae2f8d4369c26812c0484da4/src/libstd/panicking.rs:297
      std::panicking::try
             at /rustc/7ced01a730e8fc1bae2f8d4369c26812c0484da4/src/libstd/panicking.rs:274
      std::panic::catch_unwind
             at /rustc/7ced01a730e8fc1bae2f8d4369c26812c0484da4/src/libstd/panic.rs:394
      std::rt::lang_start_internal
             at /rustc/7ced01a730e8fc1bae2f8d4369c26812c0484da4/src/libstd/rt.rs:51
  15: std::rt::lang_start
             at /home/jethros/.rustup/toolchains/nightly-2020-05-01-x86_64-unknown-linux-gnu/lib/rustlib/src/rust/src/libstd/rt.rs:67
  16: main
  17: __libc_start_main
  18: _start

User 48: milli: 19 url: "ad.admediaprovider.com"
User 13: milli: 26 url: "d.tradex.openx.com"
User 55: milli: 146 url: "minihp.cyworld.com"
User 58: milli: 263 url: "hcr.com"
User 73: milli: 403 url: "ads.brazzers.com"
User 2: milli: 403 url: "wwwq33.megaupload.com"
User 98: milli: 579 url: "a367.yahoofs.com"
User 56: milli: 634 url: "video-stats.video.google.com"
User 67: milli: 691 url: "d.tradex.openx.com"
User 12: milli: 751 url: "secure-us.imrworldwide.com"
User 27: milli: 753 url: "youtube.com"
User 88: milli: 771 url: "kleinfeldbridal.com"
User 90: milli: 917 url: "i.dell.com"
User 69: milli: 967 url: "video-stats.video.google.com"
User 21: milli: 974 url: "sesamestats.com"
1 min, 41 second
User 94: milli: 47 url: "xjjh.com"
User 71: milli: 55 url: "support.microsoft.com"
User 48: milli: 93 url: "espn.go.com"
User 55: milli: 135 url: "cyworld.co.kr"
User 5: milli: 196 url: "fancast.com"
User 75: milli: 231 url: "d.tradex.openx.com"
User 12: milli: 255 url: "secure-us.imrworldwide.com"
User 53: milli: 299 url: "facebook.com"
User 13: milli: 394 url: "ad.yieldmanager.com"
User 4: milli: 417 url: "facebook.com"
User 28: milli: 420 url: "mail.google.com"
User 73: milli: 438 url: "ads.imgur.com"
User 21: milli: 458 url: "ad.yieldmanager.com"
User 57: milli: 612 url: "mh2.manhunt.net"
User 88: milli: 684 url: "google.com"
User 15: milli: 794 url: "enoratraffic.com"
User 68: milli: 907 url: "sm5.sitemeter.com"
User 81: milli: 960 url: "b22.photo.store.qq.com"
1 min, 42 second
User 40: milli: 3 url: "tripadvisor.com"
User 65: milli: 11 url: "ad.yieldmanager.com"
User 91: milli: 38 url: "nbcsports.msnbc.com"
User 48: milli: 157 url: "d.tradex.openx.com"
User 98: milli: 320 url: "srv2.wa.marketingsolutions.yahoo.com"
User 66: milli: 348 url: "graphics.fansonly.com"
User 57: milli: 432 url: "mh2.manhunt.net"
User 83: milli: 434 url: "bbs.20jh.net"
User 2: milli: 447 url: "muslimvoices.org"
User 15: milli: 474 url: "arienh4.net.nyud.net"
User 68: milli: 504 url: "hv3.webstat.com"
User 77: milli: 530 url: "youtube.com"
User 28: milli: 558 url: "hv3.webstat.com"
User 94: milli: 613 url: "digg.com"
User 4: milli: 755 url: "facebook.com"
User 93: milli: 786 url: "facebook.com"
User 14: milli: 934 url: "penciloflight.deviantart.com"
1 min, 43 second
User 14: milli: 26 url: "api.facebook.com"
User 48: milli: 33 url: "v.daum.net"
User 88: milli: 135 url: "w3.org"
User 12: milli: 182 url: "ad.insightexpressai.com"
User 56: milli: 291 url: "ads.brazzers.com"
User 42: milli: 305 url: "ads.brazzers.com"
User 91: milli: 316 url: "kiwidisk.com"
User 98: milli: 350 url: "googleads.g.doubleclick.net"
User 68: milli: 359 url: "hv3.webstat.com"
User 41: milli: 411 url: "hcr.com"
User 21: milli: 412 url: "teendestruction.com"
User 95: milli: 464 url: "fw.qq.com"
User 57: milli: 596 url: "mh2.manhunt.net"
User 89: milli: 709 url: "python-ps3.sourceforge.net"
User 28: milli: 818 url: "g4.ykimg.com"
User 73: milli: 823 url: "idsnews.com"
User 83: milli: 827 url: "moviefone.com"
User 8: milli: 856 url: "mail.google.com"
1 min, 44 second
User 79: milli: 39 url: "d.tradex.openx.com"
User 98: milli: 191 url: "hcr.com"
User 43: milli: 207 url: "facebook.com"
User 48: milli: 249 url: "hv3.webstat.com"
User 56: milli: 276 url: "target.com"
User 52: milli: 375 url: "asfix.adultswim.com"
User 57: milli: 484 url: "mh2.manhunt.net"
User 41: milli: 498 url: "youtube.com"
User 12: milli: 556 url: "womenofyoutube.mevio.com"
User 19: milli: 738 url: "smashingstyles.com"
User 91: milli: 782 url: "arienh4.net.nyud.net"
User 88: milli: 788 url: "player.cdn.targetspot.com"
User 21: milli: 840 url: "home.live.com"
User 15: milli: 863 url: "stumbleupon.com"
User 83: milli: 866 url: "games.qq.com"
1 min, 45 second
User 8: milli: 26 url: "target.com"
User 26: milli: 73 url: "ads.brazzers.com"
User 48: milli: 122 url: "google.com"
User 33: milli: 200 url: "nba.tom.com"
User 13: milli: 249 url: "sonystyle.com"
User 84: milli: 323 url: "bbs.20jh.net"
User 57: milli: 342 url: "mh2.manhunt.net"
User 53: milli: 411 url: "biblegateway.com"
User 68: milli: 609 url: "ad.yieldmanager.com"
User 41: milli: 657 url: "a367.yahoofs.com"
User 40: milli: 738 url: "aol.com"
User 21: milli: 766 url: "d20srd.org"
User 86: milli: 852 url: "sesamestats.com"
User 83: milli: 896 url: "ad.doubleclick.net"
User 52: milli: 974 url: "ad.103092804.com"
User 28: milli: 993 url: "google.com"
1 min, 46 second
User 59: milli: 10 url: "bs.serving-sys.com"
User 19: milli: 134 url: "smashingstyles.com"
User 48: milli: 292 url: "youtube.com"
User 99: milli: 343 url: "google.com"
User 41: milli: 354 url: "google.com"
User 42: milli: 412 url: "wizard.liveperson.com"
User 52: milli: 476 url: "img.alimama.cn"
User 55: milli: 478 url: "thumb.brandreachsys.com"
User 83: milli: 495 url: "d.tradex.openx.com"
User 56: milli: 507 url: "womenofyoutube.mevio.com"
User 98: milli: 537 url: "video-stats.video.google.com"
User 8: milli: 689 url: "tags.bluekai.com"
User 28: milli: 740 url: "ads.brazzers.com"
User 66: milli: 754 url: "deco-01.slide.com"
User 13: milli: 774 url: "d.tradex.openx.com"
User 12: milli: 830 url: "womenofyoutube.mevio.com"
User 27: milli: 872 url: "yahoo.com"
User 4: milli: 904 url: "ads.brazzers.com"
User 21: milli: 914 url: "kaw.t.msn.com"
1 min, 47 second
User 98: milli: 1 url: "album.sina.com.cn"
User 21: milli: 4 url: "ad.yieldmanager.com"
User 14: milli: 62 url: "teendestruction.com"
User 88: milli: 151 url: "54.webim0366.webim.myspace.com"
User 90: milli: 186 url: "allmovieportal.com"
User 12: milli: 189 url: "nytimes.com"
User 40: milli: 203 url: "bbs.20jh.net"
User 68: milli: 232 url: "letv.com"
User 52: milli: 354 url: "hcr.com"
User 37: milli: 354 url: "oaksterdamuniversity.com"
User 57: milli: 360 url: "mh2.manhunt.net"
User 55: milli: 365 url: "target.com"
User 79: milli: 425 url: "d.tradex.openx.com"
User 83: milli: 452 url: "advertising.paltalk.com"
User 13: milli: 813 url: "d.tradex.openx.com"
1 min, 48 second
User 59: milli: 5 url: "woot.com"
User 98: milli: 82 url: "hcr.com"
User 15: milli: 97 url: "image.wapi.wetpaint.com"
User 88: milli: 122 url: "womenofyoutube.mevio.com"
User 21: milli: 166 url: "a.collective-media.net"
User 83: milli: 224 url: "0.channel34.facebook.com"
User 58: milli: 359 url: "hv3.webstat.com"
User 31: milli: 399 url: "hulu.com"
User 75: milli: 677 url: "d.tradex.openx.com"
User 79: milli: 748 url: "d.tradex.openx.com"
User 2: milli: 764 url: "images.google.com"
User 73: milli: 925 url: "sesamestats.com"
1 min, 49 second
User 13: milli: 118 url: "ads.brazzers.com"
User 58: milli: 121 url: "spike.com"
User 84: milli: 153 url: "ads.brazzers.com"
User 89: milli: 275 url: "en.wikipedia.org"
User 18: milli: 285 url: "arienh4.net.nyud.net"
User 71: milli: 355 url: "ads.revsci.net"
User 56: milli: 435 url: "thatguywiththeglasses.com"
User 31: milli: 490 url: "video-stats.video.google.com"
User 86: milli: 585 url: "video-stats.video.google.com"
User 59: milli: 755 url: "newlyrics.gomtv.com"
User 75: milli: 845 url: "stmp.daum.net"
User 26: milli: 862 url: "medaudio.medicine.iu.edu"
User 34: milli: 894 url: "msn.com"
1 min, 50 second
User 95: milli: 36 url: "abcnews.go.com"
User 86: milli: 104 url: "zynga.com"
User 98: milli: 120 url: "music.myspace.com"
User 58: milli: 159 url: "ad.doubleclick.net"
User 34: milli: 200 url: "static2.photo.sina.com.cn"
User 42: milli: 361 url: "google.com"
User 13: milli: 404 url: "cmls.overture.com"
User 41: milli: 439 url: "hv3.webstat.com"
User 12: milli: 482 url: "mh2.manhunt.net"
User 57: milli: 542 url: "mh2.manhunt.net"
User 89: milli: 629 url: "t-shirts.cafepress.com"
User 14: milli: 798 url: "hv3.webstat.com"
User 4: milli: 855 url: "d.tradex.openx.com"
User 37: milli: 875 url: "ad.yieldmanager.com"
User 83: milli: 877 url: "d.tradex.openx.com"
User 52: milli: 927 url: "google.com"
User 45: milli: 929 url: "youtube.com"
User 28: milli: 949 url: "futu.co.kr"
User 79: milli: 977 url: "d.tradex.openx.com"
1 min, 51 second
User 32: milli: 0 url: "marketwatch.com"
User 32 caused an error: ConnectionClosed

   0: failure::backtrace::internal::InternalBacktrace::new
             at /home/jethros/.cargo/registry/src/github.com-1ecc6299db9ec823/failure-0.1.8/src/backtrace/internal.rs:46
   1: failure::backtrace::Backtrace::new
             at /home/jethros/.cargo/registry/src/github.com-1ecc6299db9ec823/failure-0.1.8/src/backtrace/mod.rs:121
   2: <failure::error::error_impl::ErrorImpl as core::convert::From<F>>::from
             at /home/jethros/.cargo/registry/src/github.com-1ecc6299db9ec823/failure-0.1.8/src/error/error_impl.rs:19
   3: <failure::error::Error as core::convert::From<F>>::from
             at /home/jethros/.cargo/registry/src/github.com-1ecc6299db9ec823/failure-0.1.8/src/error/mod.rs:36
   4: <T as core::convert::Into<U>>::into
             at /home/jethros/.rustup/toolchains/nightly-2020-05-01-x86_64-unknown-linux-gnu/lib/rustlib/src/rust/src/libcore/convert/mod.rs:559
   5: headless_chrome::browser::transport::Transport::call_method
             at /home/jethros/.cargo/git/checkouts/rust-headless-chrome-64aacc558fc60af2/68c5a96/src/browser/transport/mod.rs:125
   6: headless_chrome::browser::transport::Transport::call_method_on_browser
             at /home/jethros/.cargo/git/checkouts/rust-headless-chrome-64aacc558fc60af2/68c5a96/src/browser/transport/mod.rs:191
   7: headless_chrome::browser::Browser::call_method
             at /home/jethros/.cargo/git/checkouts/rust-headless-chrome-64aacc558fc60af2/68c5a96/src/browser/mod.rs:353
   8: headless_chrome::browser::Browser::new_tab_with_options
             at /home/jethros/.cargo/git/checkouts/rust-headless-chrome-64aacc558fc60af2/68c5a96/src/browser/mod.rs:218
   9: headless_chrome::browser::Browser::new_tab
             at /home/jethros/.cargo/git/checkouts/rust-headless-chrome-64aacc558fc60af2/68c5a96/src/browser/mod.rs:196
  10: rdr::lib::user_browse
             at src/lib.rs:134
  11: rdr::lib::rdr_scheduler
             at src/lib.rs:172
  12: rdr::main
             at src/main.rs:66
  13: std::rt::lang_start::{{closure}}
             at /home/jethros/.rustup/toolchains/nightly-2020-05-01-x86_64-unknown-linux-gnu/lib/rustlib/src/rust/src/libstd/rt.rs:67
  14: std::rt::lang_start_internal::{{closure}}
             at /rustc/7ced01a730e8fc1bae2f8d4369c26812c0484da4/src/libstd/rt.rs:52
      std::panicking::try::do_call
             at /rustc/7ced01a730e8fc1bae2f8d4369c26812c0484da4/src/libstd/panicking.rs:297
      std::panicking::try
             at /rustc/7ced01a730e8fc1bae2f8d4369c26812c0484da4/src/libstd/panicking.rs:274
      std::panic::catch_unwind
             at /rustc/7ced01a730e8fc1bae2f8d4369c26812c0484da4/src/libstd/panic.rs:394
      std::rt::lang_start_internal
             at /rustc/7ced01a730e8fc1bae2f8d4369c26812c0484da4/src/libstd/rt.rs:51
  15: std::rt::lang_start
             at /home/jethros/.rustup/toolchains/nightly-2020-05-01-x86_64-unknown-linux-gnu/lib/rustlib/src/rust/src/libstd/rt.rs:67
  16: main
  17: __libc_start_main
  18: _start

User 84: milli: 53 url: "ads.brazzers.com"
User 99: milli: 69 url: "hv3.webstat.com"
User 41: milli: 78 url: "video.od.visiblemeasures.com"
User 63: milli: 87 url: "google.com"
User 89: milli: 179 url: "hcr.com"
User 58: milli: 227 url: "lists.boost.org"
User 83: milli: 232 url: "d.tradex.openx.com"
User 28: milli: 286 url: "talenthunter.com"
User 98: milli: 301 url: "tehparadox.com"
User 55: milli: 306 url: "sesamestats.com"
User 65: milli: 407 url: "abc.go.com"
User 19: milli: 452 url: "watchellenshow.com"
User 31: milli: 660 url: "ilovelanguages.com"
User 12: milli: 865 url: "mh2.manhunt.net"
User 93: milli: 895 url: "sugoideas.com"
User 48: milli: 934 url: "ads.brazzers.com"
1 min, 52 second
User 13: milli: 11 url: "naruto.fb.crunchyroll.com"
User 12: milli: 24 url: "mh2.manhunt.net"
User 37: milli: 218 url: "blog.naver.com"
User 31: milli: 400 url: "pixel.rubiconproject.com"
User 67: milli: 467 url: "imeem.com"
User 95: milli: 476 url: "hv3.webstat.com"
User 4: milli: 482 url: "hcr.com"
User 26: milli: 545 url: "facebook.com"
User 75: milli: 563 url: "d.tradex.openx.com"
User 63: milli: 575 url: "ad.yieldmanager.com"
User 83: milli: 821 url: "l.qq.com"
User 28: milli: 855 url: "video-stats.video.google.com"
User 40: milli: 863 url: "70530.cim.meebo.com"
User 34: milli: 886 url: "d.tradex.openx.com"
User 84: milli: 894 url: "minihp.cyworld.com"
User 41: milli: 960 url: "hv3.webstat.com"
1 min, 53 second
User 34: milli: 179 url: "ro-co1.exp.msn.com"
User 55: milli: 329 url: "google.com"
User 41: milli: 377 url: "espn.go.com"
User 95: milli: 380 url: "buzzbox.buzzfeed.com"
User 83: milli: 405 url: "ad.yieldmanager.com"
User 75: milli: 413 url: "insidebodybuilding.blogspot.com"
User 65: milli: 443 url: "fastbrowsersearch.com"
User 78: milli: 450 url: "mixi.jp"
User 84: milli: 498 url: "msn.foxsports.com"
User 12: milli: 518 url: "mh2.manhunt.net"
User 4: milli: 999 url: "d.tradex.openx.com"
1 min, 54 second
User 48: milli: 63 url: "media.brandreachsys.com"
User 33: milli: 87 url: "disqus.com"
User 63: milli: 134 url: "sesamestats.com"
User 26: milli: 148 url: "naver.com"
User 65: milli: 168 url: "target.com"
User 32: milli: 187 url: "sesamestats.com"
User 73: milli: 195 url: "ad.doubleclick.net"
User 24: milli: 302 url: "ad.yieldmanager.com"
User 55: milli: 314 url: "br.fling.com"
User 12: milli: 324 url: "mh2.manhunt.net"
User 78: milli: 370 url: "webmail.aol.com"
User 83: milli: 390 url: "community.livejournal.com"
User 74: milli: 416 url: "arienh4.net.nyud.net"
User 79: milli: 430 url: "facebook.com"
User 77: milli: 458 url: "altfarm.mediaplex.com"
User 13: milli: 485 url: "naruto.fb.crunchyroll.com"
User 1: milli: 608 url: "bbs.20jh.net"
User 31: milli: 633 url: "stumbleupon.com"
User 84: milli: 789 url: "twitpic.com"
User 52: milli: 810 url: "facebook.com"
User 5: milli: 867 url: "secure-us.imrworldwide.com"
1 min, 55 second
User 99: milli: 62 url: "megavideo.com"
User 98: milli: 273 url: "talenthunter.com"
User 85: milli: 375 url: "338.webim0114.webim.myspace.com"
User 63: milli: 375 url: "womenofyoutube.mevio.com"
User 86: milli: 416 url: "video-stats.video.google.com"
User 94: milli: 453 url: "samanyoluhaber.com"
User 34: milli: 480 url: "animeshippuuden.com"
User 13: milli: 500 url: "youtube.com"
User 26: milli: 669 url: "onemanga.com"
User 37: milli: 731 url: "sesamestats.com"
User 81: milli: 779 url: "arienh4.net.nyud.net"
User 12: milli: 779 url: "mh2.manhunt.net"
User 84: milli: 851 url: "arienh4.net.nyud.net"
1 min, 56 second
User 86: milli: 23 url: "sidereel.com"
User 37: milli: 138 url: "myspace.com"
User 26: milli: 159 url: "video-stats.video.google.com"
User 3: milli: 188 url: "facebook.com"
User 54: milli: 247 url: "ads.brazzers.com"
User 63: milli: 260 url: "nbcsports.msnbc.com"
User 84: milli: 356 url: "womenofyoutube.mevio.com"
User 79: milli: 433 url: "ads.brazzers.com"
User 66: milli: 439 url: "graphics.fansonly.com"
User 34: milli: 644 url: "ad.yieldmanager.com"
User 29: milli: 661 url: "ads.brazzers.com"
User 1: milli: 777 url: "google.com"
User 57: milli: 809 url: "mh2.manhunt.net"
User 78: milli: 811 url: "megaupload.com"
User 12: milli: 835 url: "mh2.manhunt.net"
User 32: milli: 957 url: "arienh4.net.nyud.net"
1 min, 57 second
User 57: milli: 42 url: "mh2.manhunt.net"
User 98: milli: 101 url: "face9.qun.qq.com"
User 86: milli: 113 url: "chronicle.com"
User 12: milli: 155 url: "mh2.manhunt.net"
User 4: milli: 165 url: "womenofyoutube.mevio.com"
User 58: milli: 166 url: "womenofyoutube.mevio.com"
User 63: milli: 174 url: "hcr.com"
User 34: milli: 272 url: "d.tradex.openx.com"
User 79: milli: 341 url: "d.tradex.openx.com"
User 13: milli: 352 url: "b77.cnzz.com"
User 44: milli: 440 url: "nate.com"
User 77: milli: 444 url: "freehentaiporn.net"
User 40: milli: 537 url: "ad.yieldm"
User 32: milli: 541 url: "sesamestats.com"
User 88: milli: 625 url: "hv3.webstat.com"
User 29: milli: 637 url: "womenofyoutube.mevio.com"
User 59: milli: 641 url: "sesamestats.com"
User 48: milli: 649 url: "d.tradex.openx.com"
User 53: milli: 649 url: "thumb.brandreachsys.com"
User 68: milli: 662 url: "msn.foxsports.com"
User 78: milli: 665 url: "ads.brazzers.com"
User 26: milli: 683 url: "youtube.com"
User 31: milli: 771 url: "newson.nate.com"
User 21: milli: 963 url: "xp.trafficmp.com"
1 min, 58 second
User 8: milli: 3 url: "dmm.co.jp"
User 19: milli: 128 url: "smashingstyles.com"
User 52: milli: 152 url: "womenofyoutube.mevio.com"
User 53: milli: 190 url: "youtube.com"
User 78: milli: 259 url: "youtube.com"
User 59: milli: 306 url: "engr.iupui.edu"
User 13: milli: 389 url: "bid.openx.net"
User 12: milli: 490 url: "mh2.manhunt.net"
User 26: milli: 570 url: "facebook.com"
User 74: milli: 592 url: "apps.facebook.com"
User 99: milli: 712 url: "kelley.iu.edu"
User 37: milli: 752 url: "google.com"
User 63: milli: 782 url: "media.brandreachsys.com"
User 67: milli: 785 url: "file.dreamer20c.cafe24.com"
User 81: milli: 826 url: "search.yahoo.com"
User 85: milli: 830 url: "womenofyoutube.mevio.com"
User 29: milli: 893 url: "video-stats.video.google.com"
User 41: milli: 903 url: "www2.im.alisoft.com"
1 min, 59 second
User 57: milli: 17 url: "mh2.manhunt.net"
User 13: milli: 163 url: "google.com"
User 59: milli: 211 url: "cafe427.daum.net"
User 34: milli: 344 url: "anmgpvpw.vp.video.l.google.com"
User 21: milli: 383 url: "sesamestats.com"
User 71: milli: 502 url: "google.com"
User 78: milli: 511 url: "womenofyoutube.mevio.com"
User 84: milli: 513 url: "google.com"
User 31: milli: 567 url: "hcr.com"
User 14: milli: 611 url: "a19.photo.store.qq.com"
User 44: milli: 718 url: "msn.foxsports.com"
User 65: milli: 825 url: "google.com"
User 12: milli: 844 url: "mh2.manhunt.net"
User 77: milli: 893 url: "msn.foxsports.com"
User 88: milli: 911 url: "facebook.com"
2 min, 0 second
User 84: milli: 42 url: "mail.google.com"
User 30: milli: 51 url: "naver.com"
User 68: milli: 94 url: "365zw.com"
User 83: milli: 248 url: "sesamestats.com"
User 26: milli: 287 url: "idsnews.com"
User 34: milli: 304 url: "talenthunter.com"
User 18: milli: 418 url: "greatxxxmovie.com"
User 29: milli: 489 url: "google.com"
User 85: milli: 495 url: "ads.brazzers.com"
User 12: milli: 716 url: "mh2.manhunt.net"
User 52: milli: 730 url: "textsfromlastnight.com"
User 28: milli: 734 url: "ads.brazzers.com"
User 41: milli: 822 url: "sesamestats.com"
User 63: milli: 839 url: "msn.foxsports.com"
User 91: milli: 846 url: "mail.google.com"
User 59: milli: 943 url: "nytimes.com"
User 13: milli: 979 url: "barnesandnoble.com"
2 min, 1 second
User 31: milli: 39 url: "utexas.edu"
User 30: milli: 50 url: "en.wikipedia.org"
User 13: milli: 55 url: "br.fling.com"
User 83: milli: 55 url: "xraex21.livejournal.com"
User 73: milli: 63 url: "static.addtoany.com"
User 95: milli: 67 url: "ad.yieldmanager.com"
User 41: milli: 274 url: "womenofyoutube.mevio.com"
User 44: milli: 284 url: "arienh4.net.nyud.net"
User 67: milli: 360 url: "s7.addthis.com"
User 56: milli: 419 url: "msn.foxsports.com"
User 94: milli: 458 url: "ads.brazzers.com"
User 1: milli: 503 url: "vip.51.la"
User 88: milli: 648 url: "hcr.com"
User 14: milli: 686 url: "bing.com"
User 59: milli: 712 url: "ad.insightexpressai.com"
User 12: milli: 739 url: "mh2.manhunt.net"
User 84: milli: 777 url: "facebook.com"
User 78: milli: 887 url: "hcr.com"
User 81: milli: 956 url: "fe.brandreachsys.com"
User 15: milli: 962 url: "cosmos.bcst.yahoo.com"
2 min, 2 second
User 30: milli: 74 url: "video-stats.video.google.com"
User 29: milli: 91 url: "ads.brazzers.com"
User 59: milli: 94 url: "facebook.com"
User 88: milli: 111 url: "gredic.com"
User 74: milli: 143 url: "98.129.188.217"
User 57: milli: 180 url: "mh2.manhunt.net"
User 26: milli: 200 url: "video-stats.video.google.com"
User 78: milli: 232 url: "gaiaonline.com"
User 58: milli: 332 url: "skins.be"
User 1: milli: 438 url: "womenofyoutube.mevio.com"
User 21: milli: 440 url: "ads.brazzers.com"
User 95: milli: 491 url: "sn121w.snt121.mail.live.com"
User 84: milli: 822 url: "getgambit.com"
User 13: milli: 860 url: "naruto.fb.crunchyroll.com"
User 85: milli: 864 url: "cyimg.cyworld.com"
User 28: milli: 971 url: "control.ads.pointroll.com"
2 min, 3 second
User 30: milli: 91 url: "cs.indiana.edu"
User 53: milli: 189 url: "ad.yieldmanager.com"
User 48: milli: 193 url: "video.od.visiblemeasures.com"
User 84: milli: 243 url: "msn.foxsports.com"
User 95: milli: 257 url: "microsoft.com"
User 29: milli: 370 url: "arienh4.net.nyud.net"
User 41: milli: 397 url: "xtube.com"
User 18: milli: 408 url: "ads.brazzers.com"
User 34: milli: 408 url: "cfs14.tistory.com"
User 28: milli: 491 url: "motors.shop.ebay.com"
User 60: milli: 523 url: "fleaflicker.com"
User 59: milli: 605 url: "toptvbytes.com"
User 78: milli: 697 url: "a.ok.facebook.com"
User 66: milli: 725 url: "hcr.com"
User 12: milli: 997 url: "mh2.manhunt.net"
2 min, 4 second
User 26: milli: 14 url: "womenofyoutube.mevio.com"
User 57: milli: 118 url: "mh2.manhunt.net"
User 69: milli: 154 url: "google.com"
User 12: milli: 173 url: "mh2.manhunt.net"
User 3: milli: 220 url: "tag.contextweb.com"
User 94: milli: 312 url: "bbs.20jh.net"
User 73: milli: 345 url: "wunderground.com"
User 58: milli: 351 url: "green.crossmedia.co.kr"
User 21: milli: 364 url: "burstbeacon.com"
User 95: milli: 572 url: "msn.foxsports.com"
User 34: milli: 577 url: "d.tradex.openx.com"
User 78: milli: 583 url: "hv3.webstat.com"
User 29: milli: 616 url: "mediaservices.myspace.com"
User 56: milli: 626 url: "msn.foxsports.com"
User 19: milli: 647 url: "artnet.com"
User 28: milli: 760 url: "sports.espn.go.com"
User 65: milli: 767 url: "megavideo.com"
User 30: milli: 806 url: "realestate.yahoo.com"
User 48: milli: 918 url: "blogs.medicine.iu.edu"
User 13: milli: 969 url: "msn.foxsports.com"
2 min, 5 second
User 61: milli: 63 url: "foto.mail.ru"
User 12: milli: 220 url: "mh2.manhunt.net"
User 95: milli: 288 url: "womenofyoutube.mevio.com"
User 1: milli: 345 url: "cntf-cnxc.org"
User 30: milli: 407 url: "cs.indiana.edu"
User 26: milli: 427 url: "action.mathtag.com"
User 48: milli: 441 url: "youtube.com"
User 31: milli: 444 url: "diligogames.com"
User 58: milli: 471 url: "ad.yieldmanager.com"
User 79: milli: 482 url: "arienh4.net.nyud.net"
User 3: milli: 527 url: "fe.brandreachsys.com"
User 81: milli: 610 url: "facebook.com"
User 73: milli: 753 url: "secure-us.imrworldwide.com"
User 99: milli: 912 url: "hv3.webstat.com"
User 42: milli: 936 url: "womenofyoutube.mevio.com"
User 28: milli: 973 url: "tag.contextweb.com"
User 13: milli: 994 url: "thumb.brandreachsys.com"
2 min, 6 second
User 67: milli: 3 url: "d.tradex.openx.com"
User 59: milli: 25 url: "servedby.advertising.com"
User 42: milli: 61 url: "wfiu.org"
User 28: milli: 268 url: "games.espn.go.com"
User 95: milli: 284 url: "time.com"
User 30: milli: 425 url: "youtube.com"
User 79: milli: 561 url: "d.tradex.openx.com"
User 73: milli: 577 url: "video-stats.video.google.com"
User 53: milli: 738 url: "ro-co1.exp.msn.com"
User 44: milli: 756 url: "solutions.com"
User 48: milli: 820 url: "d.tradex.openx.com"
User 86: milli: 845 url: "proquest.umi.com"
User 90: milli: 901 url: "video-stats.video.google.com"
User 61: milli: 916 url: "ad.se.doubleclick.net"
User 34: milli: 953 url: "d.tradex.openx.com"
User 13: milli: 991 url: "sn112w.snt112.mail.live.com"
2 min, 7 second
User 28: milli: 46 url: "sports.yahoo.com"
User 98: milli: 180 url: "seekingarrangement.com"
User 99: milli: 182 url: "sn117w.snt117.mail.live.com"
User 71: milli: 300 url: "loginsvc.cyworld.com"
User 73: milli: 436 url: "espn.go.com"
User 57: milli: 458 url: "ib.adnxs.com"
User 29: milli: 562 url: "hv3.webstat.com"
User 58: milli: 760 url: "ad.doubleclick.net"
User 84: milli: 844 url: "msn.foxsports.com"
2 min, 8 second
User 48: milli: 42 url: "context3.kanoodle.com"
User 21: milli: 46 url: "youtube.com"
User 12: milli: 71 url: "mh2.manhunt.net"
User 99: milli: 73 url: "graphics.fansonly.com"
User 57: milli: 77 url: "mh2.manhunt.net"
User 73: milli: 169 url: "inkido.indiana.edu"
User 30: milli: 217 url: "youtube.com"
User 13: milli: 366 url: "ad.yieldmanager.com"
User 83: milli: 406 url: "xp.trafficmp.com"
User 86: milli: 460 url: "youtube.com"
User 34: milli: 465 url: "a367.yahoofs.com"
User 58: milli: 593 url: "cyworld.com"
User 41: milli: 674 url: "boston.com"
User 79: milli: 767 url: "d.tradex.openx.com"
User 77: milli: 777 url: "youtube.com"
User 98: milli: 785 url: "minisite2009.qq.com"
User 59: milli: 828 url: "ads.brazzers.com"
User 37: milli: 975 url: "oaksterdamuniversity.com"
User 61: milli: 983 url: "youtube.com"
User 68: milli: 991 url: "highschoolsports.net"
2 min, 9 second
User 4: milli: 55 url: "teendestruction.com"
User 88: milli: 137 url: "pagead2.googlesyndication.com"
User 78: milli: 222 url: "google.com"
User 61: milli: 268 url: "player.cdn.targetspot.com"
User 79: milli: 376 url: "facebook.com"
User 44: milli: 432 url: "bs.serving-sys.com"
User 73: milli: 501 url: "bing.com"
User 99: milli: 554 url: "waterjet.net"
User 21: milli: 556 url: "youtube.com"
User 41: milli: 613 url: "stat.verycd.com"
User 59: milli: 614 url: "amsv2.daum.net"
User 95: milli: 687 url: "leadback.advertising.com"
User 65: milli: 937 url: "idsnews.com"
User 77: milli: 950 url: "arienh4.net.nyud.net"
User 13: milli: 956 url: "poll.hanafos.com"
2 min, 10 second
User 13: milli: 17 url: "web.lightningcast.net"
User 21: milli: 54 url: "womenofyoutube.mevio.com"
User 81: milli: 81 url: "web.lightningcast.net"
User 30: milli: 101 url: "chicagotribune.com"
User 57: milli: 263 url: "mh2.manhunt.net"
User 83: milli: 272 url: "d.tradex.openx.com"
User 14: milli: 275 url: "view.atdmt.com"
User 73: milli: 307 url: "ads.brazzers.com"
User 48: milli: 363 url: "v.daum.net"
User 58: milli: 408 url: "ad.yieldmanager.com"
User 41: milli: 418 url: "video-stats.video.google.com"
User 12: milli: 452 url: "mh2.manhunt.net"
User 4: milli: 600 url: "teendestruction.com"
User 86: milli: 621 url: "nytimes.com"
User 79: milli: 653 url: "assoc-amazon.com"
User 99: milli: 667 url: "secure-us.imrworldwide.com"
User 85: milli: 706 url: "hcr.com"
User 59: milli: 814 url: "sesamestats.com"
User 33: milli: 931 url: "a367.yahoofs.com"
User 18: milli: 966 url: "ad.insightexpressai.com"
2 min, 11 second
User 31: milli: 3 url: "assoc-amazon.com"
User 57: milli: 10 url: "acparadise.com"
User 12: milli: 14 url: "mh2.manhunt.net"
User 78: milli: 30 url: "static.wholikesu.net"
User 34: milli: 74 url: "burstbeacon.com"
User 73: milli: 281 url: "bs.serving-sys.com"
User 37: milli: 339 url: "jcomm.uoregon.edu"
User 52: milli: 360 url: "xp.trafficmp.com"
User 83: milli: 391 url: "newdaily.co.kr"
User 42: milli: 400 url: "blog.sina.com.cn"
User 61: milli: 452 url: "ad.yieldmanager.com"
User 89: milli: 492 url: "stumbleupon.com"
User 21: milli: 528 url: "bk.pps.tv"
User 30: milli: 531 url: "b3ea78703af5cce2.users.storage.live.com"
User 13: milli: 534 url: "womenofyoutube.mevio.com"
User 79: milli: 609 url: "ad.doubleclick.net"
User 99: milli: 629 url: "d.tradex.openx.com"
User 77: milli: 675 url: "google.com"
User 40: milli: 692 url: "hcr.com"
User 28: milli: 720 url: "ad.yieldmanager.com"
User 81: milli: 901 url: "flickr.com"
2 min, 12 second
User 59: milli: 4 url: "googleads.g.doubleclick.net"
User 21: milli: 21 url: "view.atdmt.com"
User 99: milli: 80 url: "208.80.52.88"
User 78: milli: 205 url: "bs.serving-sys.com"
User 13: milli: 477 url: "arienh4.net.nyud.net"
User 40: milli: 485 url: "images.google.com"
User 57: milli: 527 url: "womenofyoutube.mevio.com"
User 30: milli: 685 url: "aka-cdn-ns.adtechus.com"
User 14: milli: 854 url: "f6b2e639b3eebb23.users.storage.live.com"
User 67: milli: 971 url: "image.wapi.wetpaint.com"
User 71: milli: 981 url: "espn.go.com"
2 min, 13 second
User 77: milli: 168 url: "givealink.org"
User 78: milli: 225 url: "igasoccer.com"
User 58: milli: 264 url: "xjjh.com"
User 12: milli: 295 url: "mh2.manhunt.net"
User 28: milli: 408 url: "arienh4.net.nyud.net"
User 80: milli: 566 url: "image.baidu.com"
User 57: milli: 588 url: "apps.facebook.com"
User 4: milli: 723 url: "d.tradex.openx.com"
User 99: milli: 744 url: "d.tradex.openx.com"
User 65: milli: 761 url: "hv3.webstat.com"
User 31: milli: 788 url: "failblog.org"
User 61: milli: 805 url: "sesamestats.com"
User 73: milli: 830 url: "0.channel12.facebook.com"
User 40: milli: 872 url: "nbc.com"
User 13: milli: 982 url: "veoh.com"
2 min, 14 second
User 60: milli: 36 url: "hcr.com"
User 86: milli: 54 url: "burstbeacon.com"
User 48: milli: 128 url: "forums.theimperialassault.com"
User 58: milli: 211 url: "assoc-amazon.com"
User 61: milli: 372 url: "google.com"
User 42: milli: 380 url: "womenofyoutube.mevio.com"
User 21: milli: 471 url: "ad.yieldmanager.com"
User 37: milli: 501 url: "web.51.la"
User 80: milli: 522 url: "image.baidu.com"
User 31: milli: 576 url: "youtube.com"
User 69: milli: 579 url: "sesamestats.com"
User 13: milli: 609 url: "google.com"
User 4: milli: 713 url: "ads.brazzers.com"
User 57: milli: 782 url: "mh2.manhunt.net"
User 98: milli: 969 url: "youtube.com"
2 min, 15 second
User 77: milli: 27 url: "bs.serving-sys.com"
User 56: milli: 52 url: "video-stats.video.google.com"
User 60: milli: 264 url: "anmgpvpw.vp.video.l.google.com"
User 63: milli: 286 url: "weather.com"
User 21: milli: 306 url: "video-stats.video.google.com"
User 31: milli: 455 url: "search.yahoo.com"
User 57: milli: 466 url: "pagead2.googlesyndication.com"
User 34: milli: 481 url: "d.tradex.openx.com"
User 58: milli: 486 url: "video-stats.video.google.com"
User 85: milli: 534 url: "focusbaiduafp.allyes.com"
User 73: milli: 559 url: "ncbi.nlm.nih.gov"
User 14: milli: 815 url: "mail.google.com"
User 1: milli: 841 url: "talenthunter.com"
User 84: milli: 849 url: "arienh4.net.nyud.net"
User 99: milli: 860 url: "sports.espn.go.com"
User 71: milli: 965 url: "google.com"
2 min, 16 second
User 41: milli: 114 url: "sherlockian.net"
User 25: milli: 367 url: "thechive.com"
User 29: milli: 492 url: "thenorthface.com"
User 99: milli: 503 url: "searchjob.chinahr.com"
User 57: milli: 529 url: "mh2.manhunt.net"
User 79: milli: 550 url: "womenofyoutube.mevio.com"
User 21: milli: 749 url: "womenofyoutube.mevio.com"
User 12: milli: 756 url: "viewmorepics.myspace.com"
User 91: milli: 774 url: "cyimg.cyworld.com"
User 48: milli: 804 url: "ads.brazzers.com"
User 80: milli: 920 url: "malware-url.com"
2 min, 17 second
User 57: milli: 9 url: "mh2.manhunt.net"
User 26: milli: 31 url: "msa.iusm.iu.edu"
User 34: milli: 151 url: "d.tradex.openx.com"
User 58: milli: 301 url: "tags.bluekai.com"
User 60: milli: 307 url: "m.www.yahoo.com"
User 30: milli: 401 url: "googleads.g.doubleclick.net"
User 59: milli: 505 url: "ad.yieldmanager.com"
User 52: milli: 512 url: "adultswim.com"
User 21: milli: 535 url: "arienh4.net.nyud.net"
User 89: milli: 698 url: "cdn.statics.live.spongecell.com"
User 80: milli: 710 url: "image.baidu.com"
User 90: milli: 716 url: "allmovieportal.com"
User 99: milli: 861 url: "sesamestats.com"
User 88: milli: 937 url: "d.tradex.openx.com"
2 min, 18 second
User 40: milli: 129 url: "ads.brazzers.com"
User 4: milli: 197 url: "intimo.com"
User 78: milli: 311 url: "fms.indiana.edu"
User 57: milli: 326 url: "mh2.manhunt.net"
User 77: milli: 402 url: "facebook.com"
User 26: milli: 425 url: "search.yahoo.com"
User 88: milli: 547 url: "d.tradex.openx.com"
User 65: milli: 582 url: "ups.com"
User 67: milli: 626 url: "sesamestats.com"
User 80: milli: 825 url: "image.baidu.com"
User 41: milli: 862 url: "papajohnsonline.com"
User 81: milli: 925 url: "digg.com"
User 13: milli: 940 url: "ads.brazzers.com"
2 min, 19 second
User 32: milli: 194 url: "adultswim.com"
User 12: milli: 197 url: "mh2.manhunt.net"
User 60: milli: 354 url: "hv3.webstat.com"
User 4: milli: 359 url: "bs.serving-sys.com"
User 83: milli: 510 url: "d.tradex.openx.com"
User 31: milli: 615 url: "hv3.webstat.com"
User 80: milli: 615 url: "news3.xinhuanet.com"
User 88: milli: 640 url: "d.tradex.openx.com"
User 98: milli: 754 url: "ads.brazzers.com"
User 65: milli: 793 url: "espn-www.baynote.net"
User 19: milli: 805 url: "smashingstyles.com"
User 84: milli: 871 url: "rad.msn.com"
User 59: milli: 887 url: "so.tudou.com"
User 13: milli: 927 url: "qbic.hanafos.com"
User 58: milli: 960 url: "cubics.com"
