"/home/jethros/dev/pvn-utils/workload/p2p-workload.json"
torrent is : "zevenet-ce_v5.10.1-amd64.iso.torrent"
torrent is : "xubuntu-19.10-desktop-amd64.iso.torrent"
torrent is : "volumio-2.657-2019-10-18-x86.img.zip.torrent"
torrent is : "ubuntustudio-19.10-dvd-amd64.iso.torrent"
torrent is : "ubuntukylin-19.10-desktop-amd64.iso.torrent"
torrent is : "ubuntu-mate-19.10-desktop-amd64.iso.torrent"
torrent is : "ubuntu-budgie-19.10-desktop-amd64.iso.torrent"
torrent is : "ubuntu-19.10-live-server-amd64.iso.torrent"
torrent is : "ubuntu-19.10-desktop-amd64.iso.torrent"
torrent is : "ubuntu-19.04-live-server-amd64.iso.torrent"
torrent is : "ubuntu-19.04-desktop-amd64.iso.torrent"
torrent is : "ubuntu-18.04.3-live-server-amd64.iso.torrent"
torrent is : "ubuntu-18.04.3-desktop-amd64.iso.torrent"
torrent is : "ubuntu-16.04.6-server-i386.iso.torrent"
torrent is : "ubuntu-16.04.6-server-amd64.iso.torrent"
torrent is : "ubuntu-16.04.6-desktop-i386.iso.torrent"
torrent is : "ubuntu-16.04.6-desktop-amd64.iso.torrent"
torrent is : "ubuntu-14.04.6-server-i386.iso.torrent"
torrent is : "ubuntu-14.04.6-server-amd64.iso.torrent"
torrent is : "ubuntu-14.04.6-desktop-i386.iso.torrent"
torrent is : "ubuntu-14.04.6-desktop-amd64.iso.torrent"
torrent is : "ubuntu-12.04.5-server-i386.iso.torrent"
torrent is : "ubuntu-12.04.5-server-amd64.iso.torrent"
torrent is : "ubuntu-12.04.5-desktop-i386.iso.torrent"
torrent is : "ubuntu-12.04.5-desktop-amd64.iso.torrent"
torrent is : "ubuntu-12.04.5-alternate-i386.iso.torrent"
torrent is : "ubuntu-12.04.5-alternate-amd64.iso.torrent"
torrent is : "pop-os_19.10_amd64_nvidia_8.torrent"
torrent is : "pop-os_19.10_amd64_intel_8.iso.torrent"
torrent is : "ploplinux-19.4-x86_64.iso.torrent"
torrent is : "pclinuxos64-xfce-mini-2019.10.iso.torrent"
torrent is : "pclinuxos64-xfce-2019.10.iso.torrent"
torrent is : "pclinuxos64-MATE-2019.10.iso.torrent"
torrent is : "pclinuxos64-kde5-darkstar-2019.10.iso.torrent"
torrent is : "pclinuxos64-kde5-2019.10.iso.torrent"
torrent is : "openSUSE-Leap-42.3-DVD-x86_64.iso.torrent"
torrent is : "openSUSE-Leap-42.2-DVD-x86_64.iso.torrent"
torrent is : "openSUSE-Leap-15.1-DVD-x86_64.iso.torrent"
torrent is : "openSUSE-Leap-15.0-DVD-x86_64.iso.torrent"
torrent is : "NuTyX_x86_64-11.2.iso.torrent"
torrent is : "nixos-graphical-19.09.716.88bbb3c8096-x86_64-linux.iso.torrent"
torrent is : "neon-user-20191017-1116.iso.torrent"
torrent is : "lubuntu-19.10-desktop-amd64.iso.torrent"
torrent is : "kubuntu-19.10-desktop-amd64.iso.torrent"
torrent is : "FreeBSD-12.1-BETA3.torrent"
torrent is : "Feren%20OS%20x64.iso%202019%20July%20Snapshot.torrent"
torrent is : "debian-mac-10.2.0-i386-netinst.iso.torrent"
torrent is : "debian-mac-10.2.0-amd64-netinst.iso.torrent"
torrent is : "debian-mac-10.1.0-i386-netinst.iso.torrent"
torrent is : "debian-mac-10.1.0-amd64-netinst.iso.torrent"
torrent is : "debian-edu-10.2.0-i386-netinst.iso.torrent"
torrent is : "debian-edu-10.2.0-i386-BD-1.iso.torrent"
torrent is : "debian-edu-10.2.0-amd64-netinst.iso.torrent"
torrent is : "debian-edu-10.2.0-amd64-BD-1.iso.torrent"
torrent is : "debian-edu-10.1.0-i386-netinst.iso.torrent"
torrent is : "debian-edu-10.1.0-amd64-netinst.iso.torrent"
torrent is : "debian-10.2.0-source-DVD-14.iso.torrent"
torrent is : "debian-10.2.0-source-DVD-13.iso.torrent"
torrent is : "debian-10.2.0-source-DVD-12.iso.torrent"
torrent is : "debian-10.2.0-source-DVD-11.iso.torrent"
torrent is : "debian-10.2.0-source-DVD-10.iso.torrent"
torrent is : "debian-10.2.0-source-DVD-9.iso.torrent"
torrent is : "debian-10.2.0-source-DVD-8.iso.torrent"
torrent is : "debian-10.2.0-source-DVD-7.iso.torrent"
torrent is : "debian-10.2.0-source-DVD-6.iso.torrent"
torrent is : "debian-10.2.0-source-DVD-5.iso.torrent"
torrent is : "debian-10.2.0-source-DVD-4.iso.torrent"
torrent is : "debian-10.2.0-source-DVD-3.iso.torrent"
torrent is : "debian-10.2.0-source-DVD-2.iso.torrent"
torrent is : "debian-10.2.0-source-DVD-1.iso.torrent"
torrent is : "debian-10.2.0-s390x-xfce-CD-1.iso.torrent"
torrent is : "debian-10.2.0-s390x-netinst.iso.torrent"
torrent is : "debian-10.2.0-s390x-DVD-1.iso.torrent"
torrent is : "debian-10.2.0-ppc64el-xfce-CD-1.iso.torrent"
torrent is : "debian-10.2.0-ppc64el-netinst.iso.torrent"
torrent is : "debian-10.2.0-ppc64el-DVD-1.iso.torrent"
torrent is : "debian-10.2.0-mipsel-xfce-CD-1.iso.torrent"
torrent is : "debian-10.2.0-mipsel-netinst.iso.torrent"
torrent is : "debian-10.2.0-mipsel-DVD-1.iso.torrent"
torrent is : "debian-10.2.0-mips64el-xfce-CD-1.iso.torrent"
torrent is : "debian-10.2.0-mips64el-netinst.iso.torrent"
torrent is : "debian-10.2.0-mips64el-DVD-1.iso.torrent"
torrent is : "debian-10.2.0-mips-xfce-CD-1.iso.torrent"
torrent is : "debian-10.2.0-mips-netinst.iso.torrent"
torrent is : "debian-10.2.0-mips-DVD-1.iso.torrent"
torrent is : "debian-10.2.0-i386-xfce-CD-1.iso.torrent"
torrent is : "debian-10.2.0-i386-netinst.iso.torrent"
torrent is : "debian-10.2.0-i386-DVD-3.iso.torrent"
torrent is : "debian-10.2.0-i386-DVD-2.iso.torrent"
torrent is : "debian-10.2.0-i386-DVD-1.iso.torrent"
torrent is : "debian-10.2.0-armhf-xfce-CD-1.iso.torrent"
torrent is : "debian-10.2.0-armhf-netinst.iso.torrent"
torrent is : "debian-10.2.0-armhf-DVD-1.iso.torrent"
torrent is : "debian-10.2.0-armel-xfce-CD-1.iso.torrent"
torrent is : "debian-10.2.0-armel-netinst.iso.torrent"
torrent is : "debian-10.2.0-armel-DVD-1.iso.torrent"
torrent is : "debian-10.2.0-arm64-xfce-CD-1.iso.torrent"
torrent is : "debian-10.2.0-arm64-netinst.iso.torrent"
torrent is : "debian-10.2.0-arm64-DVD-1.iso.torrent"
torrent is : "debian-10.2.0-amd64-xfce-CD-1.iso.torrent"
torrent is : "debian-10.2.0-amd64-netinst.iso.torrent"
torrent is : "debian-10.2.0-amd64-i386-netinst.iso.torrent"
torrent is : "debian-10.2.0-amd64-DVD-3.iso.torrent"
torrent is : "debian-10.2.0-amd64-DVD-2.iso.torrent"
torrent is : "debian-10.2.0-amd64-DVD-1.iso.torrent"
torrent is : "debian-10.1.0-s390x-xfce-CD-1.iso.torrent"
torrent is : "debian-10.1.0-s390x-netinst.iso.torrent"
torrent is : "debian-10.1.0-s390x-DVD-1.iso.torrent"
torrent is : "debian-10.1.0-ppc64el-xfce-CD-1.iso.torrent"
torrent is : "debian-10.1.0-ppc64el-netinst.iso.torrent"
torrent is : "debian-10.1.0-ppc64el-DVD-1.iso.torrent"
torrent is : "debian-10.1.0-mipsel-xfce-CD-1.iso.torrent"
torrent is : "debian-10.1.0-mipsel-netinst.iso.torrent"
torrent is : "debian-10.1.0-mipsel-DVD-1.iso.torrent"
torrent is : "debian-10.1.0-mips64el-xfce-CD-1.iso.torrent"
torrent is : "debian-10.1.0-mips64el-netinst.iso.torrent"
torrent is : "debian-10.1.0-mips64el-DVD-1.iso.torrent"
torrent is : "debian-10.1.0-mips-xfce-CD-1.iso.torrent"
torrent is : "debian-10.1.0-mips-netinst.iso.torrent"
torrent is : "debian-10.1.0-mips-DVD-1.iso.torrent"
torrent is : "debian-10.1.0-i386-xfce-CD-1.iso.torrent"
torrent is : "debian-10.1.0-i386-netinst.iso.torrent"
torrent is : "debian-10.1.0-i386-DVD-3.iso.torrent"
torrent is : "debian-10.1.0-i386-DVD-2.iso.torrent"
torrent is : "debian-10.1.0-i386-DVD-1.iso.torrent"
torrent is : "debian-10.1.0-armhf-xfce-CD-1.iso.torrent"
torrent is : "debian-10.1.0-armhf-netinst.iso.torrent"
torrent is : "debian-10.1.0-armhf-DVD-1.iso.torrent"
torrent is : "debian-10.1.0-armel-xfce-CD-1.iso.torrent"
torrent is : "debian-10.1.0-armel-netinst.iso.torrent"
torrent is : "debian-10.1.0-armel-DVD-1.iso.torrent"
torrent is : "debian-10.1.0-arm64-xfce-CD-1.iso.torrent"
torrent is : "debian-10.1.0-arm64-netinst.iso.torrent"
torrent is : "debian-10.1.0-arm64-DVD-1.iso.torrent"
torrent is : "debian-10.1.0-amd64-xfce-CD-1.iso.torrent"
torrent is : "debian-10.1.0-amd64-i386-netinst.iso.torrent"
torrent is : "debian-10.1.0-amd64-DVD-3.iso.torrent"
torrent is : "debian-10.1.0-amd64-DVD-2.iso.torrent"
torrent is : "debian-10.1.0-amd64-DVD-1.iso.torrent"
torrent is : "coreos_production_iso_image.iso.torrent"
torrent is : "CentOS-Stream-x86_64-dvd1.torrent"
torrent is : "CentOS-Stream-x86_64-boot.torrent"
torrent is : "CentOS-Stream-ppc64le-dvd1.torrent"
torrent is : "CentOS-Stream-ppc64le-boot.torrent"
torrent is : "CentOS-Stream-aarch64-dvd1.torrent"
torrent is : "CentOS-Stream-aarch64-boot.torrent"
torrent is : "CentOS-8-x86_64-1905-dvd1.torrent"
torrent is : "CentOS-8-x86_64-1905-boot.torrent"
torrent is : "CentOS-8-ppc64le-1905-dvd1.torrent"
torrent is : "CentOS-8-ppc64le-1905-boot.torrent"
torrent is : "CentOS-8-aarch64-1905-dvd1.torrent"
torrent is : "CentOS-8-aarch64-1905-boot.torrent"
torrent is : "CentOS-7-x86_64-NetInstall-1908.torrent"
torrent is : "CentOS-7-x86_64-Minimal-1908.torrent"
torrent is : "CentOS-7-x86_64-LiveKDE-1908.torrent"
torrent is : "CentOS-7-x86_64-LiveGNOME-1908.torrent"
torrent is : "CentOS-7-x86_64-Everything-1908.torrent"
torrent is : "CentOS-7-x86_64-DVD-1908.torrent"
torrent is : "CentOS-6.10-x86_64-netinstall.torrent"
torrent is : "CentOS-6.10-x86_64-minimal.torrent"
torrent is : "CentOS-6.10-x86_64-LiveDVD.torrent"
torrent is : "CentOS-6.10-x86_64-bin-DVD1to2.torrent"
torrent is : "CentOS-6.10-i386-netinstall.torrent"
torrent is : "CentOS-6.10-i386-minimal.torrent"
torrent is : "CentOS-6.10-i386-LiveDVD.torrent"
torrent is : "CentOS-6.10-i386-bin-DVD1to2.torrent"
torrent is : "blackbuntu-1.0.1-20191001-gnome-amd64.iso.torrent"
torrent is : "arcolinux-v19.10.1.iso.torrent"
torrent is : "4MLinux-30.1-32bit.iso.torrent"
