[20:03] defenstration:~/d/m/s/rdr (master *) | cargo r
    Finished dev [unoptimized + debuginfo] target(s) in 0.30s
     Running `/Users/jethros/data/cargo-target/debug/rdr`

TMZ website

DEBUG: url content: "https://tmz.com/"
DEBUG: url content: "https://tmz.com/"
DEBUG: url content: "https://www.tmz.com/"
DEBUG: url content: "https://www.tmz.com/"
DEBUG: url content: "https://static.tmz.com/tmz-web/client/v1.3/main.desktop.f66e7d108e0aa5115452.css"
DEBUG: url content: "https://ajax.googleapis.com/ajax/libs/jquery/2.2.4/jquery.min.js"
DEBUG: jackpot! We have JS code
wrapper writer: [72, 84, 84, 80, 47, 49, 46, 50, 32, 50, 48, 48, 32, 79, 75, 13, 10, 83, 101, 114, 118, 101, 114, 58, 32, 116, 105, 110, 121, 45, 104, 116, 116, 112, 32, 40, 82, 117, 115, 116, 41, 13, 10, 68, 97, 116, 101, 58, 32, 87, 101, 100, 44, 32, 32, 50, 32, 79, 99, 116, 32, 50, 48, 49, 57, 32, 48, 48, 58, 48, 51, 58, 52, 51, 32, 71, 77, 84, 13, 10, 67, 111, 110, 116, 101, 110, 116, 45, 84, 121, 112, 101, 58, 32, 97, 112, 112, 108, 105, 99, 97, 116, 105, 111, 110, 47, 106, 97, 118, 97, 115, 99, 114, 105, 112, 116, 13, 10, 67, 111, 110, 116, 101, 110, 116, 45, 76, 101, 110, 103, 116, 104, 58, 32, 53, 54, 13, 10, 13, 10, 100, 111, 99, 117, 109, 101, 110, 116, 46, 98, 111, 100, 121, 46, 97, 112, 112, 101, 110, 100, 67, 104, 105, 108, 100, 40, 100, 111, 99, 117, 109, 101, 110, 116, 46, 99, 114, 101, 97, 116, 101, 69, 108, 101, 109, 101, 110, 116, 40, 34, 104, 114, 34, 41, 41, 59]
JS content: "SFRUUC8xLjIgMjAwIE9LDQpTZXJ2ZXI6IHRpbnktaHR0cCAoUnVzdCkNCkRhdGU6IFdlZCwgIDIgT2N0IDIwMTkgMDA6MDM6NDMgR01UDQpDb250ZW50LVR5cGU6IGFwcGxpY2F0aW9uL2phdmFzY3JpcHQNCkNvbnRlbnQtTGVuZ3RoOiA1Ng0KDQpkb2N1bWVudC5ib2R5LmFwcGVuZENoaWxkKGRvY3VtZW50LmNyZWF0ZUVsZW1lbnQoImhyIikpOw=="
DEBUG: url content: "https://static.tmz.com/tmz-web/client/v1.3/main.desktop.6a6c745f.js"
DEBUG: jackpot! We have JS code
wrapper writer: [72, 84, 84, 80, 47, 49, 46, 50, 32, 50, 48, 48, 32, 79, 75, 13, 10, 83, 101, 114, 118, 101, 114, 58, 32, 116, 105, 110, 121, 45, 104, 116, 116, 112, 32, 40, 82, 117, 115, 116, 41, 13, 10, 68, 97, 116, 101, 58, 32, 87, 101, 100, 44, 32, 32, 50, 32, 79, 99, 116, 32, 50, 48, 49, 57, 32, 48, 48, 58, 48, 51, 58, 52, 51, 32, 71, 77, 84, 13, 10, 67, 111, 110, 116, 101, 110, 116, 45, 84, 121, 112, 101, 58, 32, 97, 112, 112, 108, 105, 99, 97, 116, 105, 111, 110, 47, 106, 97, 118, 97, 115, 99, 114, 105, 112, 116, 13, 10, 67, 111, 110, 116, 101, 110, 116, 45, 76, 101, 110, 103, 116, 104, 58, 32, 53, 54, 13, 10, 13, 10, 100, 111, 99, 117, 109, 101, 110, 116, 46, 98, 111, 100, 121, 46, 97, 112, 112, 101, 110, 100, 67, 104, 105, 108, 100, 40, 100, 111, 99, 117, 109, 101, 110, 116, 46, 99, 114, 101, 97, 116, 101, 69, 108, 101, 109, 101, 110, 116, 40, 34, 104, 114, 34, 41, 41, 59]
JS content: "SFRUUC8xLjIgMjAwIE9LDQpTZXJ2ZXI6IHRpbnktaHR0cCAoUnVzdCkNCkRhdGU6IFdlZCwgIDIgT2N0IDIwMTkgMDA6MDM6NDMgR01UDQpDb250ZW50LVR5cGU6IGFwcGxpY2F0aW9uL2phdmFzY3JpcHQNCkNvbnRlbnQtTGVuZ3RoOiA1Ng0KDQpkb2N1bWVudC5ib2R5LmFwcGVuZENoaWxkKGRvY3VtZW50LmNyZWF0ZUVsZW1lbnQoImhyIikpOw=="
DEBUG: url content: "https://www.googletagservices.com/tag/js/gpt.js"
DEBUG: jackpot! We have JS code
wrapper writer: [72, 84, 84, 80, 47, 49, 46, 50, 32, 50, 48, 48, 32, 79, 75, 13, 10, 83, 101, 114, 118, 101, 114, 58, 32, 116, 105, 110, 121, 45, 104, 116, 116, 112, 32, 40, 82, 117, 115, 116, 41, 13, 10, 68, 97, 116, 101, 58, 32, 87, 101, 100, 44, 32, 32, 50, 32, 79, 99, 116, 32, 50, 48, 49, 57, 32, 48, 48, 58, 48, 51, 58, 52, 51, 32, 71, 77, 84, 13, 10, 67, 111, 110, 116, 101, 110, 116, 45, 84, 121, 112, 101, 58, 32, 97, 112, 112, 108, 105, 99, 97, 116, 105, 111, 110, 47, 106, 97, 118, 97, 115, 99, 114, 105, 112, 116, 13, 10, 67, 111, 110, 116, 101, 110, 116, 45, 76, 101, 110, 103, 116, 104, 58, 32, 53, 54, 13, 10, 13, 10, 100, 111, 99, 117, 109, 101, 110, 116, 46, 98, 111, 100, 121, 46, 97, 112, 112, 101, 110, 100, 67, 104, 105, 108, 100, 40, 100, 111, 99, 117, 109, 101, 110, 116, 46, 99, 114, 101, 97, 116, 101, 69, 108, 101, 109, 101, 110, 116, 40, 34, 104, 114, 34, 41, 41, 59]
JS content: "SFRUUC8xLjIgMjAwIE9LDQpTZXJ2ZXI6IHRpbnktaHR0cCAoUnVzdCkNCkRhdGU6IFdlZCwgIDIgT2N0IDIwMTkgMDA6MDM6NDMgR01UDQpDb250ZW50LVR5cGU6IGFwcGxpY2F0aW9uL2phdmFzY3JpcHQNCkNvbnRlbnQtTGVuZ3RoOiA1Ng0KDQpkb2N1bWVudC5ib2R5LmFwcGVuZENoaWxkKGRvY3VtZW50LmNyZWF0ZUVsZW1lbnQoImhyIikpOw=="
DEBUG: url content: "https://static.tmz.com/tmz-web/client/v1.3/main.desktop.f66e7d108e0aa5115452.css"
DEBUG: url content: "https://dev.visualwebsiteoptimizer.com/j.php?a=298107&u=https%3A%2F%2Fwww.tmz.com%2F&f=1&r=0.8626647425805982"
DEBUG: url content: "https://c.amazon-adsystem.com/aax2/apstag.js"
DEBUG: jackpot! We have JS code
wrapper writer: [72, 84, 84, 80, 47, 49, 46, 50, 32, 50, 48, 48, 32, 79, 75, 13, 10, 83, 101, 114, 118, 101, 114, 58, 32, 116, 105, 110, 121, 45, 104, 116, 116, 112, 32, 40, 82, 117, 115, 116, 41, 13, 10, 68, 97, 116, 101, 58, 32, 87, 101, 100, 44, 32, 32, 50, 32, 79, 99, 116, 32, 50, 48, 49, 57, 32, 48, 48, 58, 48, 51, 58, 52, 51, 32, 71, 77, 84, 13, 10, 67, 111, 110, 116, 101, 110, 116, 45, 84, 121, 112, 101, 58, 32, 97, 112, 112, 108, 105, 99, 97, 116, 105, 111, 110, 47, 106, 97, 118, 97, 115, 99, 114, 105, 112, 116, 13, 10, 67, 111, 110, 116, 101, 110, 116, 45, 76, 101, 110, 103, 116, 104, 58, 32, 53, 54, 13, 10, 13, 10, 100, 111, 99, 117, 109, 101, 110, 116, 46, 98, 111, 100, 121, 46, 97, 112, 112, 101, 110, 100, 67, 104, 105, 108, 100, 40, 100, 111, 99, 117, 109, 101, 110, 116, 46, 99, 114, 101, 97, 116, 101, 69, 108, 101, 109, 101, 110, 116, 40, 34, 104, 114, 34, 41, 41, 59]
JS content: "SFRUUC8xLjIgMjAwIE9LDQpTZXJ2ZXI6IHRpbnktaHR0cCAoUnVzdCkNCkRhdGU6IFdlZCwgIDIgT2N0IDIwMTkgMDA6MDM6NDMgR01UDQpDb250ZW50LVR5cGU6IGFwcGxpY2F0aW9uL2phdmFzY3JpcHQNCkNvbnRlbnQtTGVuZ3RoOiA1Ng0KDQpkb2N1bWVudC5ib2R5LmFwcGVuZENoaWxkKGRvY3VtZW50LmNyZWF0ZUVsZW1lbnQoImhyIikpOw=="
DEBUG: url content: "https://www.googletagmanager.com/gtm.js?id=GTM-KTN543J&gtm_cookies_win=x"
DEBUG: url content: "https://static.tmz.com/tmz-web/client/v1.3/fonts/proxima-nova-extra-condensed/black-webfont.woff2"
DEBUG: url content: "https://www.googletagmanager.com/gtm.js?id=GTM-KTN543J&gtm_cookies_win=x"
DEBUG: url content: "https://dev.visualwebsiteoptimizer.com/j.php?a=298107&u=https%3A%2F%2Fwww.tmz.com%2F&f=1&r=0.8626647425805982"
DEBUG: url content: "https://static.tmz.com/tmz-web/client/v1.3/fonts/sourcesanspro/SourceSansPro-Regular.woff2"
DEBUG: url content: "https://static.tmz.com/tmz-web/client/v1.3/fonts/proxima-nova-extra-condensed/black-webfont.woff2"
DEBUG: url content: "https://static.tmz.com/tmz-web/client/v1.3/fonts/sourcesanspro/SourceSansPro-Regular.woff2"
DEBUG: url content: "https://dev.visualwebsiteoptimizer.com/6.0/vanj-fb17988e6f40adf1c978b002a40f6de9.js"
DEBUG: jackpot! We have JS code
wrapper writer: [72, 84, 84, 80, 47, 49, 46, 50, 32, 50, 48, 48, 32, 79, 75, 13, 10, 83, 101, 114, 118, 101, 114, 58, 32, 116, 105, 110, 121, 45, 104, 116, 116, 112, 32, 40, 82, 117, 115, 116, 41, 13, 10, 68, 97, 116, 101, 58, 32, 87, 101, 100, 44, 32, 32, 50, 32, 79, 99, 116, 32, 50, 48, 49, 57, 32, 48, 48, 58, 48, 51, 58, 52, 51, 32, 71, 77, 84, 13, 10, 67, 111, 110, 116, 101, 110, 116, 45, 84, 121, 112, 101, 58, 32, 97, 112, 112, 108, 105, 99, 97, 116, 105, 111, 110, 47, 106, 97, 118, 97, 115, 99, 114, 105, 112, 116, 13, 10, 67, 111, 110, 116, 101, 110, 116, 45, 76, 101, 110, 103, 116, 104, 58, 32, 53, 54, 13, 10, 13, 10, 100, 111, 99, 117, 109, 101, 110, 116, 46, 98, 111, 100, 121, 46, 97, 112, 112, 101, 110, 100, 67, 104, 105, 108, 100, 40, 100, 111, 99, 117, 109, 101, 110, 116, 46, 99, 114, 101, 97, 116, 101, 69, 108, 101, 109, 101, 110, 116, 40, 34, 104, 114, 34, 41, 41, 59]
JS content: "SFRUUC8xLjIgMjAwIE9LDQpTZXJ2ZXI6IHRpbnktaHR0cCAoUnVzdCkNCkRhdGU6IFdlZCwgIDIgT2N0IDIwMTkgMDA6MDM6NDMgR01UDQpDb250ZW50LVR5cGU6IGFwcGxpY2F0aW9uL2phdmFzY3JpcHQNCkNvbnRlbnQtTGVuZ3RoOiA1Ng0KDQpkb2N1bWVudC5ib2R5LmFwcGVuZENoaWxkKGRvY3VtZW50LmNyZWF0ZUVsZW1lbnQoImhyIikpOw=="
DEBUG: url content: "https://dev.visualwebsiteoptimizer.com/v.gif?a=298107&d=tmz.com&u=D55C236A64D8F74C1D757B7302C2DC99F&h=c9ffa3ad50926d4cd434b9bfb040127e&t=false&r=0.26784913168998226"
DEBUG: url content: "https://static.tmz.com/tmz-web/client/v1.3/fonts/sourcesanspro/SourceSansPro-Bold.woff2"
DEBUG: url content: "https://static.tmz.com/tmz-web/client/v1.3/fonts/sourcesanspro/SourceSansPro-Semibold.woff2"
DEBUG: url content: "https://static.tmz.com/tmz-web/client/v1.3/fonts/proxima-nova-extra-condensed/black-webfont.woff2"
DEBUG: url content: "https://static.tmz.com/tmz-web/client/v1.3/fonts/cousine/Cousine-Regular.woff2"
DEBUG: url content: "https://static.tmz.com/tmz-web/client/v1.3/fonts/sourcesanspro/SourceSansPro-Regular.woff2"
DEBUG: url content: "https://dev.visualwebsiteoptimizer.com/v.gif?a=298107&d=tmz.com&u=D55C236A64D8F74C1D757B7302C2DC99F&h=c9ffa3ad50926d4cd434b9bfb040127e&t=false&r=0.26784913168998226"
DEBUG: url content: "https://imagez.tmz.com/image/ba/16by9/2019/10/01/ba10460e8c944cd68dcad141cf8d00b9_xs.jpg"
DEBUG: url content: "https://imagez.tmz.com/image/dd/16by9/2019/09/30/dd9964a4022345e3a32b43b70e697bd4_xs.jpg"
DEBUG: url content: "https://imagez.tmz.com/image/de/16by9/2019/10/01/de877038ad1442d7abda043de8130aee_xs.jpg"
DEBUG: url content: "https://imagez.tmz.com/image/58/16by9/2019/09/30/5852980d09274fa488155784e5317e05_xs.jpg"
DEBUG: url content: "https://imagez.tmz.com/image/e2/16by9/2019/09/30/e2508d469ad345599a03638c96c7ecf2_xs.jpg"
DEBUG: url content: "https://imagez.tmz.com/image/8e/4by3/2019/10/01/8eec7b3fc3e8455bb142685e7d72e0e8_md.jpg"
DEBUG: url content: "https://imagez.tmz.com/image/be/4by3/2019/10/01/be1cc0cf11294268a64b3770c148cb9c_md.jpg"
DEBUG: url content: "https://imagez.tmz.com/image/6b/4by3/2019/10/01/6bc9305ef69f40e9b917b4cc2990341e_md.jpg"
DEBUG: url content: "https://static.tmz.com/tmz-web/client/v1.3/fonts/sourcesanspro/SourceSansPro-Bold.woff2"
DEBUG: url content: "https://static.tmz.com/tmz-web/client/v1.3/fonts/sourcesanspro/SourceSansPro-Semibold.woff2"
DEBUG: url content: "https://static.tmz.com/tmz-web/client/v1.3/fonts/cousine/Cousine-Regular.woff2"
DEBUG: url content: "https://static.tmz.com/tmz-web/client/v1.3/fonts/sourcesanspro/SourceSansPro-Bold.woff2"
DEBUG: url content: "https://static.tmz.com/tmz-web/client/v1.3/fonts/sourcesanspro/SourceSansPro-Semibold.woff2"
DEBUG: url content: "https://cdn.cookielaw.org/consent/a51c2d8c-5d3e-4d29-b15c-5d7d944c2809.js"
DEBUG: jackpot! We have JS code
wrapper writer: [72, 84, 84, 80, 47, 49, 46, 50, 32, 50, 48, 48, 32, 79, 75, 13, 10, 83, 101, 114, 118, 101, 114, 58, 32, 116, 105, 110, 121, 45, 104, 116, 116, 112, 32, 40, 82, 117, 115, 116, 41, 13, 10, 68, 97, 116, 101, 58, 32, 87, 101, 100, 44, 32, 32, 50, 32, 79, 99, 116, 32, 50, 48, 49, 57, 32, 48, 48, 58, 48, 51, 58, 52, 51, 32, 71, 77, 84, 13, 10, 67, 111, 110, 116, 101, 110, 116, 45, 84, 121, 112, 101, 58, 32, 97, 112, 112, 108, 105, 99, 97, 116, 105, 111, 110, 47, 106, 97, 118, 97, 115, 99, 114, 105, 112, 116, 13, 10, 67, 111, 110, 116, 101, 110, 116, 45, 76, 101, 110, 103, 116, 104, 58, 32, 53, 54, 13, 10, 13, 10, 100, 111, 99, 117, 109, 101, 110, 116, 46, 98, 111, 100, 121, 46, 97, 112, 112, 101, 110, 100, 67, 104, 105, 108, 100, 40, 100, 111, 99, 117, 109, 101, 110, 116, 46, 99, 114, 101, 97, 116, 101, 69, 108, 101, 109, 101, 110, 116, 40, 34, 104, 114, 34, 41, 41, 59]
JS content: "SFRUUC8xLjIgMjAwIE9LDQpTZXJ2ZXI6IHRpbnktaHR0cCAoUnVzdCkNCkRhdGU6IFdlZCwgIDIgT2N0IDIwMTkgMDA6MDM6NDMgR01UDQpDb250ZW50LVR5cGU6IGFwcGxpY2F0aW9uL2phdmFzY3JpcHQNCkNvbnRlbnQtTGVuZ3RoOiA1Ng0KDQpkb2N1bWVudC5ib2R5LmFwcGVuZENoaWxkKGRvY3VtZW50LmNyZWF0ZUVsZW1lbnQoImhyIikpOw=="
DEBUG: url content: "https://static.tmz.com/tmz-web/client/v1.3/fonts/cousine/Cousine-Regular.woff2"
DEBUG: url content: "https://imagez.tmz.com/image/e2/16by9/2019/09/30/e2508d469ad345599a03638c96c7ecf2_xs.jpg"
DEBUG: url content: "https://imagez.tmz.com/image/dd/16by9/2019/09/30/dd9964a4022345e3a32b43b70e697bd4_xs.jpg"
DEBUG: url content: "https://imagez.tmz.com/image/ba/16by9/2019/10/01/ba10460e8c944cd68dcad141cf8d00b9_xs.jpg"
DEBUG: url content: "https://imagez.tmz.com/image/de/16by9/2019/10/01/de877038ad1442d7abda043de8130aee_xs.jpg"
DEBUG: url content: "https://imagez.tmz.com/image/8e/4by3/2019/10/01/8eec7b3fc3e8455bb142685e7d72e0e8_md.jpg"
DEBUG: url content: "https://imagez.tmz.com/image/58/16by9/2019/09/30/5852980d09274fa488155784e5317e05_xs.jpg"
DEBUG: url content: "https://imagez.tmz.com/image/be/4by3/2019/10/01/be1cc0cf11294268a64b3770c148cb9c_md.jpg"
DEBUG: url content: "https://imagez.tmz.com/image/6b/4by3/2019/10/01/6bc9305ef69f40e9b917b4cc2990341e_md.jpg"
DEBUG: url content: "https://imagez.tmz.com/image/03/16by9/2019/09/29/0334b6a5a45b483faf6f9577472650e4_xs.jpg"
DEBUG: url content: "https://imagez.tmz.com/image/bf/16by9/2019/09/30/bf35fca8a6a74107b2e0c62cea6fe88d_xs.jpg"
DEBUG: url content: "https://imagez.tmz.com/image/03/16by9/2019/09/29/0334b6a5a45b483faf6f9577472650e4_xs.jpg"
DEBUG: url content: "https://imagez.tmz.com/image/bf/16by9/2019/09/30/bf35fca8a6a74107b2e0c62cea6fe88d_xs.jpg"
DEBUG: url content: "https://imagez.tmz.com/image/d0/16by9/2019/10/01/d039af2bf35a5657acf158cc6a3e1214_md.jpg"
DEBUG: url content: "https://imagez.tmz.com/image/0b/16by9/2019/10/01/0b32aee34b0d5c39a476bc99135b243f_md.jpg"
DEBUG: url content: "https://imagez.tmz.com/image/3b/4by3/2019/10/01/3bba2e06d0d74c638c30add085496d42_md.jpg"
DEBUG: url content: "https://static.tmz.com/tmz-web/client/v1.3/fonts/robotocondensed/RobotoCondensed-Bold.woff2"
DEBUG: url content: "https://imagez.tmz.com/image/d0/16by9/2019/10/01/d039af2bf35a5657acf158cc6a3e1214_md.jpg"
DEBUG: url content: "https://imagez.tmz.com/image/0b/16by9/2019/10/01/0b32aee34b0d5c39a476bc99135b243f_md.jpg"
DEBUG: url content: "https://imagez.tmz.com/image/3b/4by3/2019/10/01/3bba2e06d0d74c638c30add085496d42_md.jpg"
DEBUG: url content: "https://static.tmz.com/tmz-web/client/v1.3/fonts/robotocondensed/RobotoCondensed-Bold.woff2"
DEBUG: url content: "https://static.tmz.com/tmz-web/client/v1.3/fonts/robotocondensed/RobotoCondensed-Bold.woff2"

Google image search

DEBUG: url content: "http://www.google.com/images?q=co-thkoo"
DEBUG: url content: "http://www.google.com/images?q=co-thkoo"
DEBUG: url content: "http://www.google.com/search?q=co-thkoo&tbm=isch"
DEBUG: url content: "http://www.google.com/search?q=co-thkoo&tbm=isch"
DEBUG: url content: "https://www.google.com/search?q=co-thkoo&tbm=isch&gws_rd=ssl"
DEBUG: url content: "https://www.google.com/search?q=co-thkoo&tbm=isch&gws_rd=ssl"
DEBUG: url content: "https://fonts.gstatic.com/s/roboto/v18/KFOmCnqEu92Fr1Mu4mxKKTU1Kg.woff2"
DEBUG: url content: "https://fonts.gstatic.com/s/roboto/v18/KFOlCnqEu92Fr1MmWUlfBBc4AMP6lQ.woff2"
DEBUG: url content: "https://www.google.com/logos/doodles/2019/celebrating-dr-herbert-kleber-6753651837108229-s.png"
DEBUG: url content: "https://www.google.com/logos/doodles/2019/celebrating-dr-herbert-kleber-6753651837108229-s.png"
DEBUG: url content: "https://fonts.gstatic.com/s/roboto/v18/KFOmCnqEu92Fr1Mu4mxKKTU1Kg.woff2"
DEBUG: url content: "https://fonts.gstatic.com/s/roboto/v18/KFOlCnqEu92Fr1MmWUlfBBc4AMP6lQ.woff2"
DEBUG: url content: "https://ssl.gstatic.com/gb/images/v2_5174576c.png"
DEBUG: url content: "https://www.gstatic.com/images/icons/material/system/2x/photo_camera_grey600_24dp.png"
DEBUG: url content: "https://www.gstatic.com/images/branding/googlemic/2x/googlemic_color_24dp.png"
DEBUG: url content: "https://www.google.com/images/searchbox/desktop_searchbox_sprites302_hr.webp"
DEBUG: url content: "https://ssl.gstatic.com/ui/v1/zippy/arrow_down.png"
DEBUG: url content: "https://www.google.com/images/loading.gif"
DEBUG: url content: "https://fonts.gstatic.com/s/roboto/v18/KFOlCnqEu92Fr1MmWUlfBBc4AMP6lQ.woff2"
DEBUG: url content: "https://fonts.gstatic.com/s/roboto/v18/KFOmCnqEu92Fr1Mu4mxKKTU1Kg.woff2"
DEBUG: url content: "https://www.google.com/images/loading.gif"
DEBUG: url content: "https://ssl.gstatic.com/ui/v1/zippy/arrow_down.png"
DEBUG: url content: "https://www.google.com/images/searchbox/desktop_searchbox_sprites302_hr.webp"
DEBUG: url content: "https://ssl.gstatic.com/gb/images/v2_5174576c.png"
DEBUG: url content: "https://www.google.com/gen_204?atyp=i&ct=ispo&cad=&start=0&ndsp=6&ei=YOmTXaLsJ-G8ggfywYPwBw&zx=1569974625320"
DEBUG: url content: "https://id.google.com/verify/AAp5M_tTSkyN505IarxcbnardNjWEu5YPAaji18RWDhZ3pY44Y-EmeXlQ-b7OcHOeV7EmLbNloZ3s1t-sp8xuw9xTll8QKgchUhGIuYjgyrCJvDWPUJFYw"
DEBUG: url content: "https://www.gstatic.com/images/branding/googlemic/2x/googlemic_color_24dp.png"
DEBUG: url content: "https://www.gstatic.com/images/icons/material/system/2x/photo_camera_grey600_24dp.png"
DEBUG: url content: "https://www.google.com/gen_204?s=images&t=aft&atyp=csi&ei=YOmTXaLsJ-G8ggfywYPwBw&rt=wsrt.219,aft.574,prt.568,sct.494&bl=qAKh&ima=7&imad=6&imn=22"
DEBUG: url content: "https://www.google.com/gen_204?atyp=i&ct=ispo&cad=&start=0&ndsp=6&ei=YOmTXaLsJ-G8ggfywYPwBw&zx=1569974625320"
DEBUG: url content: "https://www.google.com/gen_204?s=images&t=aft&atyp=csi&ei=YOmTXaLsJ-G8ggfywYPwBw&rt=wsrt.219,aft.574,prt.568,sct.494&bl=qAKh&ima=7&imad=6&imn=22"
DEBUG: url content: "https://www.google.com/xjs/_/js/k=xjs.s.en_US.0dsTMzAjxPI.O/ck=xjs.s.mIBhBJKi0l8.L.W.O/m=Fkg7bd,HcFEGb,IvlUe,MC8mtf,OF7gzc,RMhBfe,T4BAC,TJw5qb,TbaHGc,Y33vzc,cdos,cr,hsm,iDPoPb,jsa,mvYTse,tg8oTe,uz938c,vWNDde,ws9Tlc,yQ43ff,d,csi/am=AgAAWATYBwgA-f8KgADgEwAAGIQLNlggDsSKYHUgAg/d=1/dg=2/ct=zgms/rs=ACT90oG7py-ACWdmTFqGBZKoEVT0WOFUXQ"
DEBUG: url content: "https://www.google.com/xjs/_/js/k=xjs.s.en_US.0dsTMzAjxPI.O/ck=xjs.s.mIBhBJKi0l8.L.W.O/m=Fkg7bd,HcFEGb,IvlUe,MC8mtf,OF7gzc,RMhBfe,T4BAC,TJw5qb,TbaHGc,Y33vzc,cdos,cr,hsm,iDPoPb,jsa,mvYTse,tg8oTe,uz938c,vWNDde,ws9Tlc,yQ43ff,d,csi/am=AgAAWATYBwgA-f8KgADgEwAAGIQLNlggDsSKYHUgAg/d=1/dg=2/ct=zgms/rs=ACT90oG7py-ACWdmTFqGBZKoEVT0WOFUXQ"
DEBUG: url content: "https://id.google.com/verify/AAp5M_tTSkyN505IarxcbnardNjWEu5YPAaji18RWDhZ3pY44Y-EmeXlQ-b7OcHOeV7EmLbNloZ3s1t-sp8xuw9xTll8QKgchUhGIuYjgyrCJvDWPUJFYw"
DEBUG: url content: "https://fonts.gstatic.com/s/roboto/v18/KFOmCnqEu92Fr1Mu5mxKKTU1Kvnz.woff2"
DEBUG: url content: "https://fonts.gstatic.com/s/roboto/v18/KFOmCnqEu92Fr1Mu5mxKKTU1Kvnz.woff2"
DEBUG: url content: "https://fonts.gstatic.com/s/roboto/v18/KFOmCnqEu92Fr1Mu5mxKKTU1Kvnz.woff2"
DEBUG: url content: "https://www.google.com/xjs/_/js/k=xjs.s.en_US.0dsTMzAjxPI.O/ck=xjs.s.mIBhBJKi0l8.L.W.O/am=AgAAWATYBwgA-f8KgADgEwAAGIQLNlggDsSKYHUgAg/d=1/exm=Fkg7bd,HcFEGb,IvlUe,MC8mtf,OF7gzc,RMhBfe,T4BAC,TJw5qb,TbaHGc,Y33vzc,cdos,cr,csi,d,hsm,iDPoPb,jsa,mvYTse,tg8oTe,uz938c,vWNDde,ws9Tlc,yQ43ff/ed=1/dg=2/ct=zgms/rs=ACT90oG7py-ACWdmTFqGBZKoEVT0WOFUXQ/m=GxIAgd,OG6ZHd,T6sTsf,T7XTS,Wq6lxf,XjCeUc,aa,aam1T,async,ebqyud,fEVMic,foot,lazG7b,m,mI3LFb,mUpTid,mu,oc8g5d,qZ1Udb,qi,qik19b,sb_wiz,sf,spch,str,wft,wkrYee,xz7cCd?xjs=s1"
DEBUG: url content: "https://www.google.com/xjs/_/js/k=xjs.s.en_US.0dsTMzAjxPI.O/ck=xjs.s.mIBhBJKi0l8.L.W.O/am=AgAAWATYBwgA-f8KgADgEwAAGIQLNlggDsSKYHUgAg/d=1/exm=Fkg7bd,HcFEGb,IvlUe,MC8mtf,OF7gzc,RMhBfe,T4BAC,TJw5qb,TbaHGc,Y33vzc,cdos,cr,csi,d,hsm,iDPoPb,jsa,mvYTse,tg8oTe,uz938c,vWNDde,ws9Tlc,yQ43ff/ed=1/dg=2/ct=zgms/rs=ACT90oG7py-ACWdmTFqGBZKoEVT0WOFUXQ/m=GxIAgd,OG6ZHd,T6sTsf,T7XTS,Wq6lxf,XjCeUc,aa,aam1T,async,ebqyud,fEVMic,foot,lazG7b,m,mI3LFb,mUpTid,mu,oc8g5d,qZ1Udb,qi,qik19b,sb_wiz,sf,spch,str,wft,wkrYee,xz7cCd?xjs=s1"
DEBUG: url content: "https://www.google.com/xjs/_/js/k=xjs.s.en_US.0dsTMzAjxPI.O/ck=xjs.s.mIBhBJKi0l8.L.W.O/am=AgAAWATYBwgA-f8KgADgEwAAGIQLNlggDsSKYHUgAg/d=1/exm=Fkg7bd,GxIAgd,HcFEGb,IvlUe,MC8mtf,OF7gzc,OG6ZHd,RMhBfe,T4BAC,T6sTsf,T7XTS,TJw5qb,TbaHGc,Wq6lxf,XjCeUc,Y33vzc,aa,aam1T,async,cdos,cr,csi,d,ebqyud,fEVMic,foot,hsm,iDPoPb,jsa,lazG7b,m,mI3LFb,mUpTid,mu,mvYTse,oc8g5d,qZ1Udb,qi,qik19b,sb_wiz,sf,spch,str,tg8oTe,uz938c,vWNDde,wft,wkrYee,ws9Tlc,xz7cCd,yQ43ff/ed=1/dg=2/ct=zgms/rs=ACT90oG7py-ACWdmTFqGBZKoEVT0WOFUXQ/m=Q7Rsec,d0xvhc?xjs=s2"
DEBUG: url content: "https://www.google.com/xjs/_/js/k=xjs.s.en_US.0dsTMzAjxPI.O/ck=xjs.s.mIBhBJKi0l8.L.W.O/am=AgAAWATYBwgA-f8KgADgEwAAGIQLNlggDsSKYHUgAg/d=1/exm=Fkg7bd,GxIAgd,HcFEGb,IvlUe,MC8mtf,OF7gzc,OG6ZHd,RMhBfe,T4BAC,T6sTsf,T7XTS,TJw5qb,TbaHGc,Wq6lxf,XjCeUc,Y33vzc,aa,aam1T,async,cdos,cr,csi,d,ebqyud,fEVMic,foot,hsm,iDPoPb,jsa,lazG7b,m,mI3LFb,mUpTid,mu,mvYTse,oc8g5d,qZ1Udb,qi,qik19b,sb_wiz,sf,spch,str,tg8oTe,uz938c,vWNDde,wft,wkrYee,ws9Tlc,xz7cCd,yQ43ff/ed=1/dg=2/ct=zgms/rs=ACT90oG7py-ACWdmTFqGBZKoEVT0WOFUXQ/m=Q7Rsec,d0xvhc?xjs=s2"
DEBUG: url content: "https://www.google.com/async/irc?vet=10ahUKEwiinLyeo_zkAhVhnuAKHfLgAH4Qo0EIswE..i&ved=0ahUKEwiinLyeo_zkAhVhnuAKHfLgAH4Qo0EIswE&yv=3&bih=600&biw=800&q=co-thkoo&async=iu:0,_id:irc_async,_pms:s,_jsfs:Ffpdje,_fmt:pc"
DEBUG: url content: "https://www.gstatic.com/og/_/js/k=og.og.en_US.AQRv_RK33Ro.O/rt=j/m=ld,gl,id,sd,p,vd,lod,eld,ip,dp,cpd,mud,aswid/exm=bt,base,bn,bu,cp,el,lo,sf,up,dd,aw,iw,gi,vi,pi,eq/d=1/ed=1/rs=AA2YrTu8mn65DjWuhQ2HAC-AIDxC0IKoXQ"
DEBUG: url content: "https://www.google.com/xjs/_/js/k=xjs.s.en_US.0dsTMzAjxPI.O/ck=xjs.s.mIBhBJKi0l8.L.W.O/am=AgAAWATYBwgA-f8KgADgEwAAGIQLNlggDsSKYHUgAg/d=1/exm=Fkg7bd,GxIAgd,HcFEGb,IvlUe,MC8mtf,OF7gzc,OG6ZHd,Q7Rsec,RMhBfe,T4BAC,T6sTsf,T7XTS,TJw5qb,TbaHGc,Wq6lxf,XjCeUc,Y33vzc,aa,aam1T,async,cdos,cr,csi,d,d0xvhc,ebqyud,fEVMic,foot,hsm,iDPoPb,jsa,lazG7b,m,mI3LFb,mUpTid,mu,mvYTse,oc8g5d,qZ1Udb,qi,qik19b,sb_wiz,sf,spch,str,tg8oTe,uz938c,vWNDde,wft,wkrYee,ws9Tlc,xz7cCd,yQ43ff/ed=1/dg=2/ct=zgms/rs=ACT90oG7py-ACWdmTFqGBZKoEVT0WOFUXQ/m=sYcebf?xjs=s2"
DEBUG: url content: "https://www.gstatic.com/og/_/js/k=og.og.en_US.AQRv_RK33Ro.O/rt=j/m=ld,gl,id,sd,p,vd,lod,eld,ip,dp,cpd,mud,aswid/exm=bt,base,bn,bu,cp,el,lo,sf,up,dd,aw,iw,gi,vi,pi,eq/d=1/ed=1/rs=AA2YrTu8mn65DjWuhQ2HAC-AIDxC0IKoXQ"
DEBUG: url content: "https://www.google.com/xjs/_/js/k=xjs.s.en_US.0dsTMzAjxPI.O/ck=xjs.s.mIBhBJKi0l8.L.W.O/am=AgAAWATYBwgA-f8KgADgEwAAGIQLNlggDsSKYHUgAg/d=1/exm=Fkg7bd,GxIAgd,HcFEGb,IvlUe,MC8mtf,OF7gzc,OG6ZHd,Q7Rsec,RMhBfe,T4BAC,T6sTsf,T7XTS,TJw5qb,TbaHGc,Wq6lxf,XjCeUc,Y33vzc,aa,aam1T,async,cdos,cr,csi,d,d0xvhc,ebqyud,fEVMic,foot,hsm,iDPoPb,jsa,lazG7b,m,mI3LFb,mUpTid,mu,mvYTse,oc8g5d,qZ1Udb,qi,qik19b,sb_wiz,sf,spch,str,tg8oTe,uz938c,vWNDde,wft,wkrYee,ws9Tlc,xz7cCd,yQ43ff/ed=1/dg=2/ct=zgms/rs=ACT90oG7py-ACWdmTFqGBZKoEVT0WOFUXQ/m=sYcebf?xjs=s2"
DEBUG: url content: "https://www.google.com/async/irc?vet=10ahUKEwiinLyeo_zkAhVhnuAKHfLgAH4Qo0EIswE..i&ved=0ahUKEwiinLyeo_zkAhVhnuAKHfLgAH4Qo0EIswE&yv=3&bih=600&biw=800&q=co-thkoo&async=iu:0,_id:irc_async,_pms:s,_jsfs:Ffpdje,_fmt:pc"
DEBUG: url content: "https://apis.google.com/_/scs/abc-static/_/js/k=gapi.gapi.en.4CFxRrSvxq0.O/m=gapi_iframes,googleapis_client,plusone/rt=j/sv=1/d=1/ed=1/rs=AHpOoo8skdVJHB5uqGRXCunlhzuKwaF7Ag/cb=gapi.loaded_0"
DEBUG: url content: "https://ogs.google.com/widget/app/so?hl=en&origin=https%3A%2F%2Fwww.google.com&pid=1&spid=2&usegapi=1"
DEBUG: url content: "https://www.google.com/blank.html"
DEBUG: url content: "https://www.google.com/blank.html"
DEBUG: url content: "https://www.google.com/blank.html"
DEBUG: url content: "https://www.google.com/blank.html"
DEBUG: url content: "https://www.google.com/blank.html"
DEBUG: url content: "https://www.google.com/blank.html"
DEBUG: url content: "https://www.google.com/blank.html"
DEBUG: url content: "https://www.google.com/blank.html"
DEBUG: url content: "https://apis.google.com/_/scs/abc-static/_/js/k=gapi.gapi.en.4CFxRrSvxq0.O/m=gapi_iframes,googleapis_client,plusone/rt=j/sv=1/d=1/ed=1/rs=AHpOoo8skdVJHB5uqGRXCunlhzuKwaF7Ag/cb=gapi.loaded_0"
DEBUG: url content: "https://www.google.com/blank.html"
DEBUG: url content: "https://www.google.com/blank.html"
DEBUG: url content: "https://www.google.com/blank.html"
DEBUG: url content: "https://www.gstatic.com/kpui/social/fb_32x32.png"
DEBUG: url content: "https://www.gstatic.com/kpui/social/twitter_32x32.png"
DEBUG: url content: "https://www.google.com/images/icons/material/system/1x/email_grey600_24dp.png"
DEBUG: url content: "https://www.google.com/xjs/_/js/k=xjs.s.en_US.0dsTMzAjxPI.O/ck=xjs.s.mIBhBJKi0l8.L.W.O/am=AgAAWATYBwgA-f8KgADgEwAAGIQLNlggDsSKYHUgAg/d=1/exm=Fkg7bd,GxIAgd,HcFEGb,IvlUe,MC8mtf,OF7gzc,OG6ZHd,Q7Rsec,RMhBfe,T4BAC,T6sTsf,T7XTS,TJw5qb,TbaHGc,Wq6lxf,XjCeUc,Y33vzc,aa,aam1T,async,cdos,cr,csi,d,d0xvhc,ebqyud,fEVMic,foot,hsm,iDPoPb,jsa,lazG7b,m,mI3LFb,mUpTid,mu,mvYTse,oc8g5d,qZ1Udb,qi,qik19b,sYcebf,sb_wiz,sf,spch,str,tg8oTe,uz938c,vWNDde,wft,wkrYee,ws9Tlc,xz7cCd,yQ43ff/ed=1/dg=2/ct=zgms/rs=ACT90oG7py-ACWdmTFqGBZKoEVT0WOFUXQ/m=XeLme?xjs=s2"
DEBUG: url content: "https://www.gstatic.com/kpui/social/fb_32x32.png"
DEBUG: url content: "https://www.gstatic.com/kpui/social/twitter_32x32.png"
DEBUG: url content: "https://www.google.com/xjs/_/js/k=xjs.s.en_US.0dsTMzAjxPI.O/ck=xjs.s.mIBhBJKi0l8.L.W.O/am=AgAAWATYBwgA-f8KgADgEwAAGIQLNlggDsSKYHUgAg/d=1/exm=Fkg7bd,GxIAgd,HcFEGb,IvlUe,MC8mtf,OF7gzc,OG6ZHd,Q7Rsec,RMhBfe,T4BAC,T6sTsf,T7XTS,TJw5qb,TbaHGc,Wq6lxf,XjCeUc,Y33vzc,aa,aam1T,async,cdos,cr,csi,d,d0xvhc,ebqyud,fEVMic,foot,hsm,iDPoPb,jsa,lazG7b,m,mI3LFb,mUpTid,mu,mvYTse,oc8g5d,qZ1Udb,qi,qik19b,sYcebf,sb_wiz,sf,spch,str,tg8oTe,uz938c,vWNDde,wft,wkrYee,ws9Tlc,xz7cCd,yQ43ff/ed=1/dg=2/ct=zgms/rs=ACT90oG7py-ACWdmTFqGBZKoEVT0WOFUXQ/m=XeLme?xjs=s2"
DEBUG: url content: "https://www.google.com/images/icons/material/system/1x/email_grey600_24dp.png"
DEBUG: url content: "https://ogs.google.com/widget/app/so?hl=en&origin=https%3A%2F%2Fwww.google.com&pid=1&spid=2&usegapi=1"
DEBUG: url content: "https://www.google.com/gen_204?atyp=csi&ei=YemTXfHhJeSm_Qbom7KgBQ&s=async&astyp=irc&ima=0&imn=6&rt=ttfb.50,st.52,aaft.66,acrt.66,art.172&zx=1569974625780"
DEBUG: url content: "https://www.google.com/gen_204?atyp=csi&ei=YOmTXaLsJ-G8ggfywYPwBw&s=images&t=all&bl=qAKh&imn=22&adh=&conn=onchange&ima=8&imad=6&ime=2&imeb=14&imeo=0&wh=600&scp=0&rt=sct.494,aft.574,iml.575,prt.568,xjsls.642,dcl.655,xjses.739,xjsee.775,xjs.775,ol.1029,wsrt.219,cst.29,dnst.0,rqst.679,rspt.566,sslt.23,rqstt.106,unt.70,cstt.77,dit.874&zx=1569974625785"
DEBUG: url content: "https://adservice.google.com/adsid/google/ui"
DEBUG: url content: "https://www.google.com/gen_204?atyp=csi&ei=YemTXfHhJeSm_Qbom7KgBQ&s=async&astyp=irc&ima=0&imn=6&rt=ttfb.50,st.52,aaft.66,acrt.66,art.172&zx=1569974625780"
DEBUG: url content: "https://www.google.com/gen_204?atyp=csi&ei=YOmTXaLsJ-G8ggfywYPwBw&s=images&t=all&bl=qAKh&imn=22&adh=&conn=onchange&ima=8&imad=6&ime=2&imeb=14&imeo=0&wh=600&scp=0&rt=sct.494,aft.574,iml.575,prt.568,xjsls.642,dcl.655,xjses.739,xjsee.775,xjs.775,ol.1029,wsrt.219,cst.29,dnst.0,rqst.679,rspt.566,sslt.23,rqstt.106,unt.70,cstt.77,dit.874&zx=1569974625785"
DEBUG: url content: "https://adservice.google.com/adsid/google/ui"
DEBUG: url content: "https://googleads.g.doubleclick.net/adsid/google/ui?gadsid=AORoGNQbOcjGP0Pn0vgHjNIJ6H36rMYYYoNc3DAg8Z1FWVchsWEwsnGicg"
DEBUG: url content: "https://googleads.g.doubleclick.net/adsid/google/ui?gadsid=AORoGNQbOcjGP0Pn0vgHjNIJ6H36rMYYYoNc3DAg8Z1FWVchsWEwsnGicg"
DEBUG: url content: "https://adservice.google.com/adsid/google/si?gadsid=AORoGNSQ1Hqi3pyaJu53tFx6nl4uCsBjN2akU-kBHwwcL8v32ZjUHWCJqA"
DEBUG: url content: "https://adservice.google.com/adsid/google/si?gadsid=AORoGNSQ1Hqi3pyaJu53tFx6nl4uCsBjN2akU-kBHwwcL8v32ZjUHWCJqA"
DEBUG: url content: "https://googleads.g.doubleclick.net/adsid/google/si?gadsid=AORoGNRU0y-17jKQDBkf5g8OwRdDNTEcTJUzyNpESi_Pf8U262gch8Cb_A"
DEBUG: url content: "https://googleads.g.doubleclick.net/adsid/google/si?gadsid=AORoGNRU0y-17jKQDBkf5g8OwRdDNTEcTJUzyNpESi_Pf8U262gch8Cb_A"
Screenshots successfully created.

