Workload is generated
All browsers are created 
0 min, 0 second
No workload for second 0
0 min, 1 second
User 38: milli: 275 url: "flybase.org"
0 min, 2 second
User 80: milli: 875 url: "thefutoncritic.com"
0 min, 3 second
User 62: milli: 236 url: "sesamestats.com"
User 38: milli: 634 url: "pathetic.org"
0 min, 4 second
User 98: milli: 207 url: "a.dlqm.net"
User 62: milli: 334 url: "sesamestats.com"
User 38: milli: 573 url: "woodweb.com"
0 min, 5 second
User 80: milli: 81 url: "youtube.com"
User 38: milli: 288 url: "deviantart.com"
User 18: milli: 521 url: "myspace.com"
User 62: milli: 976 url: "ad.yieldmanager.com"
0 min, 6 second
User 98: milli: 86 url: "youtube.com"
User 62: milli: 347 url: "anymobileanytime.sprint.com"
User 19: milli: 879 url: "teendestruction.com"
0 min, 7 second
User 98: milli: 299 url: "en.wikipedia.org"
User 62: milli: 339 url: "google.com"
User 66: milli: 644 url: "nba.com"
User 80: milli: 837 url: "bs.serving-sys.com"
0 min, 8 second
User 38: milli: 352 url: "facebook.com"
User 62: milli: 386 url: "a.photobucket.com"
User 18: milli: 477 url: "v.youku.com"
0 min, 9 second
User 62: milli: 75 url: "mergentonline.com"
User 66: milli: 249 url: "hcr.com"
User 38: milli: 477 url: "ads.brazzers.com"
User 80: milli: 661 url: "hcr.com"
User 18: milli: 734 url: "hv3.webstat.com"
User 19: milli: 874 url: "ad.doubleclick.net"
User 12: milli: 894 url: "burstbeacon.com"
User 98: milli: 909 url: "google.com"
0 min, 10 second
User 46: milli: 193 url: "kd.iu.edu"
User 38: milli: 278 url: "msn.foxsports.com"
User 80: milli: 564 url: "2l23l.com"
0 min, 11 second
User 38: milli: 116 url: "nba.com"
User 79: milli: 251 url: "bbs.20jh.net"
User 12: milli: 477 url: "a24.photo.store.qq.com"
User 66: milli: 846 url: "digg.com"
0 min, 12 second
User 80: milli: 30 url: "msn.foxsports.com"
User 98: milli: 251 url: "bulletins.myspace.com"
User 4: milli: 504 url: "kelley.iu.edu"
User 62: milli: 565 url: "goal.us.intellitxt.com"
User 66: milli: 999 url: "media.fastclick.net"
0 min, 13 second
User 80: milli: 257 url: "ad.doubleclick.net"
User 4: milli: 448 url: "designbliss.com"
User 62: milli: 568 url: "pdc.baidu.com"
User 72: milli: 742 url: "granite.medlib.iupui.edu"
User 98: milli: 937 url: "womenofyoutube.mevio.com"
0 min, 14 second
User 98: milli: 74 url: "lookup.avatars.yahoo.com"
User 62: milli: 305 url: "mergentonline.com"
User 46: milli: 487 url: "espn.go.com"
User 23: milli: 492 url: "searchjob.chinahr.com"
User 79: milli: 830 url: "fms.indiana.edu"
User 66: milli: 880 url: "blog.sina.com.cn"
User 72: milli: 910 url: "d.tradex.openx.com"
0 min, 15 second
User 79: milli: 54 url: "ad.scanmedios.com"
User 72: milli: 104 url: "cdn.eyewonder.com"
User 19: milli: 188 url: "facebook.com"
User 80: milli: 195 url: "hv3.webstat.com"
User 62: milli: 517 url: "home.myspace.com"
User 45: milli: 542 url: "xp.trafficmp.com"
User 18: milli: 647 url: "loginsvc.cyworld.com"
User 46: milli: 750 url: "qbic.hanafos.com"
0 min, 16 second
User 79: milli: 414 url: "adserving.cpxinteractive.com"
User 12: milli: 446 url: "a367.yahoofs.com"
User 72: milli: 484 url: "t.mookie1.com"
User 66: milli: 518 url: "arienh4.net.nyud.net"
User 62: milli: 880 url: "hv3.webstat.com"
0 min, 17 second
User 66: milli: 167 url: "cyworld.com"
User 45: milli: 225 url: "mp3.rhapsody.com"
User 4: milli: 334 url: "images.google.com"
User 18: milli: 428 url: "nate.com"
User 77: milli: 493 url: "novamov.com"
User 80: milli: 576 url: "ad.xtendmedia.com"
User 72: milli: 899 url: "bid.openx.net"
User 92: milli: 978 url: "anymobileanytime.sprint.com"
0 min, 18 second
User 66: milli: 309 url: "bs.serving-sys.com"
User 98: milli: 473 url: "news.bbc.co.uk"
User 92: milli: 502 url: "ads.brazzers.com"
User 79: milli: 625 url: "ent.sina.com.cn"
User 95: milli: 658 url: "ro-co1.exp.msn.com"
User 46: milli: 701 url: "sms.nate.com"
0 min, 19 second
User 79: milli: 49 url: "news.163.com"
User 4: milli: 53 url: "applian.com"
User 72: milli: 263 url: "d.tradex.openx.com"
User 45: milli: 296 url: "ask.com"
User 92: milli: 341 url: "arienh4.net.nyud.net"
User 98: milli: 469 url: "artnet.com"
User 23: milli: 513 url: "my.chinahr.com"
User 73: milli: 544 url: "ad.trafficmp.com"
User 12: milli: 872 url: "facebook.com"
0 min, 20 second
User 45: milli: 146 url: "ad.yieldmanager.com"
User 79: milli: 212 url: "news.163.com"
User 73: milli: 257 url: "ad.doubleclick.net"
User 37: milli: 306 url: "sesamestats.com"
User 77: milli: 419 url: "hi.baidu.com"
User 95: milli: 440 url: "95.webim0444.webim.myspace.com"
User 72: milli: 564 url: "d.tradex.openx.com"
User 92: milli: 711 url: "netv.sbs.co.kr"
User 80: milli: 967 url: "video-stats.video.google.com"
0 min, 21 second
User 79: milli: 12 url: "ads.brazzers.com"
User 95: milli: 33 url: "education.iupui.edu"
User 37: milli: 63 url: "hcr.com"
User 23: milli: 117 url: "stumbleupon.com"
User 46: milli: 125 url: "viewmorepics.myspace.com"
User 77: milli: 276 url: "bbc.co.uk"
User 12: milli: 593 url: "nbcsports.msnbc.com"
User 72: milli: 801 url: "d.tradex.openx.com"
0 min, 22 second
User 23: milli: 525 url: "facebook.com"
User 48: milli: 664 url: "graboid.com"
User 72: milli: 810 url: "cook.chem.indiana.edu"
User 79: milli: 933 url: "xp.trafficmp.com"
0 min, 23 second
User 45: milli: 138 url: "mp3.rhapsody.com"
User 92: milli: 353 url: "tags.bluekai.com"
User 37: milli: 376 url: "130.webim0316.webim.myspace.com"
User 48: milli: 510 url: "j.imwx.com"
User 4: milli: 612 url: "kd.iu.edu"
User 35: milli: 657 url: "youtube.com"
User 23: milli: 692 url: "marketwatch.com"
User 72: milli: 838 url: "chem.indiana.edu"
User 95: milli: 935 url: "xjjh.com"
0 min, 24 second
User 95: milli: 27 url: "sesamestats.com"
User 96: milli: 295 url: "photos-g.ak.fbcdn.net"
User 80: milli: 376 url: "web.adblade.com"
User 23: milli: 396 url: "people.com"
User 35: milli: 417 url: "video-stats.video.google.com"
User 77: milli: 550 url: "apple.com"
User 37: milli: 590 url: "ads.foodbuzz.com"
User 92: milli: 667 url: "bs.serving-sys.com"
User 48: milli: 709 url: "arienh4.net.nyud.net"
User 12: milli: 931 url: "m.www.yahoo.com"
User 73: milli: 995 url: "teendestruction.com"
0 min, 25 second
User 45: milli: 400 url: "womenofyoutube.mevio.com"
User 79: milli: 406 url: "gaiaonline.com"
User 96: milli: 565 url: "rockyou.com"
User 72: milli: 791 url: "d.tradex.openx.com"
User 95: milli: 825 url: "penciloflight.deviantart.com"
User 37: milli: 964 url: "ulib.iupui.edu"
User 90: milli: 982 url: "ads.brazzers.com"
0 min, 26 second
User 48: milli: 65 url: "content.pulse360.com"
User 45: milli: 76 url: "bbs.20jh.net"
User 96: milli: 174 url: "nba.com"
User 77: milli: 228 url: "xvideos.com"
User 23: milli: 288 url: "spike.com"
User 37: milli: 445 url: "news.cnet.com"
User 21: milli: 479 url: "new.facebook.com"
0 min, 27 second
User 92: milli: 185 url: "mlb.mlb.com"
User 38: milli: 211 url: "nm.newegg.com"
User 35: milli: 384 url: "cdn.eyewonder.com"
User 77: milli: 448 url: "api.choicestream.com"
User 98: milli: 636 url: "facebook.com"
User 37: milli: 653 url: "viewmorepics.myspace.com"
User 62: milli: 749 url: "boost.org"
User 23: milli: 756 url: "ss.uk.ask.com"
User 95: milli: 764 url: "d.tradex.openx.com"
0 min, 28 second
User 23: milli: 7 url: "video.baidu.com"
User 48: milli: 222 url: "hcr.com"
User 95: milli: 378 url: "d.tradex.openx.com"
User 3: milli: 477 url: "espn.go.com"
User 92: milli: 545 url: "ntv.co.jp"
User 21: milli: 567 url: "hcr.com"
User 73: milli: 972 url: "youtube.com"
0 min, 29 second
User 95: milli: 8 url: "deviantart.com"
User 90: milli: 62 url: "cheaptickets.com"
User 96: milli: 495 url: "blackboard.luc.edu"
User 73: milli: 518 url: "ad.yieldmanager.com"
User 17: milli: 529 url: "s.xvideos.com"
User 21: milli: 613 url: "hi.baidu.com"
User 98: milli: 649 url: "autocomplete.hk.search.yahoo.com"
User 35: milli: 755 url: "heraldtimesonline.com"
User 23: milli: 967 url: "fastbrowsersearch.com"
0 min, 30 second
User 35: milli: 188 url: "youtube.com"
User 45: milli: 201 url: "arienh4.net.nyud.net"
User 21: milli: 390 url: "google.com"
User 17: milli: 555 url: "media.brandreachsys.com"
User 12: milli: 599 url: "arienh4.net.nyud.net"
User 23: milli: 605 url: "social.bidsystem.com"
User 73: milli: 622 url: "sesamestats.com"
User 4: milli: 661 url: "deviantart.com"
User 80: milli: 722 url: "music.indiana.edu"
User 52: milli: 987 url: "img.cdn.betclick.com"
0 min, 31 second
User 52: milli: 11 url: "chosun.com"
User 74: milli: 140 url: "womenofyoutube.mevio.com"
User 3: milli: 574 url: "rl.storm8.com"
User 95: milli: 749 url: "d.tradex.openx.com"
User 17: milli: 835 url: "sports.yahoo.com"
User 48: milli: 904 url: "holytaco.com"
User 90: milli: 945 url: "video-stats.video.google.com"
User 35: milli: 955 url: "promos.fling.com"
0 min, 32 second
User 52: milli: 7 url: "pn2.adserver.yahoo.com"
User 12: milli: 405 url: "imgcache.qq.com"
User 17: milli: 406 url: "winter.metacafe.com"
User 92: milli: 421 url: "music.indiana.edu"
User 83: milli: 459 url: "images.google.com"
User 90: milli: 686 url: "arienh4.net.nyud.net"
User 79: milli: 728 url: "xjjh.com"
User 96: milli: 821 url: "ro-co1.exp.msn.com"
0 min, 33 second
User 73: milli: 45 url: "l.yimg.com"
User 21: milli: 292 url: "boost.org"
User 98: milli: 522 url: "gametrailers.com"
User 96: milli: 780 url: "sesamestats.com"
User 52: milli: 785 url: "wwpartner.taobao.com"
User 23: milli: 883 url: "graphics.fansonly.com"
0 min, 34 second
User 48: milli: 102 url: "graphics.fansonly.com"
User 90: milli: 177 url: "hcr.com"
User 66: milli: 240 url: "static1.photo.sina.com.cn"
User 83: milli: 304 url: "amazon.com"
User 45: milli: 356 url: "pagead2.googlesyndication.com"
User 35: milli: 368 url: "video-stats.video.google.com"
User 52: milli: 438 url: "ib.adnxs.com"
User 23: milli: 514 url: "digg.com"
User 62: milli: 517 url: "zhidao.baidu.com"
User 55: milli: 802 url: "blog.naver.com"
User 17: milli: 936 url: "arienh4.net.nyud.net"
0 min, 35 second
User 45: milli: 226 url: "tudou.com"
User 52: milli: 634 url: "womenofyoutube.mevio.com"
User 96: milli: 664 url: "facebook.com"
User 72: milli: 684 url: "secure-us.imrworldwide.com"
User 98: milli: 797 url: "aol.com"
User 55: milli: 913 url: "cnn.com"
User 21: milli: 990 url: "naver.com"
User 3: milli: 996 url: "facebook.com"
0 min, 36 second
User 3: milli: 227 url: "youtube.com"
User 55: milli: 259 url: "facebook.com"
User 46: milli: 314 url: "video.od.visiblemeasures.com"
User 94: milli: 349 url: "imeem.com"
User 66: milli: 410 url: "womenofyoutube.mevio.com"
User 38: milli: 419 url: "penciloflight.deviantart.com"
User 90: milli: 540 url: "hv3.webstat.com"
User 79: milli: 581 url: "blogger.com"
User 45: milli: 738 url: "ads.brazzers.com"
User 17: milli: 918 url: "flybase.org"
User 21: milli: 946 url: "video-stats.video.google.com"
0 min, 37 second
User 98: milli: 123 url: "bcp.crwdcntrl.net"
User 43: milli: 343 url: "bk.pps.tv"
User 21: milli: 486 url: "cinemassacre.com"
User 52: milli: 537 url: "ad.reduxmedia.com"
User 17: milli: 582 url: "weather.com"
0 min, 38 second
User 17: milli: 165 url: "core.insightexpressai.com"
User 77: milli: 184 url: "ads.veldev.net"
User 87: milli: 231 url: "amazon.com"
User 55: milli: 304 url: "v2.tudou.com"
User 72: milli: 320 url: "d.tradex.openx.com"
User 94: milli: 520 url: "focusbaiduafp.allyes.com"
User 43: milli: 587 url: "google.com"
User 23: milli: 614 url: "en.wikibooks.org"
User 83: milli: 719 url: "youtube.com"
User 98: milli: 774 url: "video-stats.video.google.com"
User 66: milli: 781 url: "trumba.com"
User 96: milli: 828 url: "mail.nate.com"
User 52: milli: 915 url: "arienh4.net.nyud.net"
User 19: milli: 966 url: "insider.msg.yahoo.com"
0 min, 39 second
User 48: milli: 13 url: "graphics.fansonly.com"
User 43: milli: 383 url: "watch-movies.net.in"
User 94: milli: 399 url: "video-stats.video.google.com"
User 23: milli: 689 url: "ad.yieldmanager.com"
User 35: milli: 820 url: "google.com"
User 77: milli: 848 url: "hv3.webstat.com"
User 52: milli: 936 url: "target.com"
User 55: milli: 949 url: "womenofyoutube.mevio.com"
0 min, 40 second
User 21: milli: 378 url: "club.limeusa.com"
User 17: milli: 523 url: "flybase.org"
User 60: milli: 539 url: "kelley.iu.edu"
User 74: milli: 732 url: "msn.foxsports.com"
0 min, 41 second
User 94: milli: 173 url: "imeem.com"
User 52: milli: 178 url: "stat.tudou.com"
User 30: milli: 235 url: "amazon.com"
User 98: milli: 304 url: "investopedia.com"
User 35: milli: 341 url: "target.com"
User 73: milli: 588 url: "vh1.com"
User 4: milli: 652 url: "facebook.com"
User 83: milli: 699 url: "pageview.gomtv.com"
User 60: milli: 708 url: "womenofyoutube.mevio.com"
User 55: milli: 758 url: "ad.yieldmanager.com"
User 21: milli: 760 url: "blog.naver.com"
User 43: milli: 787 url: "boost.org"
0 min, 42 second
User 55: milli: 63 url: "js.tudouui.com"
User 90: milli: 128 url: "ad.yieldmanager.com"
User 30: milli: 174 url: "br.fling.com"
User 33: milli: 259 url: "mymsn.hotmail.msn.com"
User 98: milli: 277 url: "veoh.com"
User 60: milli: 345 url: "newyorkinjurycases.com"
User 43: milli: 348 url: "vodguide.pps.tv"
User 74: milli: 459 url: "facebook.com"
User 35: milli: 479 url: "ads.brazzers.com"
User 3: milli: 609 url: "womenofyoutube.mevio.com"
User 45: milli: 686 url: "focusbaiduafp.allyes.com"
0 min, 43 second
User 37: milli: 25 url: "ib.adnxs.com"
User 83: milli: 32 url: "video-stats.video.google.com"
User 43: milli: 125 url: "lduhtrp.net"
User 98: milli: 193 url: "womenofyoutube.mevio.com"
User 72: milli: 363 url: "sports.163.com"
User 30: milli: 465 url: "ad.yieldmanager.com"
User 55: milli: 601 url: "community.livejournal.com"
User 35: milli: 626 url: "merriam-webster.com"
User 87: milli: 726 url: "penciloflight.deviantart.com"
User 60: milli: 752 url: "womenofyoutube.mevio.com"
User 38: milli: 764 url: "pathetic.org"
User 33: milli: 864 url: "youtube.com"
User 52: milli: 882 url: "mail.google.com"
0 min, 44 second
User 45: milli: 3 url: "ads.revsci.net"
User 19: milli: 36 url: "insider.msg.yahoo.com"
User 21: milli: 182 url: "imgcache.qq.com"
User 62: milli: 244 url: "msn.allyes.com"
User 46: milli: 252 url: "afe.specificclick.net"
User 30: milli: 316 url: "proquest.umi.com"
User 35: milli: 492 url: "mail.google.com"
User 60: milli: 502 url: "google.com"
User 72: milli: 823 url: "secure-us.imrworldwide.com"
User 87: milli: 885 url: "afe.specificclick.net"
User 95: milli: 895 url: "facebook.com"
User 94: milli: 965 url: "msn.foxsports.com"
0 min, 45 second
User 60: milli: 29 url: "bing.com"
User 10: milli: 181 url: "penciloflight.deviantart.com"
User 94: milli: 336 url: "en.wikipedia.org"
User 46: milli: 351 url: "2.gvt0.cn"
User 87: milli: 547 url: "deviantart.com"
User 72: milli: 573 url: "d.tradex.openx.com"
User 95: milli: 620 url: "bbs.20jh.net"
User 77: milli: 629 url: "facebook.com"
User 23: milli: 653 url: "msn.foxsports.com"
User 92: milli: 716 url: "myspace.com"
User 4: milli: 836 url: "elpais.com"
User 55: milli: 900 url: "qbic.hanafos.com"
0 min, 46 second
User 87: milli: 23 url: "viewmorepics.myspace.com"
User 30: milli: 90 url: "scs.indiana.edu"
User 43: milli: 197 url: "naver.com"
User 66: milli: 387 url: "signup4.hanafos.com"
User 72: milli: 398 url: "granite.medlib.iupui.edu"
User 52: milli: 442 url: "www2.im.alisoft.com"
User 45: milli: 546 url: "aim.com"
User 33: milli: 707 url: "nba.com"
User 47: milli: 747 url: "bing.com"
User 18: milli: 783 url: "hcr.com"
User 60: milli: 785 url: "fconline.foundationcenter.org"
User 10: milli: 878 url: "google.com"
User 35: milli: 907 url: "mail.live.com"
User 98: milli: 959 url: "video-stats.video.google.com"
0 min, 47 second
User 86: milli: 146 url: "nnn.novoteka.ru"
User 96: milli: 262 url: "img.4chan.org"
User 43: milli: 367 url: "twitter.com"
User 45: milli: 437 url: "qbic.hanafos.com"
User 46: milli: 529 url: "soaps.com"
User 47: milli: 745 url: "concreteloop.com"
User 35: milli: 749 url: "mathworld.wolfram.com"
User 30: milli: 767 url: "merriam-webster.com"
User 33: milli: 805 url: "hcr.com"
User 94: milli: 939 url: "video.google.com"
0 min, 48 second
User 37: milli: 23 url: "facebook.com"
User 50: milli: 138 url: "us.mg4.mail.yahoo.com"
User 95: milli: 140 url: "msn.com"
User 10: milli: 313 url: "ad.doubleclick.net"
User 77: milli: 462 url: "boost.org"
User 86: milli: 467 url: "love.mail.ru"
User 46: milli: 478 url: "google.com"
User 92: milli: 510 url: "profile.myspace.com"
User 72: milli: 519 url: "facebook.com"
User 43: milli: 522 url: "manager-ams.mk.co.kr"
User 87: milli: 552 url: "ad.yieldmanager.com"
User 60: milli: 650 url: "gamermodz.com"
User 47: milli: 922 url: "ads.brazzers.com"
User 30: milli: 980 url: "aolsvc.merriam-webster.aol.com"
0 min, 49 second
User 45: milli: 3 url: "videogamesblogger.com"
User 18: milli: 71 url: "club.cyworld.com"
User 35: milli: 87 url: "sn117w.snt117.mail.live.com"
User 61: milli: 98 url: "topics.cnn.com"
User 33: milli: 117 url: "amazon.com"
User 60: milli: 616 url: "i.together.blog.163.com"
User 21: milli: 750 url: "google.com"
User 46: milli: 879 url: "realestate.yahoo.com"
User 50: milli: 882 url: "banners.getiton.com"
User 30: milli: 960 url: "digg.com"
